[14.847s] Invoking command in '/home/projects/ros2_ws/src/ucsd_robocar_hub2/ucsd_robocar_nav2_pkg': PYTHONPATH=/home/projects/ros2_ws/install/ucsd_robocar_nav2_pkg/lib/python3.8/site-packages:${PYTHONPATH} /usr/bin/python3 setup.py egg_info --egg-base ../../../build/ucsd_robocar_nav2_pkg build --build-base /home/projects/ros2_ws/build/ucsd_robocar_nav2_pkg/build install --prefix /home/projects/ros2_ws/install/ucsd_robocar_nav2_pkg --record /home/projects/ros2_ws/build/ucsd_robocar_nav2_pkg/install.log --single-version-externally-managed
[17.087s] /usr/local/lib/python3.8/dist-packages/setuptools/dist.py:717: UserWarning: Usage of dash-separated 'script-dir' will not be supported in future versions. Please use the underscore name 'script_dir' instead
[17.087s]   warnings.warn(
[17.088s] /usr/local/lib/python3.8/dist-packages/setuptools/dist.py:717: UserWarning: Usage of dash-separated 'install-scripts' will not be supported in future versions. Please use the underscore name 'install_scripts' instead
[17.089s]   warnings.warn(
[17.292s] running egg_info
[17.293s] creating ../../../build/ucsd_robocar_nav2_pkg/ucsd_robocar_nav2_pkg.egg-info
[17.294s] writing ../../../build/ucsd_robocar_nav2_pkg/ucsd_robocar_nav2_pkg.egg-info/PKG-INFO
[17.295s] writing dependency_links to ../../../build/ucsd_robocar_nav2_pkg/ucsd_robocar_nav2_pkg.egg-info/dependency_links.txt
[17.296s] writing entry points to ../../../build/ucsd_robocar_nav2_pkg/ucsd_robocar_nav2_pkg.egg-info/entry_points.txt
[17.297s] writing requirements to ../../../build/ucsd_robocar_nav2_pkg/ucsd_robocar_nav2_pkg.egg-info/requires.txt
[17.297s] writing top-level names to ../../../build/ucsd_robocar_nav2_pkg/ucsd_robocar_nav2_pkg.egg-info/top_level.txt
[17.310s] writing manifest file '../../../build/ucsd_robocar_nav2_pkg/ucsd_robocar_nav2_pkg.egg-info/SOURCES.txt'
[17.322s] reading manifest file '../../../build/ucsd_robocar_nav2_pkg/ucsd_robocar_nav2_pkg.egg-info/SOURCES.txt'
[17.327s] writing manifest file '../../../build/ucsd_robocar_nav2_pkg/ucsd_robocar_nav2_pkg.egg-info/SOURCES.txt'
[17.328s] running build
[17.329s] running build_py
[17.329s] creating /home/projects/ros2_ws/build/ucsd_robocar_nav2_pkg/build
[17.330s] creating /home/projects/ros2_ws/build/ucsd_robocar_nav2_pkg/build/lib
[17.330s] creating /home/projects/ros2_ws/build/ucsd_robocar_nav2_pkg/build/lib/ucsd_robocar_nav2_pkg
[17.331s] copying ucsd_robocar_nav2_pkg/__init__.py -> /home/projects/ros2_ws/build/ucsd_robocar_nav2_pkg/build/lib/ucsd_robocar_nav2_pkg
[17.331s] running install
[17.338s] running install_lib
[17.342s] creating /home/projects/ros2_ws/install/ucsd_robocar_nav2_pkg/lib/python3.8/site-packages/ucsd_robocar_nav2_pkg
[17.343s] copying /home/projects/ros2_ws/build/ucsd_robocar_nav2_pkg/build/lib/ucsd_robocar_nav2_pkg/__init__.py -> /home/projects/ros2_ws/install/ucsd_robocar_nav2_pkg/lib/python3.8/site-packages/ucsd_robocar_nav2_pkg
[17.348s] byte-compiling /home/projects/ros2_ws/install/ucsd_robocar_nav2_pkg/lib/python3.8/site-packages/ucsd_robocar_nav2_pkg/__init__.py to __init__.cpython-38.pyc
[17.349s] running install_data
[17.355s] creating /home/projects/ros2_ws/install/ucsd_robocar_nav2_pkg/share/ament_index
[17.357s] creating /home/projects/ros2_ws/install/ucsd_robocar_nav2_pkg/share/ament_index/resource_index
[17.358s] creating /home/projects/ros2_ws/install/ucsd_robocar_nav2_pkg/share/ament_index/resource_index/packages
[17.359s] copying resource/ucsd_robocar_nav2_pkg -> /home/projects/ros2_ws/install/ucsd_robocar_nav2_pkg/share/ament_index/resource_index/packages
[17.360s] copying package.xml -> /home/projects/ros2_ws/install/ucsd_robocar_nav2_pkg/share/ucsd_robocar_nav2_pkg
[17.360s] creating /home/projects/ros2_ws/install/ucsd_robocar_nav2_pkg/share/ucsd_robocar_nav2_pkg/launch
[17.361s] copying launch/all_components.launch.py -> /home/projects/ros2_ws/install/ucsd_robocar_nav2_pkg/share/ucsd_robocar_nav2_pkg/launch
[17.361s] copying launch/rosbag_launch.launch.py -> /home/projects/ros2_ws/install/ucsd_robocar_nav2_pkg/share/ucsd_robocar_nav2_pkg/launch
[17.362s] copying launch/urdf_publisher_launch.launch.py -> /home/projects/ros2_ws/install/ucsd_robocar_nav2_pkg/share/ucsd_robocar_nav2_pkg/launch
[17.363s] copying launch/ros_bridge_launch.launch.py -> /home/projects/ros2_ws/install/ucsd_robocar_nav2_pkg/share/ucsd_robocar_nav2_pkg/launch
[17.363s] copying launch/sensor_visualization.launch.py -> /home/projects/ros2_ws/install/ucsd_robocar_nav2_pkg/share/ucsd_robocar_nav2_pkg/launch
[17.364s] copying launch/all_nodes.launch.py -> /home/projects/ros2_ws/install/ucsd_robocar_nav2_pkg/share/ucsd_robocar_nav2_pkg/launch
[17.364s] creating /home/projects/ros2_ws/install/ucsd_robocar_nav2_pkg/share/ucsd_robocar_nav2_pkg/config
[17.365s] copying config/pkg_locations_ucsd.yaml -> /home/projects/ros2_ws/install/ucsd_robocar_nav2_pkg/share/ucsd_robocar_nav2_pkg/config
[17.367s] copying config/car_config.yaml -> /home/projects/ros2_ws/install/ucsd_robocar_nav2_pkg/share/ucsd_robocar_nav2_pkg/config
[17.370s] copying config/node_config.yaml -> /home/projects/ros2_ws/install/ucsd_robocar_nav2_pkg/share/ucsd_robocar_nav2_pkg/config
[17.371s] copying config/node_pkg_locations_ucsd.yaml -> /home/projects/ros2_ws/install/ucsd_robocar_nav2_pkg/share/ucsd_robocar_nav2_pkg/config
[17.373s] creating /home/projects/ros2_ws/install/ucsd_robocar_nav2_pkg/share/ucsd_robocar_nav2_pkg/rviz
[17.373s] copying rviz/sensor_visualization.rviz -> /home/projects/ros2_ws/install/ucsd_robocar_nav2_pkg/share/ucsd_robocar_nav2_pkg/rviz
[17.374s] running install_egg_info
[17.381s] Copying ../../../build/ucsd_robocar_nav2_pkg/ucsd_robocar_nav2_pkg.egg-info to /home/projects/ros2_ws/install/ucsd_robocar_nav2_pkg/lib/python3.8/site-packages/ucsd_robocar_nav2_pkg-0.0.0-py3.8.egg-info
[17.389s] running install_scripts
[17.526s] writing list of installed files to '/home/projects/ros2_ws/build/ucsd_robocar_nav2_pkg/install.log'
[19.596s] Invoked command in '/home/projects/ros2_ws/src/ucsd_robocar_hub2/ucsd_robocar_nav2_pkg' returned '0': PYTHONPATH=/home/projects/ros2_ws/install/ucsd_robocar_nav2_pkg/lib/python3.8/site-packages:${PYTHONPATH} /usr/bin/python3 setup.py egg_info --egg-base ../../../build/ucsd_robocar_nav2_pkg build --build-base /home/projects/ros2_ws/build/ucsd_robocar_nav2_pkg/build install --prefix /home/projects/ros2_ws/install/ucsd_robocar_nav2_pkg --record /home/projects/ros2_ws/build/ucsd_robocar_nav2_pkg/install.log --single-version-externally-managed
