[0.925s] DEBUG:colcon:Command line arguments: ['/usr/bin/colcon', 'build', '--symlink-install', '--packages-select', 'follow_the_gap_bridge']
[0.925s] DEBUG:colcon:Parsed command line arguments: Namespace(allow_overriding=[], ament_cmake_args=None, base_paths=['.'], build_base='build', catkin_cmake_args=None, catkin_skip_building_tests=False, cmake_args=None, cmake_clean_cache=False, cmake_clean_first=False, cmake_force_configure=False, cmake_target=None, cmake_target_skip_unavailable=False, continue_on_error=False, event_handlers=None, executor='parallel', ignore_user_meta=False, install_base='install', log_base=None, log_level=None, main=<bound method BuildVerb.main of <colcon_core.verb.build.BuildVerb object at 0xffff923661c0>>, merge_install=False, metas=['./colcon.meta'], mixin=None, mixin_files=None, mixin_verb=('build',), packages_above=None, packages_above_and_dependencies=None, packages_above_depth=None, packages_end=None, packages_ignore=None, packages_ignore_regex=None, packages_select=['follow_the_gap_bridge'], packages_select_build_failed=False, packages_select_by_dep=None, packages_select_regex=None, packages_select_test_failures=False, packages_skip=None, packages_skip_build_finished=False, packages_skip_by_dep=None, packages_skip_regex=None, packages_skip_test_passed=False, packages_skip_up_to=None, packages_start=None, packages_up_to=None, packages_up_to_regex=None, parallel_workers=6, paths=None, symlink_install=True, test_result_base=None, verb_extension=<colcon_core.verb.build.BuildVerb object at 0xffff923661c0>, verb_name='build', verb_parser=<colcon_mixin.mixin.mixin_argument.MixinArgumentDecorator object at 0xffff92366820>)
[0.953s] Level 1:colcon.colcon_core.package_discovery:discover_packages(colcon_meta) check parameters
[0.957s] INFO:colcon.colcon_metadata.package_discovery.colcon_meta:Using configuration from '/root/.colcon/metadata/default/Gazebo.meta'
[0.960s] INFO:colcon.colcon_metadata.package_discovery.colcon_meta:Using configuration from '/root/.colcon/metadata/default/fastrtps.meta'
[0.960s] Level 1:colcon.colcon_core.package_discovery:discover_packages(recursive) check parameters
[0.960s] Level 1:colcon.colcon_core.package_discovery:discover_packages(ignore) check parameters
[0.961s] Level 1:colcon.colcon_core.package_discovery:discover_packages(path) check parameters
[0.961s] Level 1:colcon.colcon_core.package_discovery:discover_packages(colcon_meta) discover
[0.961s] Level 1:colcon.colcon_core.package_discovery:discover_packages(recursive) discover
[0.962s] INFO:colcon.colcon_core.package_discovery:Crawling recursively for packages in '/home/projects/ros2_ws'
[0.963s] Level 1:colcon.colcon_core.package_identification:_identify(.) by extensions ['ignore', 'ignore_ament_install']
[0.964s] Level 1:colcon.colcon_core.package_identification:_identify(.) by extension 'ignore'
[0.964s] Level 1:colcon.colcon_core.package_identification:_identify(.) by extension 'ignore_ament_install'
[0.964s] Level 1:colcon.colcon_core.package_identification:_identify(.) by extensions ['colcon_pkg']
[0.965s] Level 1:colcon.colcon_core.package_identification:_identify(.) by extension 'colcon_pkg'
[0.965s] Level 1:colcon.colcon_core.package_identification:_identify(.) by extensions ['colcon_meta']
[0.965s] Level 1:colcon.colcon_core.package_identification:_identify(.) by extension 'colcon_meta'
[0.965s] Level 1:colcon.colcon_core.package_identification:_identify(.) by extensions ['ros']
[0.965s] Level 1:colcon.colcon_core.package_identification:_identify(.) by extension 'ros'
[1.025s] Level 1:colcon.colcon_core.package_identification:_identify(.) by extensions ['cmake', 'python']
[1.026s] Level 1:colcon.colcon_core.package_identification:_identify(.) by extension 'cmake'
[1.026s] Level 1:colcon.colcon_core.package_identification:_identify(.) by extension 'python'
[1.026s] Level 1:colcon.colcon_core.package_identification:_identify(.) by extensions ['python_setup_py']
[1.026s] Level 1:colcon.colcon_core.package_identification:_identify(.) by extension 'python_setup_py'
[1.027s] Level 1:colcon.colcon_core.package_identification:_identify(build) by extensions ['ignore', 'ignore_ament_install']
[1.028s] Level 1:colcon.colcon_core.package_identification:_identify(build) by extension 'ignore'
[1.028s] Level 1:colcon.colcon_core.package_identification:_identify(build) ignored
[1.029s] Level 1:colcon.colcon_core.package_identification:_identify(install) by extensions ['ignore', 'ignore_ament_install']
[1.029s] Level 1:colcon.colcon_core.package_identification:_identify(install) by extension 'ignore'
[1.029s] Level 1:colcon.colcon_core.package_identification:_identify(install) ignored
[1.030s] Level 1:colcon.colcon_core.package_identification:_identify(log) by extensions ['ignore', 'ignore_ament_install']
[1.030s] Level 1:colcon.colcon_core.package_identification:_identify(log) by extension 'ignore'
[1.031s] Level 1:colcon.colcon_core.package_identification:_identify(log) ignored
[1.032s] Level 1:colcon.colcon_core.package_identification:_identify(src) by extensions ['ignore', 'ignore_ament_install']
[1.032s] Level 1:colcon.colcon_core.package_identification:_identify(src) by extension 'ignore'
[1.033s] Level 1:colcon.colcon_core.package_identification:_identify(src) by extension 'ignore_ament_install'
[1.033s] Level 1:colcon.colcon_core.package_identification:_identify(src) by extensions ['colcon_pkg']
[1.033s] Level 1:colcon.colcon_core.package_identification:_identify(src) by extension 'colcon_pkg'
[1.033s] Level 1:colcon.colcon_core.package_identification:_identify(src) by extensions ['colcon_meta']
[1.034s] Level 1:colcon.colcon_core.package_identification:_identify(src) by extension 'colcon_meta'
[1.034s] Level 1:colcon.colcon_core.package_identification:_identify(src) by extensions ['ros']
[1.034s] Level 1:colcon.colcon_core.package_identification:_identify(src) by extension 'ros'
[1.034s] Level 1:colcon.colcon_core.package_identification:_identify(src) by extensions ['cmake', 'python']
[1.035s] Level 1:colcon.colcon_core.package_identification:_identify(src) by extension 'cmake'
[1.035s] Level 1:colcon.colcon_core.package_identification:_identify(src) by extension 'python'
[1.035s] Level 1:colcon.colcon_core.package_identification:_identify(src) by extensions ['python_setup_py']
[1.035s] Level 1:colcon.colcon_core.package_identification:_identify(src) by extension 'python_setup_py'
[1.036s] Level 1:colcon.colcon_core.package_identification:_identify(src/follow_the_gap_bridge) by extensions ['ignore', 'ignore_ament_install']
[1.036s] Level 1:colcon.colcon_core.package_identification:_identify(src/follow_the_gap_bridge) by extension 'ignore'
[1.037s] Level 1:colcon.colcon_core.package_identification:_identify(src/follow_the_gap_bridge) by extension 'ignore_ament_install'
[1.037s] Level 1:colcon.colcon_core.package_identification:_identify(src/follow_the_gap_bridge) by extensions ['colcon_pkg']
[1.037s] Level 1:colcon.colcon_core.package_identification:_identify(src/follow_the_gap_bridge) by extension 'colcon_pkg'
[1.037s] Level 1:colcon.colcon_core.package_identification:_identify(src/follow_the_gap_bridge) by extensions ['colcon_meta']
[1.037s] Level 1:colcon.colcon_core.package_identification:_identify(src/follow_the_gap_bridge) by extension 'colcon_meta'
[1.038s] Level 1:colcon.colcon_core.package_identification:_identify(src/follow_the_gap_bridge) by extensions ['ros']
[1.038s] Level 1:colcon.colcon_core.package_identification:_identify(src/follow_the_gap_bridge) by extension 'ros'
[1.050s] DEBUG:colcon.colcon_core.package_identification:Package 'src/follow_the_gap_bridge' with type 'ros.ament_python' and name 'follow_the_gap_bridge'
[1.051s] Level 1:colcon.colcon_core.package_identification:_identify(src/ucsd_robocar_hub2) by extensions ['ignore', 'ignore_ament_install']
[1.052s] Level 1:colcon.colcon_core.package_identification:_identify(src/ucsd_robocar_hub2) by extension 'ignore'
[1.052s] Level 1:colcon.colcon_core.package_identification:_identify(src/ucsd_robocar_hub2) by extension 'ignore_ament_install'
[1.052s] Level 1:colcon.colcon_core.package_identification:_identify(src/ucsd_robocar_hub2) by extensions ['colcon_pkg']
[1.053s] Level 1:colcon.colcon_core.package_identification:_identify(src/ucsd_robocar_hub2) by extension 'colcon_pkg'
[1.053s] Level 1:colcon.colcon_core.package_identification:_identify(src/ucsd_robocar_hub2) by extensions ['colcon_meta']
[1.053s] Level 1:colcon.colcon_core.package_identification:_identify(src/ucsd_robocar_hub2) by extension 'colcon_meta'
[1.053s] Level 1:colcon.colcon_core.package_identification:_identify(src/ucsd_robocar_hub2) by extensions ['ros']
[1.054s] Level 1:colcon.colcon_core.package_identification:_identify(src/ucsd_robocar_hub2) by extension 'ros'
[1.054s] Level 1:colcon.colcon_core.package_identification:_identify(src/ucsd_robocar_hub2) by extensions ['cmake', 'python']
[1.054s] Level 1:colcon.colcon_core.package_identification:_identify(src/ucsd_robocar_hub2) by extension 'cmake'
[1.054s] Level 1:colcon.colcon_core.package_identification:_identify(src/ucsd_robocar_hub2) by extension 'python'
[1.055s] Level 1:colcon.colcon_core.package_identification:_identify(src/ucsd_robocar_hub2) by extensions ['python_setup_py']
[1.055s] Level 1:colcon.colcon_core.package_identification:_identify(src/ucsd_robocar_hub2) by extension 'python_setup_py'
[1.056s] Level 1:colcon.colcon_core.package_identification:_identify(src/ucsd_robocar_hub2/docker_setup) by extensions ['ignore', 'ignore_ament_install']
[1.056s] Level 1:colcon.colcon_core.package_identification:_identify(src/ucsd_robocar_hub2/docker_setup) by extension 'ignore'
[1.056s] Level 1:colcon.colcon_core.package_identification:_identify(src/ucsd_robocar_hub2/docker_setup) by extension 'ignore_ament_install'
[1.057s] Level 1:colcon.colcon_core.package_identification:_identify(src/ucsd_robocar_hub2/docker_setup) by extensions ['colcon_pkg']
[1.057s] Level 1:colcon.colcon_core.package_identification:_identify(src/ucsd_robocar_hub2/docker_setup) by extension 'colcon_pkg'
[1.057s] Level 1:colcon.colcon_core.package_identification:_identify(src/ucsd_robocar_hub2/docker_setup) by extensions ['colcon_meta']
[1.057s] Level 1:colcon.colcon_core.package_identification:_identify(src/ucsd_robocar_hub2/docker_setup) by extension 'colcon_meta'
[1.058s] Level 1:colcon.colcon_core.package_identification:_identify(src/ucsd_robocar_hub2/docker_setup) by extensions ['ros']
[1.058s] Level 1:colcon.colcon_core.package_identification:_identify(src/ucsd_robocar_hub2/docker_setup) by extension 'ros'
[1.058s] Level 1:colcon.colcon_core.package_identification:_identify(src/ucsd_robocar_hub2/docker_setup) by extensions ['cmake', 'python']
[1.059s] Level 1:colcon.colcon_core.package_identification:_identify(src/ucsd_robocar_hub2/docker_setup) by extension 'cmake'
[1.059s] Level 1:colcon.colcon_core.package_identification:_identify(src/ucsd_robocar_hub2/docker_setup) by extension 'python'
[1.059s] Level 1:colcon.colcon_core.package_identification:_identify(src/ucsd_robocar_hub2/docker_setup) by extensions ['python_setup_py']
[1.059s] Level 1:colcon.colcon_core.package_identification:_identify(src/ucsd_robocar_hub2/docker_setup) by extension 'python_setup_py'
[1.060s] Level 1:colcon.colcon_core.package_identification:_identify(src/ucsd_robocar_hub2/docker_setup/bash_scripts) by extensions ['ignore', 'ignore_ament_install']
[1.060s] Level 1:colcon.colcon_core.package_identification:_identify(src/ucsd_robocar_hub2/docker_setup/bash_scripts) by extension 'ignore'
[1.061s] Level 1:colcon.colcon_core.package_identification:_identify(src/ucsd_robocar_hub2/docker_setup/bash_scripts) by extension 'ignore_ament_install'
[1.061s] Level 1:colcon.colcon_core.package_identification:_identify(src/ucsd_robocar_hub2/docker_setup/bash_scripts) by extensions ['colcon_pkg']
[1.061s] Level 1:colcon.colcon_core.package_identification:_identify(src/ucsd_robocar_hub2/docker_setup/bash_scripts) by extension 'colcon_pkg'
[1.061s] Level 1:colcon.colcon_core.package_identification:_identify(src/ucsd_robocar_hub2/docker_setup/bash_scripts) by extensions ['colcon_meta']
[1.062s] Level 1:colcon.colcon_core.package_identification:_identify(src/ucsd_robocar_hub2/docker_setup/bash_scripts) by extension 'colcon_meta'
[1.062s] Level 1:colcon.colcon_core.package_identification:_identify(src/ucsd_robocar_hub2/docker_setup/bash_scripts) by extensions ['ros']
[1.062s] Level 1:colcon.colcon_core.package_identification:_identify(src/ucsd_robocar_hub2/docker_setup/bash_scripts) by extension 'ros'
[1.063s] Level 1:colcon.colcon_core.package_identification:_identify(src/ucsd_robocar_hub2/docker_setup/bash_scripts) by extensions ['cmake', 'python']
[1.063s] Level 1:colcon.colcon_core.package_identification:_identify(src/ucsd_robocar_hub2/docker_setup/bash_scripts) by extension 'cmake'
[1.063s] Level 1:colcon.colcon_core.package_identification:_identify(src/ucsd_robocar_hub2/docker_setup/bash_scripts) by extension 'python'
[1.063s] Level 1:colcon.colcon_core.package_identification:_identify(src/ucsd_robocar_hub2/docker_setup/bash_scripts) by extensions ['python_setup_py']
[1.064s] Level 1:colcon.colcon_core.package_identification:_identify(src/ucsd_robocar_hub2/docker_setup/bash_scripts) by extension 'python_setup_py'
[1.064s] Level 1:colcon.colcon_core.package_identification:_identify(src/ucsd_robocar_hub2/docker_setup/docker_files) by extensions ['ignore', 'ignore_ament_install']
[1.065s] Level 1:colcon.colcon_core.package_identification:_identify(src/ucsd_robocar_hub2/docker_setup/docker_files) by extension 'ignore'
[1.065s] Level 1:colcon.colcon_core.package_identification:_identify(src/ucsd_robocar_hub2/docker_setup/docker_files) by extension 'ignore_ament_install'
[1.065s] Level 1:colcon.colcon_core.package_identification:_identify(src/ucsd_robocar_hub2/docker_setup/docker_files) by extensions ['colcon_pkg']
[1.065s] Level 1:colcon.colcon_core.package_identification:_identify(src/ucsd_robocar_hub2/docker_setup/docker_files) by extension 'colcon_pkg'
[1.066s] Level 1:colcon.colcon_core.package_identification:_identify(src/ucsd_robocar_hub2/docker_setup/docker_files) by extensions ['colcon_meta']
[1.066s] Level 1:colcon.colcon_core.package_identification:_identify(src/ucsd_robocar_hub2/docker_setup/docker_files) by extension 'colcon_meta'
[1.066s] Level 1:colcon.colcon_core.package_identification:_identify(src/ucsd_robocar_hub2/docker_setup/docker_files) by extensions ['ros']
[1.066s] Level 1:colcon.colcon_core.package_identification:_identify(src/ucsd_robocar_hub2/docker_setup/docker_files) by extension 'ros'
[1.067s] Level 1:colcon.colcon_core.package_identification:_identify(src/ucsd_robocar_hub2/docker_setup/docker_files) by extensions ['cmake', 'python']
[1.067s] Level 1:colcon.colcon_core.package_identification:_identify(src/ucsd_robocar_hub2/docker_setup/docker_files) by extension 'cmake'
[1.067s] Level 1:colcon.colcon_core.package_identification:_identify(src/ucsd_robocar_hub2/docker_setup/docker_files) by extension 'python'
[1.067s] Level 1:colcon.colcon_core.package_identification:_identify(src/ucsd_robocar_hub2/docker_setup/docker_files) by extensions ['python_setup_py']
[1.068s] Level 1:colcon.colcon_core.package_identification:_identify(src/ucsd_robocar_hub2/docker_setup/docker_files) by extension 'python_setup_py'
[1.068s] Level 1:colcon.colcon_core.package_identification:_identify(src/ucsd_robocar_hub2/docker_setup/sensor_file_mods) by extensions ['ignore', 'ignore_ament_install']
[1.069s] Level 1:colcon.colcon_core.package_identification:_identify(src/ucsd_robocar_hub2/docker_setup/sensor_file_mods) by extension 'ignore'
[1.069s] Level 1:colcon.colcon_core.package_identification:_identify(src/ucsd_robocar_hub2/docker_setup/sensor_file_mods) by extension 'ignore_ament_install'
[1.069s] Level 1:colcon.colcon_core.package_identification:_identify(src/ucsd_robocar_hub2/docker_setup/sensor_file_mods) by extensions ['colcon_pkg']
[1.070s] Level 1:colcon.colcon_core.package_identification:_identify(src/ucsd_robocar_hub2/docker_setup/sensor_file_mods) by extension 'colcon_pkg'
[1.070s] Level 1:colcon.colcon_core.package_identification:_identify(src/ucsd_robocar_hub2/docker_setup/sensor_file_mods) by extensions ['colcon_meta']
[1.070s] Level 1:colcon.colcon_core.package_identification:_identify(src/ucsd_robocar_hub2/docker_setup/sensor_file_mods) by extension 'colcon_meta'
[1.070s] Level 1:colcon.colcon_core.package_identification:_identify(src/ucsd_robocar_hub2/docker_setup/sensor_file_mods) by extensions ['ros']
[1.071s] Level 1:colcon.colcon_core.package_identification:_identify(src/ucsd_robocar_hub2/docker_setup/sensor_file_mods) by extension 'ros'
[1.071s] Level 1:colcon.colcon_core.package_identification:_identify(src/ucsd_robocar_hub2/docker_setup/sensor_file_mods) by extensions ['cmake', 'python']
[1.071s] Level 1:colcon.colcon_core.package_identification:_identify(src/ucsd_robocar_hub2/docker_setup/sensor_file_mods) by extension 'cmake'
[1.072s] Level 1:colcon.colcon_core.package_identification:_identify(src/ucsd_robocar_hub2/docker_setup/sensor_file_mods) by extension 'python'
[1.072s] Level 1:colcon.colcon_core.package_identification:_identify(src/ucsd_robocar_hub2/docker_setup/sensor_file_mods) by extensions ['python_setup_py']
[1.072s] Level 1:colcon.colcon_core.package_identification:_identify(src/ucsd_robocar_hub2/docker_setup/sensor_file_mods) by extension 'python_setup_py'
[1.073s] Level 1:colcon.colcon_core.package_identification:_identify(src/ucsd_robocar_hub2/ucsd_robocar_actuator2_pkg) by extensions ['ignore', 'ignore_ament_install']
[1.073s] Level 1:colcon.colcon_core.package_identification:_identify(src/ucsd_robocar_hub2/ucsd_robocar_actuator2_pkg) by extension 'ignore'
[1.074s] Level 1:colcon.colcon_core.package_identification:_identify(src/ucsd_robocar_hub2/ucsd_robocar_actuator2_pkg) by extension 'ignore_ament_install'
[1.074s] Level 1:colcon.colcon_core.package_identification:_identify(src/ucsd_robocar_hub2/ucsd_robocar_actuator2_pkg) by extensions ['colcon_pkg']
[1.074s] Level 1:colcon.colcon_core.package_identification:_identify(src/ucsd_robocar_hub2/ucsd_robocar_actuator2_pkg) by extension 'colcon_pkg'
[1.074s] Level 1:colcon.colcon_core.package_identification:_identify(src/ucsd_robocar_hub2/ucsd_robocar_actuator2_pkg) by extensions ['colcon_meta']
[1.074s] Level 1:colcon.colcon_core.package_identification:_identify(src/ucsd_robocar_hub2/ucsd_robocar_actuator2_pkg) by extension 'colcon_meta'
[1.075s] Level 1:colcon.colcon_core.package_identification:_identify(src/ucsd_robocar_hub2/ucsd_robocar_actuator2_pkg) by extensions ['ros']
[1.075s] Level 1:colcon.colcon_core.package_identification:_identify(src/ucsd_robocar_hub2/ucsd_robocar_actuator2_pkg) by extension 'ros'
[1.078s] DEBUG:colcon.colcon_core.package_identification:Package 'src/ucsd_robocar_hub2/ucsd_robocar_actuator2_pkg' with type 'ros.ament_python' and name 'ucsd_robocar_actuator2_pkg'
[1.078s] Level 1:colcon.colcon_core.package_identification:_identify(src/ucsd_robocar_hub2/ucsd_robocar_basics2_pkg) by extensions ['ignore', 'ignore_ament_install']
[1.079s] Level 1:colcon.colcon_core.package_identification:_identify(src/ucsd_robocar_hub2/ucsd_robocar_basics2_pkg) by extension 'ignore'
[1.079s] Level 1:colcon.colcon_core.package_identification:_identify(src/ucsd_robocar_hub2/ucsd_robocar_basics2_pkg) by extension 'ignore_ament_install'
[1.079s] Level 1:colcon.colcon_core.package_identification:_identify(src/ucsd_robocar_hub2/ucsd_robocar_basics2_pkg) by extensions ['colcon_pkg']
[1.079s] Level 1:colcon.colcon_core.package_identification:_identify(src/ucsd_robocar_hub2/ucsd_robocar_basics2_pkg) by extension 'colcon_pkg'
[1.080s] Level 1:colcon.colcon_core.package_identification:_identify(src/ucsd_robocar_hub2/ucsd_robocar_basics2_pkg) by extensions ['colcon_meta']
[1.080s] Level 1:colcon.colcon_core.package_identification:_identify(src/ucsd_robocar_hub2/ucsd_robocar_basics2_pkg) by extension 'colcon_meta'
[1.080s] Level 1:colcon.colcon_core.package_identification:_identify(src/ucsd_robocar_hub2/ucsd_robocar_basics2_pkg) by extensions ['ros']
[1.080s] Level 1:colcon.colcon_core.package_identification:_identify(src/ucsd_robocar_hub2/ucsd_robocar_basics2_pkg) by extension 'ros'
[1.083s] DEBUG:colcon.colcon_core.package_identification:Package 'src/ucsd_robocar_hub2/ucsd_robocar_basics2_pkg' with type 'ros.ament_python' and name 'ucsd_robocar_basics2_pkg'
[1.084s] Level 1:colcon.colcon_core.package_identification:_identify(src/ucsd_robocar_hub2/ucsd_robocar_control2_pkg) by extensions ['ignore', 'ignore_ament_install']
[1.084s] Level 1:colcon.colcon_core.package_identification:_identify(src/ucsd_robocar_hub2/ucsd_robocar_control2_pkg) by extension 'ignore'
[1.085s] Level 1:colcon.colcon_core.package_identification:_identify(src/ucsd_robocar_hub2/ucsd_robocar_control2_pkg) by extension 'ignore_ament_install'
[1.085s] Level 1:colcon.colcon_core.package_identification:_identify(src/ucsd_robocar_hub2/ucsd_robocar_control2_pkg) by extensions ['colcon_pkg']
[1.085s] Level 1:colcon.colcon_core.package_identification:_identify(src/ucsd_robocar_hub2/ucsd_robocar_control2_pkg) by extension 'colcon_pkg'
[1.085s] Level 1:colcon.colcon_core.package_identification:_identify(src/ucsd_robocar_hub2/ucsd_robocar_control2_pkg) by extensions ['colcon_meta']
[1.086s] Level 1:colcon.colcon_core.package_identification:_identify(src/ucsd_robocar_hub2/ucsd_robocar_control2_pkg) by extension 'colcon_meta'
[1.086s] Level 1:colcon.colcon_core.package_identification:_identify(src/ucsd_robocar_hub2/ucsd_robocar_control2_pkg) by extensions ['ros']
[1.086s] Level 1:colcon.colcon_core.package_identification:_identify(src/ucsd_robocar_hub2/ucsd_robocar_control2_pkg) by extension 'ros'
[1.088s] DEBUG:colcon.colcon_core.package_identification:Package 'src/ucsd_robocar_hub2/ucsd_robocar_control2_pkg' with type 'ros.ament_python' and name 'ucsd_robocar_control2_pkg'
[1.089s] Level 1:colcon.colcon_core.package_identification:_identify(src/ucsd_robocar_hub2/ucsd_robocar_lane_detection2_pkg) by extensions ['ignore', 'ignore_ament_install']
[1.090s] Level 1:colcon.colcon_core.package_identification:_identify(src/ucsd_robocar_hub2/ucsd_robocar_lane_detection2_pkg) by extension 'ignore'
[1.090s] Level 1:colcon.colcon_core.package_identification:_identify(src/ucsd_robocar_hub2/ucsd_robocar_lane_detection2_pkg) by extension 'ignore_ament_install'
[1.090s] Level 1:colcon.colcon_core.package_identification:_identify(src/ucsd_robocar_hub2/ucsd_robocar_lane_detection2_pkg) by extensions ['colcon_pkg']
[1.091s] Level 1:colcon.colcon_core.package_identification:_identify(src/ucsd_robocar_hub2/ucsd_robocar_lane_detection2_pkg) by extension 'colcon_pkg'
[1.091s] Level 1:colcon.colcon_core.package_identification:_identify(src/ucsd_robocar_hub2/ucsd_robocar_lane_detection2_pkg) by extensions ['colcon_meta']
[1.091s] Level 1:colcon.colcon_core.package_identification:_identify(src/ucsd_robocar_hub2/ucsd_robocar_lane_detection2_pkg) by extension 'colcon_meta'
[1.091s] Level 1:colcon.colcon_core.package_identification:_identify(src/ucsd_robocar_hub2/ucsd_robocar_lane_detection2_pkg) by extensions ['ros']
[1.092s] Level 1:colcon.colcon_core.package_identification:_identify(src/ucsd_robocar_hub2/ucsd_robocar_lane_detection2_pkg) by extension 'ros'
[1.094s] DEBUG:colcon.colcon_core.package_identification:Package 'src/ucsd_robocar_hub2/ucsd_robocar_lane_detection2_pkg' with type 'ros.ament_python' and name 'ucsd_robocar_lane_detection2_pkg'
[1.095s] Level 1:colcon.colcon_core.package_identification:_identify(src/ucsd_robocar_hub2/ucsd_robocar_nav2_pkg) by extensions ['ignore', 'ignore_ament_install']
[1.096s] Level 1:colcon.colcon_core.package_identification:_identify(src/ucsd_robocar_hub2/ucsd_robocar_nav2_pkg) by extension 'ignore'
[1.096s] Level 1:colcon.colcon_core.package_identification:_identify(src/ucsd_robocar_hub2/ucsd_robocar_nav2_pkg) by extension 'ignore_ament_install'
[1.096s] Level 1:colcon.colcon_core.package_identification:_identify(src/ucsd_robocar_hub2/ucsd_robocar_nav2_pkg) by extensions ['colcon_pkg']
[1.097s] Level 1:colcon.colcon_core.package_identification:_identify(src/ucsd_robocar_hub2/ucsd_robocar_nav2_pkg) by extension 'colcon_pkg'
[1.097s] Level 1:colcon.colcon_core.package_identification:_identify(src/ucsd_robocar_hub2/ucsd_robocar_nav2_pkg) by extensions ['colcon_meta']
[1.097s] Level 1:colcon.colcon_core.package_identification:_identify(src/ucsd_robocar_hub2/ucsd_robocar_nav2_pkg) by extension 'colcon_meta'
[1.097s] Level 1:colcon.colcon_core.package_identification:_identify(src/ucsd_robocar_hub2/ucsd_robocar_nav2_pkg) by extensions ['ros']
[1.098s] Level 1:colcon.colcon_core.package_identification:_identify(src/ucsd_robocar_hub2/ucsd_robocar_nav2_pkg) by extension 'ros'
[1.100s] DEBUG:colcon.colcon_core.package_identification:Package 'src/ucsd_robocar_hub2/ucsd_robocar_nav2_pkg' with type 'ros.ament_python' and name 'ucsd_robocar_nav2_pkg'
[1.101s] Level 1:colcon.colcon_core.package_identification:_identify(src/ucsd_robocar_hub2/ucsd_robocar_path2_pkg) by extensions ['ignore', 'ignore_ament_install']
[1.101s] Level 1:colcon.colcon_core.package_identification:_identify(src/ucsd_robocar_hub2/ucsd_robocar_path2_pkg) by extension 'ignore'
[1.101s] Level 1:colcon.colcon_core.package_identification:_identify(src/ucsd_robocar_hub2/ucsd_robocar_path2_pkg) by extension 'ignore_ament_install'
[1.102s] Level 1:colcon.colcon_core.package_identification:_identify(src/ucsd_robocar_hub2/ucsd_robocar_path2_pkg) by extensions ['colcon_pkg']
[1.102s] Level 1:colcon.colcon_core.package_identification:_identify(src/ucsd_robocar_hub2/ucsd_robocar_path2_pkg) by extension 'colcon_pkg'
[1.102s] Level 1:colcon.colcon_core.package_identification:_identify(src/ucsd_robocar_hub2/ucsd_robocar_path2_pkg) by extensions ['colcon_meta']
[1.102s] Level 1:colcon.colcon_core.package_identification:_identify(src/ucsd_robocar_hub2/ucsd_robocar_path2_pkg) by extension 'colcon_meta'
[1.103s] Level 1:colcon.colcon_core.package_identification:_identify(src/ucsd_robocar_hub2/ucsd_robocar_path2_pkg) by extensions ['ros']
[1.103s] Level 1:colcon.colcon_core.package_identification:_identify(src/ucsd_robocar_hub2/ucsd_robocar_path2_pkg) by extension 'ros'
[1.106s] DEBUG:colcon.colcon_core.package_identification:Package 'src/ucsd_robocar_hub2/ucsd_robocar_path2_pkg' with type 'ros.ament_python' and name 'ucsd_robocar_path2_pkg'
[1.107s] Level 1:colcon.colcon_core.package_identification:_identify(src/ucsd_robocar_hub2/ucsd_robocar_sensor2_pkg) by extensions ['ignore', 'ignore_ament_install']
[1.107s] Level 1:colcon.colcon_core.package_identification:_identify(src/ucsd_robocar_hub2/ucsd_robocar_sensor2_pkg) by extension 'ignore'
[1.108s] Level 1:colcon.colcon_core.package_identification:_identify(src/ucsd_robocar_hub2/ucsd_robocar_sensor2_pkg) by extension 'ignore_ament_install'
[1.108s] Level 1:colcon.colcon_core.package_identification:_identify(src/ucsd_robocar_hub2/ucsd_robocar_sensor2_pkg) by extensions ['colcon_pkg']
[1.108s] Level 1:colcon.colcon_core.package_identification:_identify(src/ucsd_robocar_hub2/ucsd_robocar_sensor2_pkg) by extension 'colcon_pkg'
[1.109s] Level 1:colcon.colcon_core.package_identification:_identify(src/ucsd_robocar_hub2/ucsd_robocar_sensor2_pkg) by extensions ['colcon_meta']
[1.109s] Level 1:colcon.colcon_core.package_identification:_identify(src/ucsd_robocar_hub2/ucsd_robocar_sensor2_pkg) by extension 'colcon_meta'
[1.109s] Level 1:colcon.colcon_core.package_identification:_identify(src/ucsd_robocar_hub2/ucsd_robocar_sensor2_pkg) by extensions ['ros']
[1.109s] Level 1:colcon.colcon_core.package_identification:_identify(src/ucsd_robocar_hub2/ucsd_robocar_sensor2_pkg) by extension 'ros'
[1.112s] DEBUG:colcon.colcon_core.package_identification:Package 'src/ucsd_robocar_hub2/ucsd_robocar_sensor2_pkg' with type 'ros.ament_python' and name 'ucsd_robocar_sensor2_pkg'
[1.113s] Level 1:colcon.colcon_core.package_identification:_identify(test) by extensions ['ignore', 'ignore_ament_install']
[1.113s] Level 1:colcon.colcon_core.package_identification:_identify(test) by extension 'ignore'
[1.113s] Level 1:colcon.colcon_core.package_identification:_identify(test) by extension 'ignore_ament_install'
[1.114s] Level 1:colcon.colcon_core.package_identification:_identify(test) by extensions ['colcon_pkg']
[1.114s] Level 1:colcon.colcon_core.package_identification:_identify(test) by extension 'colcon_pkg'
[1.114s] Level 1:colcon.colcon_core.package_identification:_identify(test) by extensions ['colcon_meta']
[1.114s] Level 1:colcon.colcon_core.package_identification:_identify(test) by extension 'colcon_meta'
[1.115s] Level 1:colcon.colcon_core.package_identification:_identify(test) by extensions ['ros']
[1.115s] Level 1:colcon.colcon_core.package_identification:_identify(test) by extension 'ros'
[1.115s] Level 1:colcon.colcon_core.package_identification:_identify(test) by extensions ['cmake', 'python']
[1.115s] Level 1:colcon.colcon_core.package_identification:_identify(test) by extension 'cmake'
[1.116s] Level 1:colcon.colcon_core.package_identification:_identify(test) by extension 'python'
[1.116s] Level 1:colcon.colcon_core.package_identification:_identify(test) by extensions ['python_setup_py']
[1.116s] Level 1:colcon.colcon_core.package_identification:_identify(test) by extension 'python_setup_py'
[1.117s] Level 1:colcon.colcon_core.package_identification:_identify(test/test2) by extensions ['ignore', 'ignore_ament_install']
[1.117s] Level 1:colcon.colcon_core.package_identification:_identify(test/test2) by extension 'ignore'
[1.117s] Level 1:colcon.colcon_core.package_identification:_identify(test/test2) by extension 'ignore_ament_install'
[1.118s] Level 1:colcon.colcon_core.package_identification:_identify(test/test2) by extensions ['colcon_pkg']
[1.118s] Level 1:colcon.colcon_core.package_identification:_identify(test/test2) by extension 'colcon_pkg'
[1.118s] Level 1:colcon.colcon_core.package_identification:_identify(test/test2) by extensions ['colcon_meta']
[1.118s] Level 1:colcon.colcon_core.package_identification:_identify(test/test2) by extension 'colcon_meta'
[1.118s] Level 1:colcon.colcon_core.package_identification:_identify(test/test2) by extensions ['ros']
[1.119s] Level 1:colcon.colcon_core.package_identification:_identify(test/test2) by extension 'ros'
[1.119s] Level 1:colcon.colcon_core.package_identification:_identify(test/test2) by extensions ['cmake', 'python']
[1.119s] Level 1:colcon.colcon_core.package_identification:_identify(test/test2) by extension 'cmake'
[1.119s] Level 1:colcon.colcon_core.package_identification:_identify(test/test2) by extension 'python'
[1.120s] Level 1:colcon.colcon_core.package_identification:_identify(test/test2) by extensions ['python_setup_py']
[1.120s] Level 1:colcon.colcon_core.package_identification:_identify(test/test2) by extension 'python_setup_py'
[1.120s] Level 1:colcon.colcon_core.package_discovery:discover_packages(recursive) using defaults
[1.120s] Level 1:colcon.colcon_core.package_discovery:discover_packages(ignore) discover
[1.121s] Level 1:colcon.colcon_core.package_discovery:discover_packages(ignore) using defaults
[1.121s] Level 1:colcon.colcon_core.package_discovery:discover_packages(path) discover
[1.121s] Level 1:colcon.colcon_core.package_discovery:discover_packages(path) using defaults
[1.231s] INFO:colcon.colcon_core.package_selection:Skipping not selected package 'ucsd_robocar_actuator2_pkg' in 'src/ucsd_robocar_hub2/ucsd_robocar_actuator2_pkg'
[1.232s] INFO:colcon.colcon_core.package_selection:Skipping not selected package 'ucsd_robocar_basics2_pkg' in 'src/ucsd_robocar_hub2/ucsd_robocar_basics2_pkg'
[1.232s] INFO:colcon.colcon_core.package_selection:Skipping not selected package 'ucsd_robocar_control2_pkg' in 'src/ucsd_robocar_hub2/ucsd_robocar_control2_pkg'
[1.232s] INFO:colcon.colcon_core.package_selection:Skipping not selected package 'ucsd_robocar_lane_detection2_pkg' in 'src/ucsd_robocar_hub2/ucsd_robocar_lane_detection2_pkg'
[1.232s] INFO:colcon.colcon_core.package_selection:Skipping not selected package 'ucsd_robocar_nav2_pkg' in 'src/ucsd_robocar_hub2/ucsd_robocar_nav2_pkg'
[1.233s] INFO:colcon.colcon_core.package_selection:Skipping not selected package 'ucsd_robocar_path2_pkg' in 'src/ucsd_robocar_hub2/ucsd_robocar_path2_pkg'
[1.233s] INFO:colcon.colcon_core.package_selection:Skipping not selected package 'ucsd_robocar_sensor2_pkg' in 'src/ucsd_robocar_hub2/ucsd_robocar_sensor2_pkg'
[1.236s] Level 5:colcon.colcon_core.verb:set package 'follow_the_gap_bridge' build argument 'cmake_args' from command line to 'None'
[1.237s] Level 5:colcon.colcon_core.verb:set package 'follow_the_gap_bridge' build argument 'cmake_target' from command line to 'None'
[1.237s] Level 5:colcon.colcon_core.verb:set package 'follow_the_gap_bridge' build argument 'cmake_target_skip_unavailable' from command line to 'False'
[1.237s] Level 5:colcon.colcon_core.verb:set package 'follow_the_gap_bridge' build argument 'cmake_clean_cache' from command line to 'False'
[1.237s] Level 5:colcon.colcon_core.verb:set package 'follow_the_gap_bridge' build argument 'cmake_clean_first' from command line to 'False'
[1.238s] Level 5:colcon.colcon_core.verb:set package 'follow_the_gap_bridge' build argument 'cmake_force_configure' from command line to 'False'
[1.238s] Level 5:colcon.colcon_core.verb:set package 'follow_the_gap_bridge' build argument 'ament_cmake_args' from command line to 'None'
[1.238s] Level 5:colcon.colcon_core.verb:set package 'follow_the_gap_bridge' build argument 'catkin_cmake_args' from command line to 'None'
[1.238s] Level 5:colcon.colcon_core.verb:set package 'follow_the_gap_bridge' build argument 'catkin_skip_building_tests' from command line to 'False'
[1.238s] DEBUG:colcon.colcon_core.verb:Building package 'follow_the_gap_bridge' with the following arguments: {'ament_cmake_args': None, 'build_base': '/home/projects/ros2_ws/build/follow_the_gap_bridge', 'catkin_cmake_args': None, 'catkin_skip_building_tests': False, 'cmake_args': None, 'cmake_clean_cache': False, 'cmake_clean_first': False, 'cmake_force_configure': False, 'cmake_target': None, 'cmake_target_skip_unavailable': False, 'install_base': '/home/projects/ros2_ws/install/follow_the_gap_bridge', 'merge_install': False, 'path': '/home/projects/ros2_ws/src/follow_the_gap_bridge', 'symlink_install': True, 'test_result_base': None}
[1.285s] WARNING:colcon.colcon_core.verb:Some selected packages are already built in one or more underlay workspaces:
	'follow_the_gap_bridge' is in: /home/projects/ros2_ws/install/follow_the_gap_bridge
If a package in a merged underlay workspace is overridden and it installs headers, then all packages in the overlay must sort their include directories by workspace order. Failure to do so may result in build failures or undefined behavior at run time.
If the overridden package is used by another package in any underlay, then the overriding package in the overlay must be API and ABI compatible or undefined behavior at run time may occur.

If you understand the risks and want to override a package anyways, add the following to the command line:
	--allow-overriding follow_the_gap_bridge

This may be promoted to an error in a future release of colcon-core.
[1.288s] INFO:colcon.colcon_core.executor:Executing jobs using 'parallel' executor
[1.302s] DEBUG:colcon.colcon_parallel_executor.executor.parallel:run_until_complete
[1.304s] INFO:colcon.colcon_ros.task.ament_python.build:Building ROS package in '/home/projects/ros2_ws/src/follow_the_gap_bridge' with build type 'ament_python'
[1.305s] Level 1:colcon.colcon_core.shell:create_environment_hook('follow_the_gap_bridge', 'ament_prefix_path')
[1.369s] INFO:colcon.colcon_core.plugin_system:Skipping extension 'colcon_core.shell.bat': Not used on non-Windows systems
[1.371s] INFO:colcon.colcon_core.shell:Creating environment hook '/home/projects/ros2_ws/install/follow_the_gap_bridge/share/follow_the_gap_bridge/hook/ament_prefix_path.ps1'
[1.374s] INFO:colcon.colcon_core.shell:Creating environment descriptor '/home/projects/ros2_ws/install/follow_the_gap_bridge/share/follow_the_gap_bridge/hook/ament_prefix_path.dsv'
[1.376s] INFO:colcon.colcon_core.shell:Creating environment hook '/home/projects/ros2_ws/install/follow_the_gap_bridge/share/follow_the_gap_bridge/hook/ament_prefix_path.sh'
[1.381s] INFO:colcon.colcon_core.shell:Skip shell extension 'powershell' for command environment: Not usable outside of PowerShell
[1.382s] DEBUG:colcon.colcon_core.shell:Skip shell extension 'dsv' for command environment
[3.159s] INFO:colcon.colcon_core.task.python.build:Building Python package in '/home/projects/ros2_ws/src/follow_the_gap_bridge'
[3.166s] INFO:colcon.colcon_core.shell:Skip shell extension 'powershell' for command environment: Not usable outside of PowerShell
[3.166s] DEBUG:colcon.colcon_core.shell:Skip shell extension 'dsv' for command environment
[5.668s] DEBUG:colcon.colcon_core.event_handler.log_command:Invoking command in '/home/projects/ros2_ws/build/follow_the_gap_bridge': PYTHONPATH=/home/projects/ros2_ws/install/follow_the_gap_bridge/lib/python3.8/site-packages:${PYTHONPATH} /usr/bin/python3 setup.py develop --prefix /home/projects/ros2_ws/install/follow_the_gap_bridge --editable --build-directory /home/projects/ros2_ws/build/follow_the_gap_bridge/build --no-deps install_data --install-dir /home/projects/ros2_ws/install/follow_the_gap_bridge
[8.710s] Level 1:colcon.colcon_core.shell:create_environment_hook('follow_the_gap_bridge', 'pythonpath_develop')
[8.720s] INFO:colcon.colcon_core.shell:Creating environment hook '/home/projects/ros2_ws/build/follow_the_gap_bridge/share/follow_the_gap_bridge/hook/pythonpath_develop.ps1'
[8.722s] DEBUG:colcon.colcon_core.event_handler.log_command:Invoked command in '/home/projects/ros2_ws/build/follow_the_gap_bridge' returned '0': PYTHONPATH=/home/projects/ros2_ws/install/follow_the_gap_bridge/lib/python3.8/site-packages:${PYTHONPATH} /usr/bin/python3 setup.py develop --prefix /home/projects/ros2_ws/install/follow_the_gap_bridge --editable --build-directory /home/projects/ros2_ws/build/follow_the_gap_bridge/build --no-deps install_data --install-dir /home/projects/ros2_ws/install/follow_the_gap_bridge
[8.726s] INFO:colcon.colcon_core.shell:Creating environment descriptor '/home/projects/ros2_ws/build/follow_the_gap_bridge/share/follow_the_gap_bridge/hook/pythonpath_develop.dsv'
[8.728s] INFO:colcon.colcon_core.shell:Creating environment hook '/home/projects/ros2_ws/build/follow_the_gap_bridge/share/follow_the_gap_bridge/hook/pythonpath_develop.sh'
[8.758s] Level 1:colcon.colcon_core.environment:checking '/home/projects/ros2_ws/install/follow_the_gap_bridge' for CMake module files
[8.761s] Level 1:colcon.colcon_core.environment:checking '/home/projects/ros2_ws/install/follow_the_gap_bridge' for CMake config files
[8.765s] Level 1:colcon.colcon_core.environment:checking '/home/projects/ros2_ws/install/follow_the_gap_bridge/lib'
[8.766s] Level 1:colcon.colcon_core.environment:checking '/home/projects/ros2_ws/install/follow_the_gap_bridge/bin'
[8.767s] Level 1:colcon.colcon_core.environment:checking '/home/projects/ros2_ws/install/follow_the_gap_bridge/lib/pkgconfig/follow_the_gap_bridge.pc'
[8.767s] Level 1:colcon.colcon_core.environment:checking '/home/projects/ros2_ws/install/follow_the_gap_bridge/lib/python3.8/site-packages'
[8.767s] Level 1:colcon.colcon_core.shell:create_environment_hook('follow_the_gap_bridge', 'pythonpath')
[8.770s] INFO:colcon.colcon_core.shell:Creating environment hook '/home/projects/ros2_ws/install/follow_the_gap_bridge/share/follow_the_gap_bridge/hook/pythonpath.ps1'
[8.772s] INFO:colcon.colcon_core.shell:Creating environment descriptor '/home/projects/ros2_ws/install/follow_the_gap_bridge/share/follow_the_gap_bridge/hook/pythonpath.dsv'
[8.774s] INFO:colcon.colcon_core.shell:Creating environment hook '/home/projects/ros2_ws/install/follow_the_gap_bridge/share/follow_the_gap_bridge/hook/pythonpath.sh'
[8.776s] Level 1:colcon.colcon_core.environment:create_environment_scripts_only(follow_the_gap_bridge)
[8.780s] INFO:colcon.colcon_core.shell:Creating package script '/home/projects/ros2_ws/install/follow_the_gap_bridge/share/follow_the_gap_bridge/package.ps1'
[8.784s] INFO:colcon.colcon_core.shell:Creating package descriptor '/home/projects/ros2_ws/install/follow_the_gap_bridge/share/follow_the_gap_bridge/package.dsv'
[8.787s] INFO:colcon.colcon_core.shell:Creating package script '/home/projects/ros2_ws/install/follow_the_gap_bridge/share/follow_the_gap_bridge/package.sh'
[8.791s] INFO:colcon.colcon_core.shell:Creating package script '/home/projects/ros2_ws/install/follow_the_gap_bridge/share/follow_the_gap_bridge/package.bash'
[8.795s] INFO:colcon.colcon_core.shell:Creating package script '/home/projects/ros2_ws/install/follow_the_gap_bridge/share/follow_the_gap_bridge/package.zsh'
[8.799s] Level 1:colcon.colcon_core.environment:create_file_with_runtime_dependencies(/home/projects/ros2_ws/install/follow_the_gap_bridge/share/colcon-core/packages/follow_the_gap_bridge)
[8.801s] DEBUG:colcon.colcon_parallel_executor.executor.parallel:closing loop
[8.803s] DEBUG:colcon.colcon_parallel_executor.executor.parallel:loop closed
[8.804s] DEBUG:colcon.colcon_parallel_executor.executor.parallel:run_until_complete finished with '0'
[8.804s] DEBUG:colcon.colcon_core.event_reactor:joining thread
[8.839s] INFO:colcon.colcon_core.plugin_system:Skipping extension 'colcon_notification.desktop_notification.notify_send': Could not find 'notify-send'
[8.839s] INFO:colcon.colcon_core.plugin_system:Skipping extension 'colcon_notification.desktop_notification.terminal_notifier': Not used on non-Darwin systems
[8.840s] INFO:colcon.colcon_core.plugin_system:Skipping extension 'colcon_notification.desktop_notification.win32': Not used on non-Windows systems
[8.840s] INFO:colcon.colcon_notification.desktop_notification:Sending desktop notification using 'notify2'
[8.962s] DEBUG:colcon.colcon_notification.desktop_notification.notify2:Failed to initialize notify2: org.freedesktop.DBus.Error.ServiceUnknown: The name org.freedesktop.Notifications was not provided by any .service files
[8.964s] DEBUG:colcon.colcon_core.event_reactor:joined thread
[8.973s] INFO:colcon.colcon_core.shell:Creating prefix script '/home/projects/ros2_ws/install/local_setup.ps1'
[8.979s] INFO:colcon.colcon_core.shell:Creating prefix util module '/home/projects/ros2_ws/install/_local_setup_util_ps1.py'
[8.986s] INFO:colcon.colcon_core.shell:Creating prefix chain script '/home/projects/ros2_ws/install/setup.ps1'
[9.002s] INFO:colcon.colcon_core.shell:Creating prefix script '/home/projects/ros2_ws/install/local_setup.sh'
[9.005s] INFO:colcon.colcon_core.shell:Creating prefix util module '/home/projects/ros2_ws/install/_local_setup_util_sh.py'
[9.007s] INFO:colcon.colcon_core.shell:Creating prefix chain script '/home/projects/ros2_ws/install/setup.sh'
[9.022s] INFO:colcon.colcon_core.shell:Creating prefix script '/home/projects/ros2_ws/install/local_setup.bash'
[9.025s] INFO:colcon.colcon_core.shell:Creating prefix chain script '/home/projects/ros2_ws/install/setup.bash'
[9.039s] INFO:colcon.colcon_core.shell:Creating prefix script '/home/projects/ros2_ws/install/local_setup.zsh'
[9.041s] INFO:colcon.colcon_core.shell:Creating prefix chain script '/home/projects/ros2_ws/install/setup.zsh'
