[15.249s] Invoking command in '/home/projects/ros2_ws/src/ucsd_robocar_hub2/ucsd_robocar_lane_detection2_pkg': PYTHONPATH=/home/projects/ros2_ws/install/ucsd_robocar_lane_detection2_pkg/lib/python3.8/site-packages:${PYTHONPATH} /usr/bin/python3 setup.py egg_info --egg-base ../../../build/ucsd_robocar_lane_detection2_pkg build --build-base /home/projects/ros2_ws/build/ucsd_robocar_lane_detection2_pkg/build install --prefix /home/projects/ros2_ws/install/ucsd_robocar_lane_detection2_pkg --record /home/projects/ros2_ws/build/ucsd_robocar_lane_detection2_pkg/install.log --single-version-externally-managed
[17.629s] /usr/local/lib/python3.8/dist-packages/setuptools/dist.py:717: UserWarning: Usage of dash-separated 'script-dir' will not be supported in future versions. Please use the underscore name 'script_dir' instead
[17.630s]   warnings.warn(
[17.631s] /usr/local/lib/python3.8/dist-packages/setuptools/dist.py:717: UserWarning: Usage of dash-separated 'install-scripts' will not be supported in future versions. Please use the underscore name 'install_scripts' instead
[17.632s]   warnings.warn(
[17.810s] running egg_info
[17.815s] creating ../../../build/ucsd_robocar_lane_detection2_pkg/ucsd_robocar_lane_detection2_pkg.egg-info
[17.816s] writing ../../../build/ucsd_robocar_lane_detection2_pkg/ucsd_robocar_lane_detection2_pkg.egg-info/PKG-INFO
[17.819s] writing dependency_links to ../../../build/ucsd_robocar_lane_detection2_pkg/ucsd_robocar_lane_detection2_pkg.egg-info/dependency_links.txt
[17.819s] writing entry points to ../../../build/ucsd_robocar_lane_detection2_pkg/ucsd_robocar_lane_detection2_pkg.egg-info/entry_points.txt
[17.820s] writing requirements to ../../../build/ucsd_robocar_lane_detection2_pkg/ucsd_robocar_lane_detection2_pkg.egg-info/requires.txt
[17.822s] writing top-level names to ../../../build/ucsd_robocar_lane_detection2_pkg/ucsd_robocar_lane_detection2_pkg.egg-info/top_level.txt
[17.831s] writing manifest file '../../../build/ucsd_robocar_lane_detection2_pkg/ucsd_robocar_lane_detection2_pkg.egg-info/SOURCES.txt'
[17.844s] reading manifest file '../../../build/ucsd_robocar_lane_detection2_pkg/ucsd_robocar_lane_detection2_pkg.egg-info/SOURCES.txt'
[17.852s] writing manifest file '../../../build/ucsd_robocar_lane_detection2_pkg/ucsd_robocar_lane_detection2_pkg.egg-info/SOURCES.txt'
[17.853s] running build
[17.854s] running build_py
[17.855s] creating /home/projects/ros2_ws/build/ucsd_robocar_lane_detection2_pkg/build
[17.856s] creating /home/projects/ros2_ws/build/ucsd_robocar_lane_detection2_pkg/build/lib
[17.856s] creating /home/projects/ros2_ws/build/ucsd_robocar_lane_detection2_pkg/build/lib/ucsd_robocar_lane_detection2_pkg
[17.857s] copying ucsd_robocar_lane_detection2_pkg/lane_detection_node.py -> /home/projects/ros2_ws/build/ucsd_robocar_lane_detection2_pkg/build/lib/ucsd_robocar_lane_detection2_pkg
[17.860s] copying ucsd_robocar_lane_detection2_pkg/__init__.py -> /home/projects/ros2_ws/build/ucsd_robocar_lane_detection2_pkg/build/lib/ucsd_robocar_lane_detection2_pkg
[17.861s] copying ucsd_robocar_lane_detection2_pkg/lane_guidance_node.py -> /home/projects/ros2_ws/build/ucsd_robocar_lane_detection2_pkg/build/lib/ucsd_robocar_lane_detection2_pkg
[17.863s] copying ucsd_robocar_lane_detection2_pkg/calibration_node.py -> /home/projects/ros2_ws/build/ucsd_robocar_lane_detection2_pkg/build/lib/ucsd_robocar_lane_detection2_pkg
[17.865s] running install
[17.875s] running install_lib
[17.879s] creating /home/projects/ros2_ws/install/ucsd_robocar_lane_detection2_pkg/lib/python3.8/site-packages/ucsd_robocar_lane_detection2_pkg
[17.881s] copying /home/projects/ros2_ws/build/ucsd_robocar_lane_detection2_pkg/build/lib/ucsd_robocar_lane_detection2_pkg/lane_detection_node.py -> /home/projects/ros2_ws/install/ucsd_robocar_lane_detection2_pkg/lib/python3.8/site-packages/ucsd_robocar_lane_detection2_pkg
[17.882s] copying /home/projects/ros2_ws/build/ucsd_robocar_lane_detection2_pkg/build/lib/ucsd_robocar_lane_detection2_pkg/__init__.py -> /home/projects/ros2_ws/install/ucsd_robocar_lane_detection2_pkg/lib/python3.8/site-packages/ucsd_robocar_lane_detection2_pkg
[17.883s] copying /home/projects/ros2_ws/build/ucsd_robocar_lane_detection2_pkg/build/lib/ucsd_robocar_lane_detection2_pkg/lane_guidance_node.py -> /home/projects/ros2_ws/install/ucsd_robocar_lane_detection2_pkg/lib/python3.8/site-packages/ucsd_robocar_lane_detection2_pkg
[17.883s] copying /home/projects/ros2_ws/build/ucsd_robocar_lane_detection2_pkg/build/lib/ucsd_robocar_lane_detection2_pkg/calibration_node.py -> /home/projects/ros2_ws/install/ucsd_robocar_lane_detection2_pkg/lib/python3.8/site-packages/ucsd_robocar_lane_detection2_pkg
[17.890s] byte-compiling /home/projects/ros2_ws/install/ucsd_robocar_lane_detection2_pkg/lib/python3.8/site-packages/ucsd_robocar_lane_detection2_pkg/lane_detection_node.py to lane_detection_node.cpython-38.pyc
[17.904s] byte-compiling /home/projects/ros2_ws/install/ucsd_robocar_lane_detection2_pkg/lib/python3.8/site-packages/ucsd_robocar_lane_detection2_pkg/__init__.py to __init__.cpython-38.pyc
[17.904s] byte-compiling /home/projects/ros2_ws/install/ucsd_robocar_lane_detection2_pkg/lib/python3.8/site-packages/ucsd_robocar_lane_detection2_pkg/lane_guidance_node.py to lane_guidance_node.cpython-38.pyc
[17.907s] byte-compiling /home/projects/ros2_ws/install/ucsd_robocar_lane_detection2_pkg/lib/python3.8/site-packages/ucsd_robocar_lane_detection2_pkg/calibration_node.py to calibration_node.cpython-38.pyc
[17.972s] running install_data
[17.978s] creating /home/projects/ros2_ws/install/ucsd_robocar_lane_detection2_pkg/share/ament_index
[17.979s] creating /home/projects/ros2_ws/install/ucsd_robocar_lane_detection2_pkg/share/ament_index/resource_index
[17.979s] creating /home/projects/ros2_ws/install/ucsd_robocar_lane_detection2_pkg/share/ament_index/resource_index/packages
[17.980s] copying resource/ucsd_robocar_lane_detection2_pkg -> /home/projects/ros2_ws/install/ucsd_robocar_lane_detection2_pkg/share/ament_index/resource_index/packages
[17.981s] copying package.xml -> /home/projects/ros2_ws/install/ucsd_robocar_lane_detection2_pkg/share/ucsd_robocar_lane_detection2_pkg
[17.982s] creating /home/projects/ros2_ws/install/ucsd_robocar_lane_detection2_pkg/share/ucsd_robocar_lane_detection2_pkg/launch
[17.982s] copying launch/camera_nav_calibration.launch.py -> /home/projects/ros2_ws/install/ucsd_robocar_lane_detection2_pkg/share/ucsd_robocar_lane_detection2_pkg/launch
[17.983s] copying launch/camera_nav.launch.py -> /home/projects/ros2_ws/install/ucsd_robocar_lane_detection2_pkg/share/ucsd_robocar_lane_detection2_pkg/launch
[17.984s] creating /home/projects/ros2_ws/install/ucsd_robocar_lane_detection2_pkg/share/ucsd_robocar_lane_detection2_pkg/config
[17.985s] copying config/ros_racer_calibration.yaml -> /home/projects/ros2_ws/install/ucsd_robocar_lane_detection2_pkg/share/ucsd_robocar_lane_detection2_pkg/config
[17.985s] running install_egg_info
[17.995s] Copying ../../../build/ucsd_robocar_lane_detection2_pkg/ucsd_robocar_lane_detection2_pkg.egg-info to /home/projects/ros2_ws/install/ucsd_robocar_lane_detection2_pkg/lib/python3.8/site-packages/ucsd_robocar_lane_detection2_pkg-0.0.0-py3.8.egg-info
[17.999s] running install_scripts
[18.104s] Installing calibration_node script to /home/projects/ros2_ws/install/ucsd_robocar_lane_detection2_pkg/lib/ucsd_robocar_lane_detection2_pkg
[18.105s] Installing lane_detection_node script to /home/projects/ros2_ws/install/ucsd_robocar_lane_detection2_pkg/lib/ucsd_robocar_lane_detection2_pkg
[18.106s] Installing lane_guidance_node script to /home/projects/ros2_ws/install/ucsd_robocar_lane_detection2_pkg/lib/ucsd_robocar_lane_detection2_pkg
[18.110s] writing list of installed files to '/home/projects/ros2_ws/build/ucsd_robocar_lane_detection2_pkg/install.log'
[19.749s] Invoked command in '/home/projects/ros2_ws/src/ucsd_robocar_hub2/ucsd_robocar_lane_detection2_pkg' returned '0': PYTHONPATH=/home/projects/ros2_ws/install/ucsd_robocar_lane_detection2_pkg/lib/python3.8/site-packages:${PYTHONPATH} /usr/bin/python3 setup.py egg_info --egg-base ../../../build/ucsd_robocar_lane_detection2_pkg build --build-base /home/projects/ros2_ws/build/ucsd_robocar_lane_detection2_pkg/build install --prefix /home/projects/ros2_ws/install/ucsd_robocar_lane_detection2_pkg --record /home/projects/ros2_ws/build/ucsd_robocar_lane_detection2_pkg/install.log --single-version-externally-managed
