[0.859s] DEBUG:colcon:Command line arguments: ['/usr/bin/colcon', 'build']
[0.859s] DEBUG:colcon:Parsed command line arguments: Namespace(ament_cmake_args=None, base_paths=['.'], build_base='build', catkin_cmake_args=None, catkin_skip_building_tests=False, cmake_args=None, cmake_clean_cache=False, cmake_clean_first=False, cmake_force_configure=False, cmake_target=None, cmake_target_skip_unavailable=False, continue_on_error=False, event_handlers=None, executor='parallel', ignore_user_meta=False, install_base='install', log_base=None, log_level=None, main=<bound method BuildVerb.main of <colcon_core.verb.build.BuildVerb object at 0x7fb0baec70>>, merge_install=False, metas=['./colcon.meta'], mixin=None, mixin_files=None, mixin_verb=('build',), packages_above=None, packages_above_and_dependencies=None, packages_above_depth=None, packages_end=None, packages_ignore=None, packages_ignore_regex=None, packages_select=None, packages_select_build_failed=False, packages_select_by_dep=None, packages_select_regex=None, packages_select_test_failures=False, packages_skip=None, packages_skip_build_finished=False, packages_skip_by_dep=None, packages_skip_regex=None, packages_skip_test_passed=False, packages_skip_up_to=None, packages_start=None, packages_up_to=None, packages_up_to_regex=None, parallel_workers=8, paths=None, symlink_install=False, test_result_base=None, verb_extension=<colcon_core.verb.build.BuildVerb object at 0x7fb0baec70>, verb_name='build', verb_parser=<colcon_mixin.mixin.mixin_argument.MixinArgumentDecorator object at 0x7fb0b3a280>)
[0.874s] Level 1:colcon.colcon_core.package_discovery:discover_packages(colcon_meta) check parameters
[0.875s] INFO:colcon.colcon_metadata.package_discovery.colcon_meta:Using configuration from '/root/.colcon/metadata/default/Gazebo.meta'
[0.877s] INFO:colcon.colcon_metadata.package_discovery.colcon_meta:Using configuration from '/root/.colcon/metadata/default/fastrtps.meta'
[0.877s] Level 1:colcon.colcon_core.package_discovery:discover_packages(recursive) check parameters
[0.877s] Level 1:colcon.colcon_core.package_discovery:discover_packages(ignore) check parameters
[0.877s] Level 1:colcon.colcon_core.package_discovery:discover_packages(path) check parameters
[0.877s] Level 1:colcon.colcon_core.package_discovery:discover_packages(colcon_meta) discover
[0.877s] Level 1:colcon.colcon_core.package_discovery:discover_packages(recursive) discover
[0.878s] INFO:colcon.colcon_core.package_discovery:Crawling recursively for packages in '/home/projects/sensor_ws/src/lidars/ld06'
[0.878s] Level 1:colcon.colcon_core.package_identification:_identify(.) by extensions ['ignore', 'ignore_ament_install']
[0.878s] Level 1:colcon.colcon_core.package_identification:_identify(.) by extension 'ignore'
[0.878s] Level 1:colcon.colcon_core.package_identification:_identify(.) by extension 'ignore_ament_install'
[0.879s] Level 1:colcon.colcon_core.package_identification:_identify(.) by extensions ['colcon_pkg']
[0.879s] Level 1:colcon.colcon_core.package_identification:_identify(.) by extension 'colcon_pkg'
[0.879s] Level 1:colcon.colcon_core.package_identification:_identify(.) by extensions ['colcon_meta']
[0.879s] Level 1:colcon.colcon_core.package_identification:_identify(.) by extension 'colcon_meta'
[0.879s] Level 1:colcon.colcon_core.package_identification:_identify(.) by extensions ['ros']
[0.879s] Level 1:colcon.colcon_core.package_identification:_identify(.) by extension 'ros'
[0.912s] Level 1:colcon.colcon_core.package_identification:_identify(.) by extensions ['cmake', 'python']
[0.913s] Level 1:colcon.colcon_core.package_identification:_identify(.) by extension 'cmake'
[0.913s] Level 1:colcon.colcon_core.package_identification:_identify(.) by extension 'python'
[0.913s] Level 1:colcon.colcon_core.package_identification:_identify(.) by extensions ['python_setup_py']
[0.913s] Level 1:colcon.colcon_core.package_identification:_identify(.) by extension 'python_setup_py'
[0.913s] Level 1:colcon.colcon_core.package_identification:_identify(build) by extensions ['ignore', 'ignore_ament_install']
[0.914s] Level 1:colcon.colcon_core.package_identification:_identify(build) by extension 'ignore'
[0.914s] Level 1:colcon.colcon_core.package_identification:_identify(build) ignored
[0.914s] Level 1:colcon.colcon_core.package_identification:_identify(install) by extensions ['ignore', 'ignore_ament_install']
[0.915s] Level 1:colcon.colcon_core.package_identification:_identify(install) by extension 'ignore'
[0.915s] Level 1:colcon.colcon_core.package_identification:_identify(install) ignored
[0.915s] Level 1:colcon.colcon_core.package_identification:_identify(log) by extensions ['ignore', 'ignore_ament_install']
[0.915s] Level 1:colcon.colcon_core.package_identification:_identify(log) by extension 'ignore'
[0.915s] Level 1:colcon.colcon_core.package_identification:_identify(log) ignored
[0.916s] Level 1:colcon.colcon_core.package_identification:_identify(src) by extensions ['ignore', 'ignore_ament_install']
[0.916s] Level 1:colcon.colcon_core.package_identification:_identify(src) by extension 'ignore'
[0.916s] Level 1:colcon.colcon_core.package_identification:_identify(src) by extension 'ignore_ament_install'
[0.916s] Level 1:colcon.colcon_core.package_identification:_identify(src) by extensions ['colcon_pkg']
[0.916s] Level 1:colcon.colcon_core.package_identification:_identify(src) by extension 'colcon_pkg'
[0.916s] Level 1:colcon.colcon_core.package_identification:_identify(src) by extensions ['colcon_meta']
[0.917s] Level 1:colcon.colcon_core.package_identification:_identify(src) by extension 'colcon_meta'
[0.917s] Level 1:colcon.colcon_core.package_identification:_identify(src) by extensions ['ros']
[0.917s] Level 1:colcon.colcon_core.package_identification:_identify(src) by extension 'ros'
[0.917s] Level 1:colcon.colcon_core.package_identification:_identify(src) by extensions ['cmake', 'python']
[0.917s] Level 1:colcon.colcon_core.package_identification:_identify(src) by extension 'cmake'
[0.917s] Level 1:colcon.colcon_core.package_identification:_identify(src) by extension 'python'
[0.917s] Level 1:colcon.colcon_core.package_identification:_identify(src) by extensions ['python_setup_py']
[0.917s] Level 1:colcon.colcon_core.package_identification:_identify(src) by extension 'python_setup_py'
[0.918s] Level 1:colcon.colcon_core.package_identification:_identify(src/ldlidar) by extensions ['ignore', 'ignore_ament_install']
[0.918s] Level 1:colcon.colcon_core.package_identification:_identify(src/ldlidar) by extension 'ignore'
[0.918s] Level 1:colcon.colcon_core.package_identification:_identify(src/ldlidar) by extension 'ignore_ament_install'
[0.918s] Level 1:colcon.colcon_core.package_identification:_identify(src/ldlidar) by extensions ['colcon_pkg']
[0.918s] Level 1:colcon.colcon_core.package_identification:_identify(src/ldlidar) by extension 'colcon_pkg'
[0.919s] Level 1:colcon.colcon_core.package_identification:_identify(src/ldlidar) by extensions ['colcon_meta']
[0.919s] Level 1:colcon.colcon_core.package_identification:_identify(src/ldlidar) by extension 'colcon_meta'
[0.919s] Level 1:colcon.colcon_core.package_identification:_identify(src/ldlidar) by extensions ['ros']
[0.919s] Level 1:colcon.colcon_core.package_identification:_identify(src/ldlidar) by extension 'ros'
[0.925s] DEBUG:colcon.colcon_core.package_identification:Package 'src/ldlidar' with type 'ros.ament_cmake' and name 'ldlidar'
[0.925s] Level 1:colcon.colcon_core.package_discovery:discover_packages(recursive) using defaults
[0.926s] Level 1:colcon.colcon_core.package_discovery:discover_packages(ignore) discover
[0.926s] Level 1:colcon.colcon_core.package_discovery:discover_packages(ignore) using defaults
[0.926s] Level 1:colcon.colcon_core.package_discovery:discover_packages(path) discover
[0.926s] Level 1:colcon.colcon_core.package_discovery:discover_packages(path) using defaults
[0.975s] Level 5:colcon.colcon_core.verb:set package 'ldlidar' build argument 'cmake_args' from command line to 'None'
[0.975s] Level 5:colcon.colcon_core.verb:set package 'ldlidar' build argument 'cmake_target' from command line to 'None'
[0.975s] Level 5:colcon.colcon_core.verb:set package 'ldlidar' build argument 'cmake_target_skip_unavailable' from command line to 'False'
[0.976s] Level 5:colcon.colcon_core.verb:set package 'ldlidar' build argument 'cmake_clean_cache' from command line to 'False'
[0.976s] Level 5:colcon.colcon_core.verb:set package 'ldlidar' build argument 'cmake_clean_first' from command line to 'False'
[0.976s] Level 5:colcon.colcon_core.verb:set package 'ldlidar' build argument 'cmake_force_configure' from command line to 'False'
[0.976s] Level 5:colcon.colcon_core.verb:set package 'ldlidar' build argument 'ament_cmake_args' from command line to 'None'
[0.976s] Level 5:colcon.colcon_core.verb:set package 'ldlidar' build argument 'catkin_cmake_args' from command line to 'None'
[0.976s] Level 5:colcon.colcon_core.verb:set package 'ldlidar' build argument 'catkin_skip_building_tests' from command line to 'False'
[0.976s] DEBUG:colcon.colcon_core.verb:Building package 'ldlidar' with the following arguments: {'ament_cmake_args': None, 'build_base': '/home/projects/sensor_ws/src/lidars/ld06/build/ldlidar', 'catkin_cmake_args': None, 'catkin_skip_building_tests': False, 'cmake_args': None, 'cmake_clean_cache': False, 'cmake_clean_first': False, 'cmake_force_configure': False, 'cmake_target': None, 'cmake_target_skip_unavailable': False, 'install_base': '/home/projects/sensor_ws/src/lidars/ld06/install/ldlidar', 'merge_install': False, 'path': '/home/projects/sensor_ws/src/lidars/ld06/src/ldlidar', 'symlink_install': False, 'test_result_base': None}
[0.977s] INFO:colcon.colcon_core.executor:Executing jobs using 'parallel' executor
[0.982s] DEBUG:colcon.colcon_parallel_executor.executor.parallel:run_until_complete
[0.983s] INFO:colcon.colcon_ros.task.ament_cmake.build:Building ROS package in '/home/projects/sensor_ws/src/lidars/ld06/src/ldlidar' with build type 'ament_cmake'
[0.983s] INFO:colcon.colcon_cmake.task.cmake.build:Building CMake package in '/home/projects/sensor_ws/src/lidars/ld06/src/ldlidar'
[0.993s] INFO:colcon.colcon_core.plugin_system:Skipping extension 'colcon_core.shell.bat': Not used on non-Windows systems
[0.994s] INFO:colcon.colcon_core.shell:Skip shell extension 'powershell' for command environment: Not usable outside of PowerShell
[0.994s] DEBUG:colcon.colcon_core.shell:Skip shell extension 'dsv' for command environment
[1.000s] DEBUG:colcon.colcon_core.shell:Ignoring prefix path '/opt/ros/foxy'
[1.027s] DEBUG:colcon.colcon_core.event_handler.log_command:Invoking command in '/home/projects/sensor_ws/src/lidars/ld06/build/ldlidar': CMAKE_PREFIX_PATH=/opt/ros/foxy /usr/bin/cmake /home/projects/sensor_ws/src/lidars/ld06/src/ldlidar -DCMAKE_INSTALL_PREFIX=/home/projects/sensor_ws/src/lidars/ld06/install/ldlidar
[5.114s] DEBUG:colcon.colcon_core.event_handler.log_command:Invoked command in '/home/projects/sensor_ws/src/lidars/ld06/build/ldlidar' returned '0': CMAKE_PREFIX_PATH=/opt/ros/foxy /usr/bin/cmake /home/projects/sensor_ws/src/lidars/ld06/src/ldlidar -DCMAKE_INSTALL_PREFIX=/home/projects/sensor_ws/src/lidars/ld06/install/ldlidar
[5.119s] DEBUG:colcon.colcon_core.event_handler.log_command:Invoking command in '/home/projects/sensor_ws/src/lidars/ld06/build/ldlidar': CMAKE_PREFIX_PATH=/opt/ros/foxy /usr/bin/cmake --build /home/projects/sensor_ws/src/lidars/ld06/build/ldlidar -- -j8 -l8
[13.523s] DEBUG:colcon.colcon_core.event_handler.log_command:Invoked command in '/home/projects/sensor_ws/src/lidars/ld06/build/ldlidar' returned '0': CMAKE_PREFIX_PATH=/opt/ros/foxy /usr/bin/cmake --build /home/projects/sensor_ws/src/lidars/ld06/build/ldlidar -- -j8 -l8
[13.679s] DEBUG:colcon.colcon_core.event_handler.log_command:Invoking command in '/home/projects/sensor_ws/src/lidars/ld06/build/ldlidar': CMAKE_PREFIX_PATH=/opt/ros/foxy /usr/bin/cmake --install /home/projects/sensor_ws/src/lidars/ld06/build/ldlidar
[13.722s] Level 1:colcon.colcon_core.environment:create_environment_scripts_only(ldlidar)
[13.725s] DEBUG:colcon.colcon_core.event_handler.log_command:Invoked command in '/home/projects/sensor_ws/src/lidars/ld06/build/ldlidar' returned '0': CMAKE_PREFIX_PATH=/opt/ros/foxy /usr/bin/cmake --install /home/projects/sensor_ws/src/lidars/ld06/build/ldlidar
[13.734s] Level 1:colcon.colcon_core.environment:checking '/home/projects/sensor_ws/src/lidars/ld06/install/ldlidar' for CMake module files
[13.736s] Level 1:colcon.colcon_core.environment:checking '/home/projects/sensor_ws/src/lidars/ld06/install/ldlidar' for CMake config files
[13.737s] Level 1:colcon.colcon_core.shell:create_environment_hook('ldlidar', 'cmake_prefix_path')
[13.739s] INFO:colcon.colcon_core.shell:Creating environment hook '/home/projects/sensor_ws/src/lidars/ld06/install/ldlidar/share/ldlidar/hook/cmake_prefix_path.ps1'
[13.741s] INFO:colcon.colcon_core.shell:Creating environment descriptor '/home/projects/sensor_ws/src/lidars/ld06/install/ldlidar/share/ldlidar/hook/cmake_prefix_path.dsv'
[13.742s] INFO:colcon.colcon_core.shell:Creating environment hook '/home/projects/sensor_ws/src/lidars/ld06/install/ldlidar/share/ldlidar/hook/cmake_prefix_path.sh'
[13.744s] Level 1:colcon.colcon_core.environment:checking '/home/projects/sensor_ws/src/lidars/ld06/install/ldlidar/lib'
[13.745s] Level 1:colcon.colcon_core.environment:checking '/home/projects/sensor_ws/src/lidars/ld06/install/ldlidar/bin'
[13.745s] Level 1:colcon.colcon_core.environment:checking '/home/projects/sensor_ws/src/lidars/ld06/install/ldlidar/lib/pkgconfig/ldlidar.pc'
[13.745s] Level 1:colcon.colcon_core.environment:checking '/home/projects/sensor_ws/src/lidars/ld06/install/ldlidar/lib/python3.8/site-packages'
[13.747s] INFO:colcon.colcon_core.shell:Creating package script '/home/projects/sensor_ws/src/lidars/ld06/install/ldlidar/share/ldlidar/package.ps1'
[13.750s] INFO:colcon.colcon_core.shell:Creating package descriptor '/home/projects/sensor_ws/src/lidars/ld06/install/ldlidar/share/ldlidar/package.dsv'
[13.752s] INFO:colcon.colcon_core.shell:Creating package script '/home/projects/sensor_ws/src/lidars/ld06/install/ldlidar/share/ldlidar/package.sh'
[13.754s] INFO:colcon.colcon_core.shell:Creating package script '/home/projects/sensor_ws/src/lidars/ld06/install/ldlidar/share/ldlidar/package.bash'
[13.756s] INFO:colcon.colcon_core.shell:Creating package script '/home/projects/sensor_ws/src/lidars/ld06/install/ldlidar/share/ldlidar/package.zsh'
[13.757s] Level 1:colcon.colcon_core.environment:create_file_with_runtime_dependencies(/home/projects/sensor_ws/src/lidars/ld06/install/ldlidar/share/colcon-core/packages/ldlidar)
[13.864s] Level 1:colcon.colcon_core.environment:create_environment_scripts_only(ldlidar)
[13.869s] Level 1:colcon.colcon_core.environment:checking '/home/projects/sensor_ws/src/lidars/ld06/install/ldlidar' for CMake module files
[13.871s] Level 1:colcon.colcon_core.environment:checking '/home/projects/sensor_ws/src/lidars/ld06/install/ldlidar' for CMake config files
[13.872s] Level 1:colcon.colcon_core.shell:create_environment_hook('ldlidar', 'cmake_prefix_path')
[13.873s] INFO:colcon.colcon_core.shell:Creating environment hook '/home/projects/sensor_ws/src/lidars/ld06/install/ldlidar/share/ldlidar/hook/cmake_prefix_path.ps1'
[13.875s] INFO:colcon.colcon_core.shell:Creating environment descriptor '/home/projects/sensor_ws/src/lidars/ld06/install/ldlidar/share/ldlidar/hook/cmake_prefix_path.dsv'
[13.876s] INFO:colcon.colcon_core.shell:Creating environment hook '/home/projects/sensor_ws/src/lidars/ld06/install/ldlidar/share/ldlidar/hook/cmake_prefix_path.sh'
[13.878s] Level 1:colcon.colcon_core.environment:checking '/home/projects/sensor_ws/src/lidars/ld06/install/ldlidar/lib'
[13.878s] Level 1:colcon.colcon_core.environment:checking '/home/projects/sensor_ws/src/lidars/ld06/install/ldlidar/bin'
[13.878s] Level 1:colcon.colcon_core.environment:checking '/home/projects/sensor_ws/src/lidars/ld06/install/ldlidar/lib/pkgconfig/ldlidar.pc'
[13.878s] Level 1:colcon.colcon_core.environment:checking '/home/projects/sensor_ws/src/lidars/ld06/install/ldlidar/lib/python3.8/site-packages'
[13.883s] INFO:colcon.colcon_core.shell:Creating package script '/home/projects/sensor_ws/src/lidars/ld06/install/ldlidar/share/ldlidar/package.ps1'
[13.885s] INFO:colcon.colcon_core.shell:Creating package descriptor '/home/projects/sensor_ws/src/lidars/ld06/install/ldlidar/share/ldlidar/package.dsv'
[13.886s] INFO:colcon.colcon_core.shell:Creating package script '/home/projects/sensor_ws/src/lidars/ld06/install/ldlidar/share/ldlidar/package.sh'
[13.891s] INFO:colcon.colcon_core.shell:Creating package script '/home/projects/sensor_ws/src/lidars/ld06/install/ldlidar/share/ldlidar/package.bash'
[13.892s] INFO:colcon.colcon_core.shell:Creating package script '/home/projects/sensor_ws/src/lidars/ld06/install/ldlidar/share/ldlidar/package.zsh'
[13.893s] Level 1:colcon.colcon_core.environment:create_file_with_runtime_dependencies(/home/projects/sensor_ws/src/lidars/ld06/install/ldlidar/share/colcon-core/packages/ldlidar)
[13.895s] DEBUG:colcon.colcon_parallel_executor.executor.parallel:closing loop
[13.897s] DEBUG:colcon.colcon_parallel_executor.executor.parallel:loop closed
[13.897s] DEBUG:colcon.colcon_parallel_executor.executor.parallel:run_until_complete finished with '0'
[13.898s] DEBUG:colcon.colcon_core.event_reactor:joining thread
[13.920s] INFO:colcon.colcon_core.plugin_system:Skipping extension 'colcon_notification.desktop_notification.notify_send': Could not find 'notify-send'
[13.920s] INFO:colcon.colcon_core.plugin_system:Skipping extension 'colcon_notification.desktop_notification.terminal_notifier': Not used on non-Darwin systems
[13.920s] INFO:colcon.colcon_core.plugin_system:Skipping extension 'colcon_notification.desktop_notification.win32': Not used on non-Windows systems
[13.921s] INFO:colcon.colcon_notification.desktop_notification:Sending desktop notification using 'notify2'
[13.921s] DEBUG:colcon.colcon_notification.desktop_notification.notify2:Failed to initialize notify2: org.freedesktop.DBus.Error.NotSupported: Unable to autolaunch a dbus-daemon without a $DISPLAY for X11
[13.921s] DEBUG:colcon.colcon_core.event_reactor:joined thread
[13.923s] INFO:colcon.colcon_core.shell:Creating prefix script '/home/projects/sensor_ws/src/lidars/ld06/install/local_setup.ps1'
[13.926s] INFO:colcon.colcon_core.shell:Creating prefix util module '/home/projects/sensor_ws/src/lidars/ld06/install/_local_setup_util_ps1.py'
[13.929s] INFO:colcon.colcon_core.shell:Creating prefix chain script '/home/projects/sensor_ws/src/lidars/ld06/install/setup.ps1'
[13.936s] INFO:colcon.colcon_core.shell:Creating prefix script '/home/projects/sensor_ws/src/lidars/ld06/install/local_setup.sh'
[13.937s] INFO:colcon.colcon_core.shell:Creating prefix util module '/home/projects/sensor_ws/src/lidars/ld06/install/_local_setup_util_sh.py'
[13.938s] INFO:colcon.colcon_core.shell:Creating prefix chain script '/home/projects/sensor_ws/src/lidars/ld06/install/setup.sh'
[13.946s] INFO:colcon.colcon_core.shell:Creating prefix script '/home/projects/sensor_ws/src/lidars/ld06/install/local_setup.bash'
[13.947s] INFO:colcon.colcon_core.shell:Creating prefix chain script '/home/projects/sensor_ws/src/lidars/ld06/install/setup.bash'
[13.953s] INFO:colcon.colcon_core.shell:Creating prefix script '/home/projects/sensor_ws/src/lidars/ld06/install/local_setup.zsh'
[13.954s] INFO:colcon.colcon_core.shell:Creating prefix chain script '/home/projects/sensor_ws/src/lidars/ld06/install/setup.zsh'
