/usr/local/lib/python3.8/dist-packages/setuptools/dist.py:717: UserWarning: Usage of dash-separated 'script-dir' will not be supported in future versions. Please use the underscore name 'script_dir' instead
  warnings.warn(
/usr/local/lib/python3.8/dist-packages/setuptools/dist.py:717: UserWarning: Usage of dash-separated 'install-scripts' will not be supported in future versions. Please use the underscore name 'install_scripts' instead
  warnings.warn(
running egg_info
creating ../../build/follow_the_gap_bridge/follow_the_gap_bridge.egg-info
writing ../../build/follow_the_gap_bridge/follow_the_gap_bridge.egg-info/PKG-INFO
writing dependency_links to ../../build/follow_the_gap_bridge/follow_the_gap_bridge.egg-info/dependency_links.txt
writing entry points to ../../build/follow_the_gap_bridge/follow_the_gap_bridge.egg-info/entry_points.txt
writing requirements to ../../build/follow_the_gap_bridge/follow_the_gap_bridge.egg-info/requires.txt
writing top-level names to ../../build/follow_the_gap_bridge/follow_the_gap_bridge.egg-info/top_level.txt
writing manifest file '../../build/follow_the_gap_bridge/follow_the_gap_bridge.egg-info/SOURCES.txt'
reading manifest file '../../build/follow_the_gap_bridge/follow_the_gap_bridge.egg-info/SOURCES.txt'
writing manifest file '../../build/follow_the_gap_bridge/follow_the_gap_bridge.egg-info/SOURCES.txt'
running build
running build_py
creating /home/projects/ros2_ws/build/follow_the_gap_bridge/build
creating /home/projects/ros2_ws/build/follow_the_gap_bridge/build/lib
creating /home/projects/ros2_ws/build/follow_the_gap_bridge/build/lib/follow_the_gap_bridge
copying follow_the_gap_bridge/follow_the_gap_bridge.py -> /home/projects/ros2_ws/build/follow_the_gap_bridge/build/lib/follow_the_gap_bridge
copying follow_the_gap_bridge/__init__.py -> /home/projects/ros2_ws/build/follow_the_gap_bridge/build/lib/follow_the_gap_bridge
running install
running install_lib
creating /home/projects/ros2_ws/install/follow_the_gap_bridge/lib/python3.8/site-packages/follow_the_gap_bridge
copying /home/projects/ros2_ws/build/follow_the_gap_bridge/build/lib/follow_the_gap_bridge/follow_the_gap_bridge.py -> /home/projects/ros2_ws/install/follow_the_gap_bridge/lib/python3.8/site-packages/follow_the_gap_bridge
copying /home/projects/ros2_ws/build/follow_the_gap_bridge/build/lib/follow_the_gap_bridge/__init__.py -> /home/projects/ros2_ws/install/follow_the_gap_bridge/lib/python3.8/site-packages/follow_the_gap_bridge
byte-compiling /home/projects/ros2_ws/install/follow_the_gap_bridge/lib/python3.8/site-packages/follow_the_gap_bridge/follow_the_gap_bridge.py to follow_the_gap_bridge.cpython-38.pyc
byte-compiling /home/projects/ros2_ws/install/follow_the_gap_bridge/lib/python3.8/site-packages/follow_the_gap_bridge/__init__.py to __init__.cpython-38.pyc
running install_data
creating /home/projects/ros2_ws/install/follow_the_gap_bridge/share/ament_index
creating /home/projects/ros2_ws/install/follow_the_gap_bridge/share/ament_index/resource_index
creating /home/projects/ros2_ws/install/follow_the_gap_bridge/share/ament_index/resource_index/packages
copying resource/follow_the_gap_bridge -> /home/projects/ros2_ws/install/follow_the_gap_bridge/share/ament_index/resource_index/packages
copying package.xml -> /home/projects/ros2_ws/install/follow_the_gap_bridge/share/follow_the_gap_bridge
running install_egg_info
Copying ../../build/follow_the_gap_bridge/follow_the_gap_bridge.egg-info to /home/projects/ros2_ws/install/follow_the_gap_bridge/lib/python3.8/site-packages/follow_the_gap_bridge-0.0.0-py3.8.egg-info
running install_scripts
Installing follow_the_gap_bridge script to /home/projects/ros2_ws/install/follow_the_gap_bridge/lib/follow_the_gap_bridge
writing list of installed files to '/home/projects/ros2_ws/build/follow_the_gap_bridge/install.log'
