[0.036s] Invoking command in '/home/projects/sensor_ws/src/gps/ublox/build/ublox_serialization': CMAKE_PREFIX_PATH=/opt/ros/foxy /usr/bin/cmake /home/projects/sensor_ws/src/gps/ublox/src/ublox/ublox_serialization -DCMAKE_INSTALL_PREFIX=/home/projects/sensor_ws/src/gps/ublox/install/ublox_serialization
[0.185s] -- The C compiler identification is GNU 9.3.0
[0.331s] -- The CXX compiler identification is GNU 9.3.0
[0.346s] -- Check for working C compiler: /usr/bin/cc
[0.526s] -- Check for working C compiler: /usr/bin/cc -- works
[0.528s] -- Detecting C compiler ABI info
[0.701s] -- Detecting C compiler ABI info - done
[0.743s] -- Detecting C compile features
[0.744s] -- Detecting C compile features - done
[0.751s] -- Check for working CXX compiler: /usr/bin/c++
[0.942s] -- Check for working CXX compiler: /usr/bin/c++ -- works
[0.945s] -- Detecting CXX compiler ABI info
[1.137s] -- Detecting CXX compiler ABI info - done
[1.172s] -- Detecting CXX compile features
[1.173s] -- Detecting CXX compile features - done
[1.179s] -- Found ament_cmake: 0.9.8 (/opt/ros/foxy/share/ament_cmake/cmake)
[1.240s] -- Found PythonInterp: /usr/bin/python3 (found suitable version "3.8.10", minimum required is "3") 
[1.240s] -- Using PYTHON_EXECUTABLE: /usr/bin/python3
[1.897s] -- Configuring done
[1.902s] -- Generating done
[1.905s] -- Build files have been written to: /home/projects/sensor_ws/src/gps/ublox/build/ublox_serialization
[1.915s] Invoked command in '/home/projects/sensor_ws/src/gps/ublox/build/ublox_serialization' returned '0': CMAKE_PREFIX_PATH=/opt/ros/foxy /usr/bin/cmake /home/projects/sensor_ws/src/gps/ublox/src/ublox/ublox_serialization -DCMAKE_INSTALL_PREFIX=/home/projects/sensor_ws/src/gps/ublox/install/ublox_serialization
[1.919s] Invoking command in '/home/projects/sensor_ws/src/gps/ublox/build/ublox_serialization': CMAKE_PREFIX_PATH=/opt/ros/foxy /usr/bin/cmake --build /home/projects/sensor_ws/src/gps/ublox/build/ublox_serialization -- -j8 -l8
[2.008s] Invoked command in '/home/projects/sensor_ws/src/gps/ublox/build/ublox_serialization' returned '0': CMAKE_PREFIX_PATH=/opt/ros/foxy /usr/bin/cmake --build /home/projects/sensor_ws/src/gps/ublox/build/ublox_serialization -- -j8 -l8
[2.110s] Invoking command in '/home/projects/sensor_ws/src/gps/ublox/build/ublox_serialization': CMAKE_PREFIX_PATH=/opt/ros/foxy /usr/bin/cmake --install /home/projects/sensor_ws/src/gps/ublox/build/ublox_serialization
[2.134s] -- Install configuration: ""
[2.134s] -- Installing: /home/projects/sensor_ws/src/gps/ublox/install/ublox_serialization/include
[2.135s] -- Installing: /home/projects/sensor_ws/src/gps/ublox/install/ublox_serialization/include/ublox_serialization
[2.135s] -- Installing: /home/projects/sensor_ws/src/gps/ublox/install/ublox_serialization/include/ublox_serialization/serialization.hpp
[2.136s] -- Installing: /home/projects/sensor_ws/src/gps/ublox/install/ublox_serialization/include/ublox_serialization/checksum.hpp
[2.136s] -- Installing: /home/projects/sensor_ws/src/gps/ublox/install/ublox_serialization/share/ament_index/resource_index/package_run_dependencies/ublox_serialization
[2.136s] -- Installing: /home/projects/sensor_ws/src/gps/ublox/install/ublox_serialization/share/ament_index/resource_index/parent_prefix_path/ublox_serialization
[2.137s] -- Installing: /home/projects/sensor_ws/src/gps/ublox/install/ublox_serialization/share/ublox_serialization/environment/ament_prefix_path.sh
[2.138s] -- Installing: /home/projects/sensor_ws/src/gps/ublox/install/ublox_serialization/share/ublox_serialization/environment/ament_prefix_path.dsv
[2.138s] -- Installing: /home/projects/sensor_ws/src/gps/ublox/install/ublox_serialization/share/ublox_serialization/environment/path.sh
[2.139s] -- Installing: /home/projects/sensor_ws/src/gps/ublox/install/ublox_serialization/share/ublox_serialization/environment/path.dsv
[2.139s] -- Installing: /home/projects/sensor_ws/src/gps/ublox/install/ublox_serialization/share/ublox_serialization/local_setup.bash
[2.139s] -- Installing: /home/projects/sensor_ws/src/gps/ublox/install/ublox_serialization/share/ublox_serialization/local_setup.sh
[2.140s] -- Installing: /home/projects/sensor_ws/src/gps/ublox/install/ublox_serialization/share/ublox_serialization/local_setup.zsh
[2.140s] -- Installing: /home/projects/sensor_ws/src/gps/ublox/install/ublox_serialization/share/ublox_serialization/local_setup.dsv
[2.141s] -- Installing: /home/projects/sensor_ws/src/gps/ublox/install/ublox_serialization/share/ublox_serialization/package.dsv
[2.141s] -- Installing: /home/projects/sensor_ws/src/gps/ublox/install/ublox_serialization/share/ament_index/resource_index/packages/ublox_serialization
[2.141s] -- Installing: /home/projects/sensor_ws/src/gps/ublox/install/ublox_serialization/share/ublox_serialization/cmake/ament_cmake_export_include_directories-extras.cmake
[2.142s] -- Installing: /home/projects/sensor_ws/src/gps/ublox/install/ublox_serialization/share/ublox_serialization/cmake/ublox_serializationConfig.cmake
[2.142s] -- Installing: /home/projects/sensor_ws/src/gps/ublox/install/ublox_serialization/share/ublox_serialization/cmake/ublox_serializationConfig-version.cmake
[2.142s] -- Installing: /home/projects/sensor_ws/src/gps/ublox/install/ublox_serialization/share/ublox_serialization/package.xml
[2.147s] Invoked command in '/home/projects/sensor_ws/src/gps/ublox/build/ublox_serialization' returned '0': CMAKE_PREFIX_PATH=/opt/ros/foxy /usr/bin/cmake --install /home/projects/sensor_ws/src/gps/ublox/build/ublox_serialization
