[0.042s] Invoking command in '/home/projects/sensor_ws/src/gps/ublox/build/ublox': AMENT_PREFIX_PATH=/home/projects/sensor_ws/src/gps/ublox/install/ublox_gps:/home/projects/sensor_ws/src/gps/ublox/install/ublox_msgs:/home/projects/sensor_ws/src/gps/ublox/install/ublox_serialization:${AMENT_PREFIX_PATH} CMAKE_PREFIX_PATH=/home/projects/sensor_ws/src/gps/ublox/install/ublox_gps:/home/projects/sensor_ws/src/gps/ublox/install/ublox_msgs:/home/projects/sensor_ws/src/gps/ublox/install/ublox_serialization:/opt/ros/foxy LD_LIBRARY_PATH=/home/projects/sensor_ws/src/gps/ublox/install/ublox_gps/lib:/home/projects/sensor_ws/src/gps/ublox/install/ublox_msgs/lib:${LD_LIBRARY_PATH} PYTHONPATH=/home/projects/sensor_ws/src/gps/ublox/install/ublox_msgs/lib/python3.8/site-packages:${PYTHONPATH} /usr/bin/cmake /home/projects/sensor_ws/src/gps/ublox/src/ublox/ublox -DCMAKE_INSTALL_PREFIX=/home/projects/sensor_ws/src/gps/ublox/install/ublox
[0.189s] -- The C compiler identification is GNU 9.3.0
[0.333s] -- The CXX compiler identification is GNU 9.3.0
[0.346s] -- Check for working C compiler: /usr/bin/cc
[0.521s] -- Check for working C compiler: /usr/bin/cc -- works
[0.523s] -- Detecting C compiler ABI info
[0.696s] -- Detecting C compiler ABI info - done
[0.730s] -- Detecting C compile features
[0.731s] -- Detecting C compile features - done
[0.738s] -- Check for working CXX compiler: /usr/bin/c++
[0.925s] -- Check for working CXX compiler: /usr/bin/c++ -- works
[0.927s] -- Detecting CXX compiler ABI info
[1.127s] -- Detecting CXX compiler ABI info - done
[1.163s] -- Detecting CXX compile features
[1.164s] -- Detecting CXX compile features - done
[1.173s] -- Found ament_cmake: 0.9.8 (/opt/ros/foxy/share/ament_cmake/cmake)
[1.239s] -- Found PythonInterp: /usr/bin/python3 (found suitable version "3.8.10", minimum required is "3") 
[1.239s] -- Using PYTHON_EXECUTABLE: /usr/bin/python3
[1.914s] -- Configuring done
[1.919s] -- Generating done
[1.922s] -- Build files have been written to: /home/projects/sensor_ws/src/gps/ublox/build/ublox
[1.935s] Invoked command in '/home/projects/sensor_ws/src/gps/ublox/build/ublox' returned '0': AMENT_PREFIX_PATH=/home/projects/sensor_ws/src/gps/ublox/install/ublox_gps:/home/projects/sensor_ws/src/gps/ublox/install/ublox_msgs:/home/projects/sensor_ws/src/gps/ublox/install/ublox_serialization:${AMENT_PREFIX_PATH} CMAKE_PREFIX_PATH=/home/projects/sensor_ws/src/gps/ublox/install/ublox_gps:/home/projects/sensor_ws/src/gps/ublox/install/ublox_msgs:/home/projects/sensor_ws/src/gps/ublox/install/ublox_serialization:/opt/ros/foxy LD_LIBRARY_PATH=/home/projects/sensor_ws/src/gps/ublox/install/ublox_gps/lib:/home/projects/sensor_ws/src/gps/ublox/install/ublox_msgs/lib:${LD_LIBRARY_PATH} PYTHONPATH=/home/projects/sensor_ws/src/gps/ublox/install/ublox_msgs/lib/python3.8/site-packages:${PYTHONPATH} /usr/bin/cmake /home/projects/sensor_ws/src/gps/ublox/src/ublox/ublox -DCMAKE_INSTALL_PREFIX=/home/projects/sensor_ws/src/gps/ublox/install/ublox
[1.936s] Invoking command in '/home/projects/sensor_ws/src/gps/ublox/build/ublox': AMENT_PREFIX_PATH=/home/projects/sensor_ws/src/gps/ublox/install/ublox_gps:/home/projects/sensor_ws/src/gps/ublox/install/ublox_msgs:/home/projects/sensor_ws/src/gps/ublox/install/ublox_serialization:${AMENT_PREFIX_PATH} CMAKE_PREFIX_PATH=/home/projects/sensor_ws/src/gps/ublox/install/ublox_gps:/home/projects/sensor_ws/src/gps/ublox/install/ublox_msgs:/home/projects/sensor_ws/src/gps/ublox/install/ublox_serialization:/opt/ros/foxy LD_LIBRARY_PATH=/home/projects/sensor_ws/src/gps/ublox/install/ublox_gps/lib:/home/projects/sensor_ws/src/gps/ublox/install/ublox_msgs/lib:${LD_LIBRARY_PATH} PYTHONPATH=/home/projects/sensor_ws/src/gps/ublox/install/ublox_msgs/lib/python3.8/site-packages:${PYTHONPATH} /usr/bin/cmake --build /home/projects/sensor_ws/src/gps/ublox/build/ublox -- -j8 -l8
[2.020s] Invoked command in '/home/projects/sensor_ws/src/gps/ublox/build/ublox' returned '0': AMENT_PREFIX_PATH=/home/projects/sensor_ws/src/gps/ublox/install/ublox_gps:/home/projects/sensor_ws/src/gps/ublox/install/ublox_msgs:/home/projects/sensor_ws/src/gps/ublox/install/ublox_serialization:${AMENT_PREFIX_PATH} CMAKE_PREFIX_PATH=/home/projects/sensor_ws/src/gps/ublox/install/ublox_gps:/home/projects/sensor_ws/src/gps/ublox/install/ublox_msgs:/home/projects/sensor_ws/src/gps/ublox/install/ublox_serialization:/opt/ros/foxy LD_LIBRARY_PATH=/home/projects/sensor_ws/src/gps/ublox/install/ublox_gps/lib:/home/projects/sensor_ws/src/gps/ublox/install/ublox_msgs/lib:${LD_LIBRARY_PATH} PYTHONPATH=/home/projects/sensor_ws/src/gps/ublox/install/ublox_msgs/lib/python3.8/site-packages:${PYTHONPATH} /usr/bin/cmake --build /home/projects/sensor_ws/src/gps/ublox/build/ublox -- -j8 -l8
[2.083s] Invoking command in '/home/projects/sensor_ws/src/gps/ublox/build/ublox': AMENT_PREFIX_PATH=/home/projects/sensor_ws/src/gps/ublox/install/ublox_gps:/home/projects/sensor_ws/src/gps/ublox/install/ublox_msgs:/home/projects/sensor_ws/src/gps/ublox/install/ublox_serialization:${AMENT_PREFIX_PATH} CMAKE_PREFIX_PATH=/home/projects/sensor_ws/src/gps/ublox/install/ublox_gps:/home/projects/sensor_ws/src/gps/ublox/install/ublox_msgs:/home/projects/sensor_ws/src/gps/ublox/install/ublox_serialization:/opt/ros/foxy LD_LIBRARY_PATH=/home/projects/sensor_ws/src/gps/ublox/install/ublox_gps/lib:/home/projects/sensor_ws/src/gps/ublox/install/ublox_msgs/lib:${LD_LIBRARY_PATH} PYTHONPATH=/home/projects/sensor_ws/src/gps/ublox/install/ublox_msgs/lib/python3.8/site-packages:${PYTHONPATH} /usr/bin/cmake --install /home/projects/sensor_ws/src/gps/ublox/build/ublox
[2.109s] -- Install configuration: ""
[2.110s] -- Installing: /home/projects/sensor_ws/src/gps/ublox/install/ublox/share/ament_index/resource_index/package_run_dependencies/ublox
[2.111s] -- Installing: /home/projects/sensor_ws/src/gps/ublox/install/ublox/share/ament_index/resource_index/parent_prefix_path/ublox
[2.111s] -- Installing: /home/projects/sensor_ws/src/gps/ublox/install/ublox/share/ublox/environment/ament_prefix_path.sh
[2.112s] -- Installing: /home/projects/sensor_ws/src/gps/ublox/install/ublox/share/ublox/environment/ament_prefix_path.dsv
[2.112s] -- Installing: /home/projects/sensor_ws/src/gps/ublox/install/ublox/share/ublox/environment/path.sh
[2.112s] -- Installing: /home/projects/sensor_ws/src/gps/ublox/install/ublox/share/ublox/environment/path.dsv
[2.113s] -- Installing: /home/projects/sensor_ws/src/gps/ublox/install/ublox/share/ublox/local_setup.bash
[2.113s] -- Installing: /home/projects/sensor_ws/src/gps/ublox/install/ublox/share/ublox/local_setup.sh
[2.114s] -- Installing: /home/projects/sensor_ws/src/gps/ublox/install/ublox/share/ublox/local_setup.zsh
[2.114s] -- Installing: /home/projects/sensor_ws/src/gps/ublox/install/ublox/share/ublox/local_setup.dsv
[2.115s] -- Installing: /home/projects/sensor_ws/src/gps/ublox/install/ublox/share/ublox/package.dsv
[2.115s] -- Installing: /home/projects/sensor_ws/src/gps/ublox/install/ublox/share/ament_index/resource_index/packages/ublox
[2.115s] -- Installing: /home/projects/sensor_ws/src/gps/ublox/install/ublox/share/ublox/cmake/ubloxConfig.cmake
[2.115s] -- Installing: /home/projects/sensor_ws/src/gps/ublox/install/ublox/share/ublox/cmake/ubloxConfig-version.cmake
[2.115s] -- Installing: /home/projects/sensor_ws/src/gps/ublox/install/ublox/share/ublox/package.xml
[2.122s] Invoked command in '/home/projects/sensor_ws/src/gps/ublox/build/ublox' returned '0': AMENT_PREFIX_PATH=/home/projects/sensor_ws/src/gps/ublox/install/ublox_gps:/home/projects/sensor_ws/src/gps/ublox/install/ublox_msgs:/home/projects/sensor_ws/src/gps/ublox/install/ublox_serialization:${AMENT_PREFIX_PATH} CMAKE_PREFIX_PATH=/home/projects/sensor_ws/src/gps/ublox/install/ublox_gps:/home/projects/sensor_ws/src/gps/ublox/install/ublox_msgs:/home/projects/sensor_ws/src/gps/ublox/install/ublox_serialization:/opt/ros/foxy LD_LIBRARY_PATH=/home/projects/sensor_ws/src/gps/ublox/install/ublox_gps/lib:/home/projects/sensor_ws/src/gps/ublox/install/ublox_msgs/lib:${LD_LIBRARY_PATH} PYTHONPATH=/home/projects/sensor_ws/src/gps/ublox/install/ublox_msgs/lib/python3.8/site-packages:${PYTHONPATH} /usr/bin/cmake --install /home/projects/sensor_ws/src/gps/ublox/build/ublox
