-- The C compiler identification is GNU 9.3.0
-- The CXX compiler identification is GNU 9.3.0
-- Check for working C compiler: /usr/bin/cc
-- Check for working C compiler: /usr/bin/cc -- works
-- Detecting C compiler ABI info
-- Detecting C compiler ABI info - done
-- Detecting C compile features
-- Detecting C compile features - done
-- Check for working CXX compiler: /usr/bin/c++
-- Check for working CXX compiler: /usr/bin/c++ -- works
-- Detecting CXX compiler ABI info
-- Detecting CXX compiler ABI info - done
-- Detecting CXX compile features
-- Detecting CXX compile features - done
-- livox_ros2_driver version: 0.0.1
-- Found ament_cmake_auto: 0.9.8 (/opt/ros/foxy/share/ament_cmake_auto/cmake)
-- Found PythonInterp: /usr/bin/python3 (found suitable version "3.8.10", minimum required is "3") 
-- Using PYTHON_EXECUTABLE: /usr/bin/python3
-- Using all available rosidl_typesupport_c: rosidl_typesupport_fastrtps_c;rosidl_typesupport_introspection_c
-- Found rosidl_adapter: 1.2.1 (/opt/ros/foxy/share/rosidl_adapter/cmake)
-- Found OpenSSL: /usr/lib/aarch64-linux-gnu/libcrypto.so (found version "1.1.1f")  
-- Found FastRTPS: /opt/ros/foxy/include  
-- Using all available rosidl_typesupport_cpp: rosidl_typesupport_fastrtps_cpp;rosidl_typesupport_introspection_cpp
-- Found rmw_implementation_cmake: 1.0.3 (/opt/ros/foxy/share/rmw_implementation_cmake/cmake)
-- Using RMW implementation 'rmw_fastrtps_cpp' as default
-- Looking for pthread.h
-- Looking for pthread.h - found
-- Performing Test CMAKE_HAVE_LIBC_PTHREAD
-- Performing Test CMAKE_HAVE_LIBC_PTHREAD - Failed
-- Looking for pthread_create in pthreads
-- Looking for pthread_create in pthreads - not found
-- Looking for pthread_create in pthread
-- Looking for pthread_create in pthread - found
-- Found Threads: TRUE  
-- Checking for module 'eigen3'
--   Found eigen3, version 3.3.7
-- Found Eigen: /usr/include/eigen3 (Required is at least version "3.1") 
-- Eigen found (include: /usr/include/eigen3, version: 3.3.7)
-- Found Boost: /usr/include (found suitable version "1.71.0", minimum required is "1.55.0") found components: system filesystem date_time iostreams regex 
-- Checking for module 'flann'
--   Found flann, version 1.9.1
-- Found FLANN: /usr/lib/aarch64-linux-gnu/libflann_cpp.so  
-- The imported target "vtkParseOGLExt" references the file
   "/usr/bin/vtkParseOGLExt-7.1"
but this file does not exist.  Possible reasons include:
* The file was deleted, renamed, or moved to another location.
* An install or uninstall procedure did not complete successfully.
* The installation package was faulty and contained
   "/usr/lib/cmake/vtk-7.1/VTKTargets.cmake"
but not all the files it references.

-- The imported target "vtkRenderingPythonTkWidgets" references the file
   "/usr/lib/aarch64-linux-gnu/libvtkRenderingPythonTkWidgets.so"
but this file does not exist.  Possible reasons include:
* The file was deleted, renamed, or moved to another location.
* An install or uninstall procedure did not complete successfully.
* The installation package was faulty and contained
   "/usr/lib/cmake/vtk-7.1/VTKTargets.cmake"
but not all the files it references.

-- The imported target "vtk" references the file
   "/usr/bin/vtk"
but this file does not exist.  Possible reasons include:
* The file was deleted, renamed, or moved to another location.
* An install or uninstall procedure did not complete successfully.
* The installation package was faulty and contained
   "/usr/lib/cmake/vtk-7.1/VTKTargets.cmake"
but not all the files it references.

-- The imported target "pvtk" references the file
   "/usr/bin/pvtk"
but this file does not exist.  Possible reasons include:
* The file was deleted, renamed, or moved to another location.
* An install or uninstall procedure did not complete successfully.
* The installation package was faulty and contained
   "/usr/lib/cmake/vtk-7.1/VTKTargets.cmake"
but not all the files it references.

-- Checking for module 'libusb-1.0'
--   No package 'libusb-1.0' found
-- Could NOT find USB_10 (missing: USB_10_LIBRARY USB_10_INCLUDE_DIR) 
-- OpenNI disabled because libusb-1.0 not found.
-- Checking for module 'libusb-1.0'
--   No package 'libusb-1.0' found
-- Could NOT find USB_10 (missing: USB_10_LIBRARY USB_10_INCLUDE_DIR) 
-- OpenNI 2 disabled because libusb-1.0 not found.
-- LIBUSB_1_LIBRARY (missing: LIBUSB_1_INCLUDE_DIR) 
-- Checking for module 'libusb-1.0'
--   No package 'libusb-1.0' found
-- Could NOT find USB_10 (missing: USB_10_LIBRARY USB_10_INCLUDE_DIR) 
-- OpenNI disabled because libusb-1.0 not found.
-- Checking for module 'libusb-1.0'
--   No package 'libusb-1.0' found
-- Could NOT find USB_10 (missing: USB_10_LIBRARY USB_10_INCLUDE_DIR) 
-- OpenNI 2 disabled because libusb-1.0 not found.
-- Found Qhull: optimized;/usr/lib/aarch64-linux-gnu/libqhull.so;debug;/usr/lib/aarch64-linux-gnu/libqhull.so  
-- QHULL found (include: /usr/include, lib: optimized;/usr/lib/aarch64-linux-gnu/libqhull.so;debug;/usr/lib/aarch64-linux-gnu/libqhull.so)
-- Checking for module 'libusb-1.0'
--   No package 'libusb-1.0' found
-- Could NOT find USB_10 (missing: USB_10_LIBRARY USB_10_INCLUDE_DIR) 
-- OpenNI disabled because libusb-1.0 not found.
-- looking for PCL_COMMON
-- Found PCL_COMMON: /usr/lib/aarch64-linux-gnu/libpcl_common.so  
-- looking for PCL_KDTREE
-- Found PCL_KDTREE: /usr/lib/aarch64-linux-gnu/libpcl_kdtree.so  
-- looking for PCL_OCTREE
-- Found PCL_OCTREE: /usr/lib/aarch64-linux-gnu/libpcl_octree.so  
-- looking for PCL_SEARCH
-- Found PCL_SEARCH: /usr/lib/aarch64-linux-gnu/libpcl_search.so  
-- looking for PCL_SAMPLE_CONSENSUS
-- Found PCL_SAMPLE_CONSENSUS: /usr/lib/aarch64-linux-gnu/libpcl_sample_consensus.so  
-- looking for PCL_FILTERS
-- Found PCL_FILTERS: /usr/lib/aarch64-linux-gnu/libpcl_filters.so  
-- looking for PCL_2D
-- Found PCL_2D: /usr/include/pcl-1.10  
-- looking for PCL_GEOMETRY
-- Found PCL_GEOMETRY: /usr/include/pcl-1.10  
-- looking for PCL_IO
-- Found PCL_IO: /usr/lib/aarch64-linux-gnu/libpcl_io.so  
-- looking for PCL_FEATURES
-- Found PCL_FEATURES: /usr/lib/aarch64-linux-gnu/libpcl_features.so  
-- looking for PCL_ML
-- Found PCL_ML: /usr/lib/aarch64-linux-gnu/libpcl_ml.so  
-- looking for PCL_SEGMENTATION
-- Found PCL_SEGMENTATION: /usr/lib/aarch64-linux-gnu/libpcl_segmentation.so  
-- looking for PCL_VISUALIZATION
-- Found PCL_VISUALIZATION: /usr/lib/aarch64-linux-gnu/libpcl_visualization.so  
-- looking for PCL_SURFACE
-- Found PCL_SURFACE: /usr/lib/aarch64-linux-gnu/libpcl_surface.so  
-- looking for PCL_REGISTRATION
-- Found PCL_REGISTRATION: /usr/lib/aarch64-linux-gnu/libpcl_registration.so  
-- looking for PCL_KEYPOINTS
-- Found PCL_KEYPOINTS: /usr/lib/aarch64-linux-gnu/libpcl_keypoints.so  
-- looking for PCL_TRACKING
-- Found PCL_TRACKING: /usr/lib/aarch64-linux-gnu/libpcl_tracking.so  
-- looking for PCL_RECOGNITION
-- Found PCL_RECOGNITION: /usr/lib/aarch64-linux-gnu/libpcl_recognition.so  
-- looking for PCL_STEREO
-- Found PCL_STEREO: /usr/lib/aarch64-linux-gnu/libpcl_stereo.so  
-- looking for PCL_APPS
-- Found PCL_APPS: /usr/lib/aarch64-linux-gnu/libpcl_apps.so  
-- looking for PCL_IN_HAND_SCANNER
-- Found PCL_IN_HAND_SCANNER: /usr/include/pcl-1.10  
-- looking for PCL_POINT_CLOUD_EDITOR
-- Found PCL_POINT_CLOUD_EDITOR: /usr/include/pcl-1.10  
-- looking for PCL_OUTOFCORE
-- Found PCL_OUTOFCORE: /usr/lib/aarch64-linux-gnu/libpcl_outofcore.so  
-- looking for PCL_PEOPLE
-- Found PCL_PEOPLE: /usr/lib/aarch64-linux-gnu/libpcl_people.so  
-- Found PCL: pcl_common;pcl_kdtree;pcl_octree;pcl_search;pcl_sample_consensus;pcl_filters;pcl_io;pcl_features;pcl_ml;pcl_segmentation;pcl_visualization;pcl_surface;pcl_registration;pcl_keypoints;pcl_tracking;pcl_recognition;pcl_stereo;pcl_apps;pcl_outofcore;pcl_people;/usr/lib/aarch64-linux-gnu/libboost_system.so;/usr/lib/aarch64-linux-gnu/libboost_filesystem.so;/usr/lib/aarch64-linux-gnu/libboost_date_time.so;/usr/lib/aarch64-linux-gnu/libboost_iostreams.so;/usr/lib/aarch64-linux-gnu/libboost_regex.so;optimized;/usr/lib/aarch64-linux-gnu/libqhull.so;debug;/usr/lib/aarch64-linux-gnu/libqhull.so;vtkChartsCore;vtkCommonColor;vtkCommonCore;vtksys;vtkCommonDataModel;vtkCommonMath;vtkCommonMisc;vtkCommonSystem;vtkCommonTransforms;vtkCommonExecutionModel;vtkFiltersGeneral;vtkCommonComputationalGeometry;vtkFiltersCore;vtkInfovisCore;vtkFiltersExtraction;vtkFiltersStatistics;vtkImagingFourier;vtkImagingCore;vtkalglib;vtkRenderingContext2D;vtkRenderingCore;vtkFiltersGeometry;vtkFiltersSources;vtkRenderingFreeType;/usr/lib/aarch64-linux-gnu/libfreetype.so;/usr/lib/aarch64-linux-gnu/libz.so;vtkFiltersModeling;vtkImagingSources;vtkInteractionStyle;vtkInteractionWidgets;vtkFiltersHybrid;vtkImagingColor;vtkImagingGeneral;vtkImagingHybrid;vtkIOImage;vtkDICOMParser;vtkmetaio;/usr/lib/aarch64-linux-gnu/libjpeg.so;/usr/lib/aarch64-linux-gnu/libpng.so;/usr/lib/aarch64-linux-gnu/libtiff.so;vtkRenderingAnnotation;vtkRenderingVolume;vtkIOXML;vtkIOCore;vtkIOXMLParser;/usr/lib/aarch64-linux-gnu/libexpat.so;vtkIOGeometry;vtkIOLegacy;vtkIOPLY;vtkRenderingLOD;vtkViewsContext2D;vtkViewsCore;vtkRenderingContextOpenGL2;vtkRenderingOpenGL2;FLANN::FLANN  
-- Found livox_sdk: /home/projects/sensor_ws/src/lidars/livox/install/livox_sdk_vendor/include  
-- Found PkgConfig: /usr/bin/pkg-config (found version "0.29.1") 
-- Checking for module 'apr-1'
--   Found apr-1, version 1.6.5
-- Found ament_lint_auto: 0.9.6 (/opt/ros/foxy/share/ament_lint_auto/cmake)
-- Added test 'copyright' to check source files copyright and LICENSE
-- Added test 'cppcheck' to perform static code analysis on C / C++ code
-- Configured cppcheck include dirs: /home/projects/sensor_ws/src/lidars/livox/src/livox_ros2_driver/livox_ros2_driver/common;/home/projects/sensor_ws/src/lidars/livox/src/livox_ros2_driver/livox_ros2_driver/common/rapidjson;/home/projects/sensor_ws/src/lidars/livox/src/livox_ros2_driver/livox_ros2_driver/comon/rapdidxml;/home/projects/sensor_ws/src/lidars/livox/src/livox_ros2_driver/livox_ros2_driver/common/comm;/home/projects/sensor_ws/src/lidars/livox/src/livox_ros2_driver/livox_ros2_driver/timesync;/home/projects/sensor_ws/src/lidars/livox/src/livox_ros2_driver/livox_ros2_driver/timesync/user_uart;/home/projects/sensor_ws/src/lidars/livox/src/livox_ros2_driver/livox_ros2_driver/livox_ros2_driver
-- Configured cppcheck exclude dirs and/or files: 
-- Added test 'cpplint' to check C / C++ code against the Google style
-- Configured cpplint exclude dirs and/or files: 
-- Added test 'flake8' to check Python code syntax and style conventions
-- Added test 'lint_cmake' to check CMake code style
-- Added test 'pep257' to check Python code against some of the style conventions in PEP 257
-- Added test 'uncrustify' to check C / C++ code style
-- Configured uncrustify additional arguments: 
-- Added test 'xmllint' to check XML markup files
-- Configuring done
-- Generating done
-- Build files have been written to: /home/projects/sensor_ws/src/lidars/livox/build/livox_ros2_driver
Scanning dependencies of target livox_ros2_driver_node
[  6%] Building CXX object CMakeFiles/livox_ros2_driver_node.dir/rclcpp_components/node_main_livox_ros2_driver_node.cpp.o
Scanning dependencies of target livox_ros2_driver
[ 18%] Building CXX object CMakeFiles/livox_ros2_driver.dir/livox_ros2_driver/ldq.cpp.o
[ 25%] Building CXX object CMakeFiles/livox_ros2_driver.dir/livox_ros2_driver/lvx_file.cpp.o
[ 25%] Building CXX object CMakeFiles/livox_ros2_driver.dir/livox_ros2_driver/lds.cpp.o
[ 31%] Building CXX object CMakeFiles/livox_ros2_driver.dir/livox_ros2_driver/lds_lvx.cpp.o
[ 37%] Building CXX object CMakeFiles/livox_ros2_driver.dir/livox_ros2_driver/lds_hub.cpp.o
[ 43%] Building CXX object CMakeFiles/livox_ros2_driver.dir/livox_ros2_driver/lds_lidar.cpp.o
[ 50%] Building CXX object CMakeFiles/livox_ros2_driver.dir/livox_ros2_driver/lddc.cpp.o
[ 56%] Building CXX object CMakeFiles/livox_ros2_driver.dir/livox_ros2_driver/livox_ros2_driver.cpp.o
[ 62%] Building CXX object CMakeFiles/livox_ros2_driver.dir/timesync/timesync.cpp.o
[ 68%] Building CXX object CMakeFiles/livox_ros2_driver.dir/timesync/user_uart/user_uart.cpp.o
[ 75%] Building CXX object CMakeFiles/livox_ros2_driver.dir/common/comm/comm_protocol.cpp.o
[ 81%] Building CXX object CMakeFiles/livox_ros2_driver.dir/common/comm/sdk_protocol.cpp.o
[ 87%] Building CXX object CMakeFiles/livox_ros2_driver.dir/common/comm/gps_protocol.cpp.o
[ 93%] Linking CXX executable livox_ros2_driver_node
[ 93%] Built target livox_ros2_driver_node
[100%] Linking CXX shared library liblivox_ros2_driver.so
[100%] Built target livox_ros2_driver
-- Install configuration: ""
-- Installing: /home/projects/sensor_ws/src/lidars/livox/install/livox_ros2_driver/lib/livox_ros2_driver/livox_ros2_driver_node
-- Set runtime path of "/home/projects/sensor_ws/src/lidars/livox/install/livox_ros2_driver/lib/livox_ros2_driver/livox_ros2_driver_node" to ""
-- Installing: /home/projects/sensor_ws/src/lidars/livox/install/livox_ros2_driver/share/livox_ros2_driver/environment/library_path.sh
-- Installing: /home/projects/sensor_ws/src/lidars/livox/install/livox_ros2_driver/share/livox_ros2_driver/environment/library_path.dsv
-- Installing: /home/projects/sensor_ws/src/lidars/livox/install/livox_ros2_driver/lib/liblivox_ros2_driver.so
-- Set runtime path of "/home/projects/sensor_ws/src/lidars/livox/install/livox_ros2_driver/lib/liblivox_ros2_driver.so" to ""
-- Installing: /home/projects/sensor_ws/src/lidars/livox/install/livox_ros2_driver/share/livox_ros2_driver/config
-- Installing: /home/projects/sensor_ws/src/lidars/livox/install/livox_ros2_driver/share/livox_ros2_driver/config/livox_hub_config.json
-- Installing: /home/projects/sensor_ws/src/lidars/livox/install/livox_ros2_driver/share/livox_ros2_driver/config/livox_lidar_config.json
-- Installing: /home/projects/sensor_ws/src/lidars/livox/install/livox_ros2_driver/share/livox_ros2_driver/config/livox_lidar.rviz
-- Installing: /home/projects/sensor_ws/src/lidars/livox/install/livox_ros2_driver/share/livox_ros2_driver/config/livox_hub.rviz
-- Installing: /home/projects/sensor_ws/src/lidars/livox/install/livox_ros2_driver/share/livox_ros2_driver/launch
-- Installing: /home/projects/sensor_ws/src/lidars/livox/install/livox_ros2_driver/share/livox_ros2_driver/launch/livox_template_launch.py
-- Installing: /home/projects/sensor_ws/src/lidars/livox/install/livox_ros2_driver/share/livox_ros2_driver/launch/livox_hub_rviz_launch.py
-- Installing: /home/projects/sensor_ws/src/lidars/livox/install/livox_ros2_driver/share/livox_ros2_driver/launch/livox_hub_launch.py
-- Installing: /home/projects/sensor_ws/src/lidars/livox/install/livox_ros2_driver/share/livox_ros2_driver/launch/livox_lidar_launch.py
-- Installing: /home/projects/sensor_ws/src/lidars/livox/install/livox_ros2_driver/share/livox_ros2_driver/launch/livox_hub_msg_launch .py
-- Installing: /home/projects/sensor_ws/src/lidars/livox/install/livox_ros2_driver/share/livox_ros2_driver/launch/livox_lidar_msg_launch.py
-- Installing: /home/projects/sensor_ws/src/lidars/livox/install/livox_ros2_driver/share/livox_ros2_driver/launch/livox_lidar_rviz_launch.py
-- Installing: /home/projects/sensor_ws/src/lidars/livox/install/livox_ros2_driver/share/ament_index/resource_index/package_run_dependencies/livox_ros2_driver
-- Installing: /home/projects/sensor_ws/src/lidars/livox/install/livox_ros2_driver/share/ament_index/resource_index/parent_prefix_path/livox_ros2_driver
-- Installing: /home/projects/sensor_ws/src/lidars/livox/install/livox_ros2_driver/share/livox_ros2_driver/environment/ament_prefix_path.sh
-- Installing: /home/projects/sensor_ws/src/lidars/livox/install/livox_ros2_driver/share/livox_ros2_driver/environment/ament_prefix_path.dsv
-- Installing: /home/projects/sensor_ws/src/lidars/livox/install/livox_ros2_driver/share/livox_ros2_driver/environment/path.sh
-- Installing: /home/projects/sensor_ws/src/lidars/livox/install/livox_ros2_driver/share/livox_ros2_driver/environment/path.dsv
-- Installing: /home/projects/sensor_ws/src/lidars/livox/install/livox_ros2_driver/share/livox_ros2_driver/local_setup.bash
-- Installing: /home/projects/sensor_ws/src/lidars/livox/install/livox_ros2_driver/share/livox_ros2_driver/local_setup.sh
-- Installing: /home/projects/sensor_ws/src/lidars/livox/install/livox_ros2_driver/share/livox_ros2_driver/local_setup.zsh
-- Installing: /home/projects/sensor_ws/src/lidars/livox/install/livox_ros2_driver/share/livox_ros2_driver/local_setup.dsv
-- Installing: /home/projects/sensor_ws/src/lidars/livox/install/livox_ros2_driver/share/livox_ros2_driver/package.dsv
-- Installing: /home/projects/sensor_ws/src/lidars/livox/install/livox_ros2_driver/share/ament_index/resource_index/packages/livox_ros2_driver
-- Installing: /home/projects/sensor_ws/src/lidars/livox/install/livox_ros2_driver/share/ament_index/resource_index/rclcpp_components/livox_ros2_driver
-- Installing: /home/projects/sensor_ws/src/lidars/livox/install/livox_ros2_driver/share/livox_ros2_driver/cmake/ament_cmake_export_dependencies-extras.cmake
-- Installing: /home/projects/sensor_ws/src/lidars/livox/install/livox_ros2_driver/share/livox_ros2_driver/cmake/ament_cmake_export_libraries-extras.cmake
-- Installing: /home/projects/sensor_ws/src/lidars/livox/install/livox_ros2_driver/share/livox_ros2_driver/cmake/livox_ros2_driverConfig.cmake
-- Installing: /home/projects/sensor_ws/src/lidars/livox/install/livox_ros2_driver/share/livox_ros2_driver/cmake/livox_ros2_driverConfig-version.cmake
-- Installing: /home/projects/sensor_ws/src/lidars/livox/install/livox_ros2_driver/share/livox_ros2_driver/package.xml
