[0.038s] Invoking command in '/home/projects/sensor_ws/src/lidars/sicktim/build/sick_scan2': CMAKE_PREFIX_PATH=/opt/ros/foxy /usr/bin/cmake /home/projects/sensor_ws/src/lidars/sicktim/src/sick_scan2 -DCMAKE_INSTALL_PREFIX=/home/projects/sensor_ws/src/lidars/sicktim/install/sick_scan2
[0.194s] -- The C compiler identification is GNU 9.3.0
[0.337s] -- The CXX compiler identification is GNU 9.3.0
[0.354s] -- Check for working C compiler: /usr/bin/cc
[0.531s] -- Check for working C compiler: /usr/bin/cc -- works
[0.535s] -- Detecting C compiler ABI info
[0.710s] -- Detecting C compiler ABI info - done
[0.746s] -- Detecting C compile features
[0.746s] -- Detecting C compile features - done
[0.753s] -- Check for working CXX compiler: /usr/bin/c++
[0.939s] -- Check for working CXX compiler: /usr/bin/c++ -- works
[0.941s] -- Detecting CXX compiler ABI info
[1.144s] -- Detecting CXX compiler ABI info - done
[1.180s] -- Detecting CXX compile features
[1.181s] -- Detecting CXX compile features - done
[1.187s] -- Found ament_cmake: 0.9.8 (/opt/ros/foxy/share/ament_cmake/cmake)
[1.248s] -- Found PythonInterp: /usr/bin/python3 (found suitable version "3.8.10", minimum required is "3") 
[1.248s] -- Using PYTHON_EXECUTABLE: /usr/bin/python3
[1.728s] -- Found rclcpp: 2.3.1 (/opt/ros/foxy/share/rclcpp/cmake)
[1.835s] -- Using all available rosidl_typesupport_c: rosidl_typesupport_fastrtps_c;rosidl_typesupport_introspection_c
[1.851s] -- Found rosidl_adapter: 1.2.1 (/opt/ros/foxy/share/rosidl_adapter/cmake)
[2.077s] -- Found OpenSSL: /usr/lib/aarch64-linux-gnu/libcrypto.so (found version "1.1.1f")  
[2.147s] -- Found FastRTPS: /opt/ros/foxy/include  
[2.340s] -- Using all available rosidl_typesupport_cpp: rosidl_typesupport_fastrtps_cpp;rosidl_typesupport_introspection_cpp
[2.480s] -- Found rmw_implementation_cmake: 1.0.3 (/opt/ros/foxy/share/rmw_implementation_cmake/cmake)
[2.483s] -- Using RMW implementation 'rmw_fastrtps_cpp' as default
[2.485s] -- Looking for pthread.h
[2.677s] -- Looking for pthread.h - found
[2.677s] -- Performing Test CMAKE_HAVE_LIBC_PTHREAD
[2.879s] -- Performing Test CMAKE_HAVE_LIBC_PTHREAD - Failed
[2.880s] -- Looking for pthread_create in pthreads
[3.033s] -- Looking for pthread_create in pthreads - not found
[3.033s] -- Looking for pthread_create in pthread
[3.210s] -- Looking for pthread_create in pthread - found
[3.215s] -- Found Threads: TRUE  
[3.597s] -- Found sensor_msgs: 2.0.4 (/opt/ros/foxy/share/sensor_msgs/cmake)
[3.875s] -- Found tf2: 0.13.10 (/opt/ros/foxy/share/tf2/cmake)
[3.903s] -- Found diagnostic_msgs: 2.0.4 (/opt/ros/foxy/share/diagnostic_msgs/cmake)
[3.988s] -- Found tf2_ros: 0.13.10 (/opt/ros/foxy/share/tf2_ros/cmake)
[4.793s] -- Found Boost: /usr/lib/aarch64-linux-gnu/cmake/Boost-1.71.0/BoostConfig.cmake (found version "1.71.0") found components: system thread 
[4.815s] -- Found ament_lint_auto: 0.9.6 (/opt/ros/foxy/share/ament_lint_auto/cmake)
[5.029s] -- Added test 'copyright' to check source files copyright and LICENSE
[5.049s] -- Added test 'cppcheck' to perform static code analysis on C / C++ code
[5.051s] -- Configured cppcheck include dirs: /home/projects/sensor_ws/src/lidars/sicktim/src/sick_scan2/include
[5.052s] -- Configured cppcheck exclude dirs and/or files: 
[5.070s] -- Added test 'cpplint' to check C / C++ code against the Google style
[5.070s] -- Configured cpplint exclude dirs and/or files: 
[5.074s] -- Added test 'flake8' to check Python code syntax and style conventions
[5.079s] -- Added test 'lint_cmake' to check CMake code style
[5.083s] -- Added test 'pep257' to check Python code against some of the style conventions in PEP 257
[5.101s] -- Added test 'uncrustify' to check C / C++ code style
[5.101s] -- Configured uncrustify additional arguments: 
[5.106s] -- Added test 'xmllint' to check XML markup files
[5.115s] -- Configuring done
[5.178s] -- Generating done
[5.183s] -- Build files have been written to: /home/projects/sensor_ws/src/lidars/sicktim/build/sick_scan2
[5.203s] Invoked command in '/home/projects/sensor_ws/src/lidars/sicktim/build/sick_scan2' returned '0': CMAKE_PREFIX_PATH=/opt/ros/foxy /usr/bin/cmake /home/projects/sensor_ws/src/lidars/sicktim/src/sick_scan2 -DCMAKE_INSTALL_PREFIX=/home/projects/sensor_ws/src/lidars/sicktim/install/sick_scan2
[5.208s] Invoking command in '/home/projects/sensor_ws/src/lidars/sicktim/build/sick_scan2': CMAKE_PREFIX_PATH=/opt/ros/foxy /usr/bin/cmake --build /home/projects/sensor_ws/src/lidars/sicktim/build/sick_scan2 -- -j8 -l8
[5.428s] Scanning dependencies of target sick_scan2_lib
[5.481s] [ 10%] Building CXX object CMakeFiles/sick_scan2_lib.dir/driver/src/sick_generic_laser.cpp.o
[5.482s] [ 10%] Building CXX object CMakeFiles/sick_scan2_lib.dir/driver/src/sick_generic_parser.cpp.o
[5.483s] [ 15%] Building CXX object CMakeFiles/sick_scan2_lib.dir/driver/src/sick_scan_common_tcp.cpp.o
[5.490s] [ 20%] Building CXX object CMakeFiles/sick_scan2_lib.dir/driver/src/sick_scan_common.cpp.o
[5.490s] [ 25%] Building CXX object CMakeFiles/sick_scan2_lib.dir/driver/src/tcp/tcp.cpp.o
[5.502s] [ 30%] Building CXX object CMakeFiles/sick_scan2_lib.dir/driver/src/tcp/Mutex.cpp.o
[5.506s] [ 35%] Building CXX object CMakeFiles/sick_scan2_lib.dir/driver/src/tcp/errorhandler.cpp.o
[5.509s] [ 40%] Building CXX object CMakeFiles/sick_scan2_lib.dir/driver/src/tcp/SickThread.cpp.o
[6.110s] [ 45%] Building CXX object CMakeFiles/sick_scan2_lib.dir/driver/src/tcp/toolbox.cpp.o
[6.121s] [ 50%] Building CXX object CMakeFiles/sick_scan2_lib.dir/driver/src/tcp/Time.cpp.o
[6.144s] [ 55%] Building CXX object CMakeFiles/sick_scan2_lib.dir/driver/src/tcp/colaa.cpp.o
[6.733s] [ 60%] Building CXX object CMakeFiles/sick_scan2_lib.dir/driver/src/tcp/colab.cpp.o
[6.822s] [ 65%] Building CXX object CMakeFiles/sick_scan2_lib.dir/driver/src/binPrintf.cpp.o
[6.980s] [ 70%] Building CXX object CMakeFiles/sick_scan2_lib.dir/driver/src/binScanf.cpp.o
[7.386s] [ 75%] Building CXX object CMakeFiles/sick_scan2_lib.dir/driver/src/sick_scan_common_nw.cpp.o
[7.392s] [ 80%] Building CXX object CMakeFiles/sick_scan2_lib.dir/driver/src/sick_generic_imu.cpp.o
[7.411s] [ 85%] Building CXX object CMakeFiles/sick_scan2_lib.dir/driver/src/softwarePLL.cpp.o
[23.305s] [ 90%] Linking CXX static library libsick_scan2_lib.a
[23.580s] [ 90%] Built target sick_scan2_lib
[23.674s] Scanning dependencies of target sick_generic_caller
[23.714s] [ 95%] Building CXX object CMakeFiles/sick_generic_caller.dir/driver/src/sick_generic_caller.cpp.o
[34.106s] [100%] Linking CXX executable sick_generic_caller
[34.902s] [100%] Built target sick_generic_caller
[34.927s] Invoked command in '/home/projects/sensor_ws/src/lidars/sicktim/build/sick_scan2' returned '0': CMAKE_PREFIX_PATH=/opt/ros/foxy /usr/bin/cmake --build /home/projects/sensor_ws/src/lidars/sicktim/build/sick_scan2 -- -j8 -l8
[35.217s] Invoking command in '/home/projects/sensor_ws/src/lidars/sicktim/build/sick_scan2': CMAKE_PREFIX_PATH=/opt/ros/foxy /usr/bin/cmake --install /home/projects/sensor_ws/src/lidars/sicktim/build/sick_scan2
[35.243s] -- Install configuration: ""
[35.244s] -- Installing: /home/projects/sensor_ws/src/lidars/sicktim/install/sick_scan2/lib/sick_scan2/sick_generic_caller
[35.251s] -- Set runtime path of "/home/projects/sensor_ws/src/lidars/sicktim/install/sick_scan2/lib/sick_scan2/sick_generic_caller" to ""
[35.252s] -- Installing: /home/projects/sensor_ws/src/lidars/sicktim/install/sick_scan2/lib/libsick_scan2_lib.a
[35.276s] -- Installing: /home/projects/sensor_ws/src/lidars/sicktim/install/sick_scan2/share/sick_scan2/launch
[35.276s] -- Installing: /home/projects/sensor_ws/src/lidars/sicktim/install/sick_scan2/share/sick_scan2/launch/rviz
[35.277s] -- Installing: /home/projects/sensor_ws/src/lidars/sicktim/install/sick_scan2/share/sick_scan2/launch/rviz/combi.rviz
[35.278s] -- Installing: /home/projects/sensor_ws/src/lidars/sicktim/install/sick_scan2/share/sick_scan2/launch/rviz/hector.rviz
[35.279s] -- Installing: /home/projects/sensor_ws/src/lidars/sicktim/install/sick_scan2/share/sick_scan2/launch/rviz/tim_5xx.rviz
[35.280s] -- Installing: /home/projects/sensor_ws/src/lidars/sicktim/install/sick_scan2/share/sick_scan2/launch/rviz/sick_cola.rviz
[35.281s] -- Installing: /home/projects/sensor_ws/src/lidars/sicktim/install/sick_scan2/share/sick_scan2/launch/rviz/sick_ldmrs.rviz
[35.281s] -- Installing: /home/projects/sensor_ws/src/lidars/sicktim/install/sick_scan2/share/sick_scan2/launch/rviz/radar.rviz
[35.282s] -- Installing: /home/projects/sensor_ws/src/lidars/sicktim/install/sick_scan2/share/sick_scan2/launch/single_rrbot.urdf
[35.283s] -- Installing: /home/projects/sensor_ws/src/lidars/sicktim/install/sick_scan2/share/sick_scan2/launch/sick_lms_5xx.launch.py
[35.284s] -- Installing: /home/projects/sensor_ws/src/lidars/sicktim/install/sick_scan2/share/sick_scan2/launch/sick_lrs_4xxx.launch.py
[35.284s] -- Installing: /home/projects/sensor_ws/src/lidars/sicktim/install/sick_scan2/share/sick_scan2/launch/sick_lms_5xx.launch_old.py
[35.284s] -- Installing: /home/projects/sensor_ws/src/lidars/sicktim/install/sick_scan2/share/sick_scan2/launch/sick_lms_1xxx.launch.py
[35.285s] -- Installing: /home/projects/sensor_ws/src/lidars/sicktim/install/sick_scan2/share/sick_scan2/launch/sick_tim_5xx.launch.py
[35.285s] -- Installing: /home/projects/sensor_ws/src/lidars/sicktim/install/sick_scan2/share/sick_scan2/launch/sick_tim_7xxS.launch.py
[35.286s] -- Installing: /home/projects/sensor_ws/src/lidars/sicktim/install/sick_scan2/share/sick_scan2/launch/sick_ldmrs.launch.py
[35.286s] -- Installing: /home/projects/sensor_ws/src/lidars/sicktim/install/sick_scan2/share/sick_scan2/launch/sick_tim_5xx.launch.pyOLD
[35.287s] -- Installing: /home/projects/sensor_ws/src/lidars/sicktim/install/sick_scan2/share/sick_scan2/launch/sick_tim_240.launch.py
[35.287s] -- Installing: /home/projects/sensor_ws/src/lidars/sicktim/install/sick_scan2/share/sick_scan2/launch/sick_tim_7xx.launch.py
[35.287s] -- Installing: /home/projects/sensor_ws/src/lidars/sicktim/install/sick_scan2/share/sick_scan2/launch/sick_lms_1xx.launch.py
[35.288s] -- Installing: /home/projects/sensor_ws/src/lidars/sicktim/install/sick_scan2/share/sick_scan2/launch/sick_mrs_1xxx.launch.py
[35.288s] -- Installing: /home/projects/sensor_ws/src/lidars/sicktim/install/sick_scan2/share/sick_scan2/config
[35.289s] -- Installing: /home/projects/sensor_ws/src/lidars/sicktim/install/sick_scan2/share/sick_scan2/config/sick_ldmrs_flexres.yaml
[35.289s] -- Installing: /home/projects/sensor_ws/src/lidars/sicktim/install/sick_scan2/share/sick_scan2/config/sick_mrs_1xxx.yaml
[35.289s] -- Installing: /home/projects/sensor_ws/src/lidars/sicktim/install/sick_scan2/share/sick_scan2/config/sick_tim_240.yaml
[35.290s] -- Installing: /home/projects/sensor_ws/src/lidars/sicktim/install/sick_scan2/share/sick_scan2/config/sick_lms_5xx.yaml
[35.290s] -- Installing: /home/projects/sensor_ws/src/lidars/sicktim/install/sick_scan2/share/sick_scan2/config/sick_tim_7xxS.yaml
[35.290s] -- Installing: /home/projects/sensor_ws/src/lidars/sicktim/install/sick_scan2/share/sick_scan2/config/sick_lrs_4xxx.yaml
[35.291s] -- Installing: /home/projects/sensor_ws/src/lidars/sicktim/install/sick_scan2/share/sick_scan2/config/sick_ldmrs.yaml
[35.291s] -- Installing: /home/projects/sensor_ws/src/lidars/sicktim/install/sick_scan2/share/sick_scan2/config/sick_tim_5xx.yaml
[35.291s] -- Installing: /home/projects/sensor_ws/src/lidars/sicktim/install/sick_scan2/share/sick_scan2/config/sick_lms_1xx.yaml
[35.291s] -- Installing: /home/projects/sensor_ws/src/lidars/sicktim/install/sick_scan2/share/sick_scan2/config/sick_lms_1xxx.yaml
[35.291s] -- Installing: /home/projects/sensor_ws/src/lidars/sicktim/install/sick_scan2/share/sick_scan2/config/sick_tim_7xx.yaml
[35.292s] -- Installing: /home/projects/sensor_ws/src/lidars/sicktim/install/sick_scan2/share/ament_index/resource_index/package_run_dependencies/sick_scan2
[35.292s] -- Installing: /home/projects/sensor_ws/src/lidars/sicktim/install/sick_scan2/share/ament_index/resource_index/parent_prefix_path/sick_scan2
[35.294s] -- Installing: /home/projects/sensor_ws/src/lidars/sicktim/install/sick_scan2/share/sick_scan2/environment/ament_prefix_path.sh
[35.298s] -- Installing: /home/projects/sensor_ws/src/lidars/sicktim/install/sick_scan2/share/sick_scan2/environment/ament_prefix_path.dsv
[35.298s] -- Installing: /home/projects/sensor_ws/src/lidars/sicktim/install/sick_scan2/share/sick_scan2/environment/path.sh
[35.299s] -- Installing: /home/projects/sensor_ws/src/lidars/sicktim/install/sick_scan2/share/sick_scan2/environment/path.dsv
[35.300s] -- Installing: /home/projects/sensor_ws/src/lidars/sicktim/install/sick_scan2/share/sick_scan2/local_setup.bash
[35.301s] -- Installing: /home/projects/sensor_ws/src/lidars/sicktim/install/sick_scan2/share/sick_scan2/local_setup.sh
[35.302s] -- Installing: /home/projects/sensor_ws/src/lidars/sicktim/install/sick_scan2/share/sick_scan2/local_setup.zsh
[35.302s] -- Installing: /home/projects/sensor_ws/src/lidars/sicktim/install/sick_scan2/share/sick_scan2/local_setup.dsv
[35.304s] -- Installing: /home/projects/sensor_ws/src/lidars/sicktim/install/sick_scan2/share/sick_scan2/package.dsv
[35.304s] -- Installing: /home/projects/sensor_ws/src/lidars/sicktim/install/sick_scan2/share/ament_index/resource_index/packages/sick_scan2
[35.305s] -- Installing: /home/projects/sensor_ws/src/lidars/sicktim/install/sick_scan2/share/sick_scan2/cmake/sick_scan2Config.cmake
[35.306s] -- Installing: /home/projects/sensor_ws/src/lidars/sicktim/install/sick_scan2/share/sick_scan2/cmake/sick_scan2Config-version.cmake
[35.307s] -- Installing: /home/projects/sensor_ws/src/lidars/sicktim/install/sick_scan2/share/sick_scan2/package.xml
[35.308s] Invoked command in '/home/projects/sensor_ws/src/lidars/sicktim/build/sick_scan2' returned '0': CMAKE_PREFIX_PATH=/opt/ros/foxy /usr/bin/cmake --install /home/projects/sensor_ws/src/lidars/sicktim/build/sick_scan2
