[1.053s] DEBUG:colcon:Command line arguments: ['/usr/bin/colcon', 'build', '--symlink-install', '--packages-select', 'follow_the_gap_bridge']
[1.054s] DEBUG:colcon:Parsed command line arguments: Namespace(allow_overriding=[], ament_cmake_args=None, base_paths=['.'], build_base='build', catkin_cmake_args=None, catkin_skip_building_tests=False, cmake_args=None, cmake_clean_cache=False, cmake_clean_first=False, cmake_force_configure=False, cmake_target=None, cmake_target_skip_unavailable=False, continue_on_error=False, event_handlers=None, executor='parallel', ignore_user_meta=False, install_base='install', log_base=None, log_level=None, main=<bound method BuildVerb.main of <colcon_core.verb.build.BuildVerb object at 0xffffb158be80>>, merge_install=False, metas=['./colcon.meta'], mixin=None, mixin_files=None, mixin_verb=('build',), packages_above=None, packages_above_and_dependencies=None, packages_above_depth=None, packages_end=None, packages_ignore=None, packages_ignore_regex=None, packages_select=['follow_the_gap_bridge'], packages_select_build_failed=False, packages_select_by_dep=None, packages_select_regex=None, packages_select_test_failures=False, packages_skip=None, packages_skip_build_finished=False, packages_skip_by_dep=None, packages_skip_regex=None, packages_skip_test_passed=False, packages_skip_up_to=None, packages_start=None, packages_up_to=None, packages_up_to_regex=None, parallel_workers=6, paths=None, symlink_install=True, test_result_base=None, verb_extension=<colcon_core.verb.build.BuildVerb object at 0xffffb158be80>, verb_name='build', verb_parser=<colcon_mixin.mixin.mixin_argument.MixinArgumentDecorator object at 0xffffb1596490>)
[1.091s] Level 1:colcon.colcon_core.package_discovery:discover_packages(colcon_meta) check parameters
[1.095s] INFO:colcon.colcon_metadata.package_discovery.colcon_meta:Using configuration from '/root/.colcon/metadata/default/Gazebo.meta'
[1.098s] INFO:colcon.colcon_metadata.package_discovery.colcon_meta:Using configuration from '/root/.colcon/metadata/default/fastrtps.meta'
[1.099s] Level 1:colcon.colcon_core.package_discovery:discover_packages(recursive) check parameters
[1.099s] Level 1:colcon.colcon_core.package_discovery:discover_packages(ignore) check parameters
[1.099s] Level 1:colcon.colcon_core.package_discovery:discover_packages(path) check parameters
[1.100s] Level 1:colcon.colcon_core.package_discovery:discover_packages(colcon_meta) discover
[1.100s] Level 1:colcon.colcon_core.package_discovery:discover_packages(recursive) discover
[1.100s] INFO:colcon.colcon_core.package_discovery:Crawling recursively for packages in '/home/projects/ros2_ws'
[1.102s] Level 1:colcon.colcon_core.package_identification:_identify(.) by extensions ['ignore', 'ignore_ament_install']
[1.103s] Level 1:colcon.colcon_core.package_identification:_identify(.) by extension 'ignore'
[1.103s] Level 1:colcon.colcon_core.package_identification:_identify(.) by extension 'ignore_ament_install'
[1.105s] Level 1:colcon.colcon_core.package_identification:_identify(.) by extensions ['colcon_pkg']
[1.105s] Level 1:colcon.colcon_core.package_identification:_identify(.) by extension 'colcon_pkg'
[1.105s] Level 1:colcon.colcon_core.package_identification:_identify(.) by extensions ['colcon_meta']
[1.106s] Level 1:colcon.colcon_core.package_identification:_identify(.) by extension 'colcon_meta'
[1.106s] Level 1:colcon.colcon_core.package_identification:_identify(.) by extensions ['ros']
[1.106s] Level 1:colcon.colcon_core.package_identification:_identify(.) by extension 'ros'
[1.169s] Level 1:colcon.colcon_core.package_identification:_identify(.) by extensions ['cmake', 'python']
[1.169s] Level 1:colcon.colcon_core.package_identification:_identify(.) by extension 'cmake'
[1.170s] Level 1:colcon.colcon_core.package_identification:_identify(.) by extension 'python'
[1.170s] Level 1:colcon.colcon_core.package_identification:_identify(.) by extensions ['python_setup_py']
[1.170s] Level 1:colcon.colcon_core.package_identification:_identify(.) by extension 'python_setup_py'
[1.171s] Level 1:colcon.colcon_core.package_identification:_identify(build) by extensions ['ignore', 'ignore_ament_install']
[1.172s] Level 1:colcon.colcon_core.package_identification:_identify(build) by extension 'ignore'
[1.172s] Level 1:colcon.colcon_core.package_identification:_identify(build) ignored
[1.173s] Level 1:colcon.colcon_core.package_identification:_identify(install) by extensions ['ignore', 'ignore_ament_install']
[1.173s] Level 1:colcon.colcon_core.package_identification:_identify(install) by extension 'ignore'
[1.173s] Level 1:colcon.colcon_core.package_identification:_identify(install) ignored
[1.174s] Level 1:colcon.colcon_core.package_identification:_identify(log) by extensions ['ignore', 'ignore_ament_install']
[1.174s] Level 1:colcon.colcon_core.package_identification:_identify(log) by extension 'ignore'
[1.175s] Level 1:colcon.colcon_core.package_identification:_identify(log) ignored
[1.176s] Level 1:colcon.colcon_core.package_identification:_identify(src) by extensions ['ignore', 'ignore_ament_install']
[1.176s] Level 1:colcon.colcon_core.package_identification:_identify(src) by extension 'ignore'
[1.177s] Level 1:colcon.colcon_core.package_identification:_identify(src) by extension 'ignore_ament_install'
[1.178s] Level 1:colcon.colcon_core.package_identification:_identify(src) by extensions ['colcon_pkg']
[1.178s] Level 1:colcon.colcon_core.package_identification:_identify(src) by extension 'colcon_pkg'
[1.178s] Level 1:colcon.colcon_core.package_identification:_identify(src) by extensions ['colcon_meta']
[1.179s] Level 1:colcon.colcon_core.package_identification:_identify(src) by extension 'colcon_meta'
[1.179s] Level 1:colcon.colcon_core.package_identification:_identify(src) by extensions ['ros']
[1.179s] Level 1:colcon.colcon_core.package_identification:_identify(src) by extension 'ros'
[1.181s] Level 1:colcon.colcon_core.package_identification:_identify(src) by extensions ['cmake', 'python']
[1.181s] Level 1:colcon.colcon_core.package_identification:_identify(src) by extension 'cmake'
[1.181s] Level 1:colcon.colcon_core.package_identification:_identify(src) by extension 'python'
[1.182s] Level 1:colcon.colcon_core.package_identification:_identify(src) by extensions ['python_setup_py']
[1.182s] Level 1:colcon.colcon_core.package_identification:_identify(src) by extension 'python_setup_py'
[1.183s] Level 1:colcon.colcon_core.package_identification:_identify(src/follow_the_gap_bridge) by extensions ['ignore', 'ignore_ament_install']
[1.183s] Level 1:colcon.colcon_core.package_identification:_identify(src/follow_the_gap_bridge) by extension 'ignore'
[1.183s] Level 1:colcon.colcon_core.package_identification:_identify(src/follow_the_gap_bridge) by extension 'ignore_ament_install'
[1.184s] Level 1:colcon.colcon_core.package_identification:_identify(src/follow_the_gap_bridge) by extensions ['colcon_pkg']
[1.184s] Level 1:colcon.colcon_core.package_identification:_identify(src/follow_the_gap_bridge) by extension 'colcon_pkg'
[1.184s] Level 1:colcon.colcon_core.package_identification:_identify(src/follow_the_gap_bridge) by extensions ['colcon_meta']
[1.184s] Level 1:colcon.colcon_core.package_identification:_identify(src/follow_the_gap_bridge) by extension 'colcon_meta'
[1.185s] Level 1:colcon.colcon_core.package_identification:_identify(src/follow_the_gap_bridge) by extensions ['ros']
[1.185s] Level 1:colcon.colcon_core.package_identification:_identify(src/follow_the_gap_bridge) by extension 'ros'
[1.197s] DEBUG:colcon.colcon_core.package_identification:Package 'src/follow_the_gap_bridge' with type 'ros.ament_python' and name 'follow_the_gap_bridge'
[1.199s] Level 1:colcon.colcon_core.package_identification:_identify(src/ucsd_robocar_hub2) by extensions ['ignore', 'ignore_ament_install']
[1.200s] Level 1:colcon.colcon_core.package_identification:_identify(src/ucsd_robocar_hub2) by extension 'ignore'
[1.200s] Level 1:colcon.colcon_core.package_identification:_identify(src/ucsd_robocar_hub2) by extension 'ignore_ament_install'
[1.201s] Level 1:colcon.colcon_core.package_identification:_identify(src/ucsd_robocar_hub2) by extensions ['colcon_pkg']
[1.201s] Level 1:colcon.colcon_core.package_identification:_identify(src/ucsd_robocar_hub2) by extension 'colcon_pkg'
[1.202s] Level 1:colcon.colcon_core.package_identification:_identify(src/ucsd_robocar_hub2) by extensions ['colcon_meta']
[1.202s] Level 1:colcon.colcon_core.package_identification:_identify(src/ucsd_robocar_hub2) by extension 'colcon_meta'
[1.202s] Level 1:colcon.colcon_core.package_identification:_identify(src/ucsd_robocar_hub2) by extensions ['ros']
[1.202s] Level 1:colcon.colcon_core.package_identification:_identify(src/ucsd_robocar_hub2) by extension 'ros'
[1.204s] Level 1:colcon.colcon_core.package_identification:_identify(src/ucsd_robocar_hub2) by extensions ['cmake', 'python']
[1.204s] Level 1:colcon.colcon_core.package_identification:_identify(src/ucsd_robocar_hub2) by extension 'cmake'
[1.205s] Level 1:colcon.colcon_core.package_identification:_identify(src/ucsd_robocar_hub2) by extension 'python'
[1.205s] Level 1:colcon.colcon_core.package_identification:_identify(src/ucsd_robocar_hub2) by extensions ['python_setup_py']
[1.205s] Level 1:colcon.colcon_core.package_identification:_identify(src/ucsd_robocar_hub2) by extension 'python_setup_py'
[1.206s] Level 1:colcon.colcon_core.package_identification:_identify(src/ucsd_robocar_hub2/docker_setup) by extensions ['ignore', 'ignore_ament_install']
[1.206s] Level 1:colcon.colcon_core.package_identification:_identify(src/ucsd_robocar_hub2/docker_setup) by extension 'ignore'
[1.207s] Level 1:colcon.colcon_core.package_identification:_identify(src/ucsd_robocar_hub2/docker_setup) by extension 'ignore_ament_install'
[1.207s] Level 1:colcon.colcon_core.package_identification:_identify(src/ucsd_robocar_hub2/docker_setup) by extensions ['colcon_pkg']
[1.207s] Level 1:colcon.colcon_core.package_identification:_identify(src/ucsd_robocar_hub2/docker_setup) by extension 'colcon_pkg'
[1.208s] Level 1:colcon.colcon_core.package_identification:_identify(src/ucsd_robocar_hub2/docker_setup) by extensions ['colcon_meta']
[1.208s] Level 1:colcon.colcon_core.package_identification:_identify(src/ucsd_robocar_hub2/docker_setup) by extension 'colcon_meta'
[1.208s] Level 1:colcon.colcon_core.package_identification:_identify(src/ucsd_robocar_hub2/docker_setup) by extensions ['ros']
[1.208s] Level 1:colcon.colcon_core.package_identification:_identify(src/ucsd_robocar_hub2/docker_setup) by extension 'ros'
[1.209s] Level 1:colcon.colcon_core.package_identification:_identify(src/ucsd_robocar_hub2/docker_setup) by extensions ['cmake', 'python']
[1.209s] Level 1:colcon.colcon_core.package_identification:_identify(src/ucsd_robocar_hub2/docker_setup) by extension 'cmake'
[1.210s] Level 1:colcon.colcon_core.package_identification:_identify(src/ucsd_robocar_hub2/docker_setup) by extension 'python'
[1.210s] Level 1:colcon.colcon_core.package_identification:_identify(src/ucsd_robocar_hub2/docker_setup) by extensions ['python_setup_py']
[1.210s] Level 1:colcon.colcon_core.package_identification:_identify(src/ucsd_robocar_hub2/docker_setup) by extension 'python_setup_py'
[1.211s] Level 1:colcon.colcon_core.package_identification:_identify(src/ucsd_robocar_hub2/docker_setup/bash_scripts) by extensions ['ignore', 'ignore_ament_install']
[1.211s] Level 1:colcon.colcon_core.package_identification:_identify(src/ucsd_robocar_hub2/docker_setup/bash_scripts) by extension 'ignore'
[1.211s] Level 1:colcon.colcon_core.package_identification:_identify(src/ucsd_robocar_hub2/docker_setup/bash_scripts) by extension 'ignore_ament_install'
[1.212s] Level 1:colcon.colcon_core.package_identification:_identify(src/ucsd_robocar_hub2/docker_setup/bash_scripts) by extensions ['colcon_pkg']
[1.212s] Level 1:colcon.colcon_core.package_identification:_identify(src/ucsd_robocar_hub2/docker_setup/bash_scripts) by extension 'colcon_pkg'
[1.212s] Level 1:colcon.colcon_core.package_identification:_identify(src/ucsd_robocar_hub2/docker_setup/bash_scripts) by extensions ['colcon_meta']
[1.213s] Level 1:colcon.colcon_core.package_identification:_identify(src/ucsd_robocar_hub2/docker_setup/bash_scripts) by extension 'colcon_meta'
[1.213s] Level 1:colcon.colcon_core.package_identification:_identify(src/ucsd_robocar_hub2/docker_setup/bash_scripts) by extensions ['ros']
[1.213s] Level 1:colcon.colcon_core.package_identification:_identify(src/ucsd_robocar_hub2/docker_setup/bash_scripts) by extension 'ros'
[1.214s] Level 1:colcon.colcon_core.package_identification:_identify(src/ucsd_robocar_hub2/docker_setup/bash_scripts) by extensions ['cmake', 'python']
[1.214s] Level 1:colcon.colcon_core.package_identification:_identify(src/ucsd_robocar_hub2/docker_setup/bash_scripts) by extension 'cmake'
[1.214s] Level 1:colcon.colcon_core.package_identification:_identify(src/ucsd_robocar_hub2/docker_setup/bash_scripts) by extension 'python'
[1.214s] Level 1:colcon.colcon_core.package_identification:_identify(src/ucsd_robocar_hub2/docker_setup/bash_scripts) by extensions ['python_setup_py']
[1.215s] Level 1:colcon.colcon_core.package_identification:_identify(src/ucsd_robocar_hub2/docker_setup/bash_scripts) by extension 'python_setup_py'
[1.215s] Level 1:colcon.colcon_core.package_identification:_identify(src/ucsd_robocar_hub2/docker_setup/docker_files) by extensions ['ignore', 'ignore_ament_install']
[1.216s] Level 1:colcon.colcon_core.package_identification:_identify(src/ucsd_robocar_hub2/docker_setup/docker_files) by extension 'ignore'
[1.216s] Level 1:colcon.colcon_core.package_identification:_identify(src/ucsd_robocar_hub2/docker_setup/docker_files) by extension 'ignore_ament_install'
[1.217s] Level 1:colcon.colcon_core.package_identification:_identify(src/ucsd_robocar_hub2/docker_setup/docker_files) by extensions ['colcon_pkg']
[1.217s] Level 1:colcon.colcon_core.package_identification:_identify(src/ucsd_robocar_hub2/docker_setup/docker_files) by extension 'colcon_pkg'
[1.217s] Level 1:colcon.colcon_core.package_identification:_identify(src/ucsd_robocar_hub2/docker_setup/docker_files) by extensions ['colcon_meta']
[1.217s] Level 1:colcon.colcon_core.package_identification:_identify(src/ucsd_robocar_hub2/docker_setup/docker_files) by extension 'colcon_meta'
[1.218s] Level 1:colcon.colcon_core.package_identification:_identify(src/ucsd_robocar_hub2/docker_setup/docker_files) by extensions ['ros']
[1.218s] Level 1:colcon.colcon_core.package_identification:_identify(src/ucsd_robocar_hub2/docker_setup/docker_files) by extension 'ros'
[1.218s] Level 1:colcon.colcon_core.package_identification:_identify(src/ucsd_robocar_hub2/docker_setup/docker_files) by extensions ['cmake', 'python']
[1.218s] Level 1:colcon.colcon_core.package_identification:_identify(src/ucsd_robocar_hub2/docker_setup/docker_files) by extension 'cmake'
[1.219s] Level 1:colcon.colcon_core.package_identification:_identify(src/ucsd_robocar_hub2/docker_setup/docker_files) by extension 'python'
[1.219s] Level 1:colcon.colcon_core.package_identification:_identify(src/ucsd_robocar_hub2/docker_setup/docker_files) by extensions ['python_setup_py']
[1.219s] Level 1:colcon.colcon_core.package_identification:_identify(src/ucsd_robocar_hub2/docker_setup/docker_files) by extension 'python_setup_py'
[1.220s] Level 1:colcon.colcon_core.package_identification:_identify(src/ucsd_robocar_hub2/docker_setup/sensor_file_mods) by extensions ['ignore', 'ignore_ament_install']
[1.220s] Level 1:colcon.colcon_core.package_identification:_identify(src/ucsd_robocar_hub2/docker_setup/sensor_file_mods) by extension 'ignore'
[1.221s] Level 1:colcon.colcon_core.package_identification:_identify(src/ucsd_robocar_hub2/docker_setup/sensor_file_mods) by extension 'ignore_ament_install'
[1.221s] Level 1:colcon.colcon_core.package_identification:_identify(src/ucsd_robocar_hub2/docker_setup/sensor_file_mods) by extensions ['colcon_pkg']
[1.221s] Level 1:colcon.colcon_core.package_identification:_identify(src/ucsd_robocar_hub2/docker_setup/sensor_file_mods) by extension 'colcon_pkg'
[1.221s] Level 1:colcon.colcon_core.package_identification:_identify(src/ucsd_robocar_hub2/docker_setup/sensor_file_mods) by extensions ['colcon_meta']
[1.222s] Level 1:colcon.colcon_core.package_identification:_identify(src/ucsd_robocar_hub2/docker_setup/sensor_file_mods) by extension 'colcon_meta'
[1.222s] Level 1:colcon.colcon_core.package_identification:_identify(src/ucsd_robocar_hub2/docker_setup/sensor_file_mods) by extensions ['ros']
[1.222s] Level 1:colcon.colcon_core.package_identification:_identify(src/ucsd_robocar_hub2/docker_setup/sensor_file_mods) by extension 'ros'
[1.223s] Level 1:colcon.colcon_core.package_identification:_identify(src/ucsd_robocar_hub2/docker_setup/sensor_file_mods) by extensions ['cmake', 'python']
[1.223s] Level 1:colcon.colcon_core.package_identification:_identify(src/ucsd_robocar_hub2/docker_setup/sensor_file_mods) by extension 'cmake'
[1.223s] Level 1:colcon.colcon_core.package_identification:_identify(src/ucsd_robocar_hub2/docker_setup/sensor_file_mods) by extension 'python'
[1.223s] Level 1:colcon.colcon_core.package_identification:_identify(src/ucsd_robocar_hub2/docker_setup/sensor_file_mods) by extensions ['python_setup_py']
[1.224s] Level 1:colcon.colcon_core.package_identification:_identify(src/ucsd_robocar_hub2/docker_setup/sensor_file_mods) by extension 'python_setup_py'
[1.224s] Level 1:colcon.colcon_core.package_identification:_identify(src/ucsd_robocar_hub2/ucsd_robocar_actuator2_pkg) by extensions ['ignore', 'ignore_ament_install']
[1.225s] Level 1:colcon.colcon_core.package_identification:_identify(src/ucsd_robocar_hub2/ucsd_robocar_actuator2_pkg) by extension 'ignore'
[1.225s] Level 1:colcon.colcon_core.package_identification:_identify(src/ucsd_robocar_hub2/ucsd_robocar_actuator2_pkg) by extension 'ignore_ament_install'
[1.225s] Level 1:colcon.colcon_core.package_identification:_identify(src/ucsd_robocar_hub2/ucsd_robocar_actuator2_pkg) by extensions ['colcon_pkg']
[1.226s] Level 1:colcon.colcon_core.package_identification:_identify(src/ucsd_robocar_hub2/ucsd_robocar_actuator2_pkg) by extension 'colcon_pkg'
[1.226s] Level 1:colcon.colcon_core.package_identification:_identify(src/ucsd_robocar_hub2/ucsd_robocar_actuator2_pkg) by extensions ['colcon_meta']
[1.226s] Level 1:colcon.colcon_core.package_identification:_identify(src/ucsd_robocar_hub2/ucsd_robocar_actuator2_pkg) by extension 'colcon_meta'
[1.226s] Level 1:colcon.colcon_core.package_identification:_identify(src/ucsd_robocar_hub2/ucsd_robocar_actuator2_pkg) by extensions ['ros']
[1.227s] Level 1:colcon.colcon_core.package_identification:_identify(src/ucsd_robocar_hub2/ucsd_robocar_actuator2_pkg) by extension 'ros'
[1.230s] DEBUG:colcon.colcon_core.package_identification:Package 'src/ucsd_robocar_hub2/ucsd_robocar_actuator2_pkg' with type 'ros.ament_python' and name 'ucsd_robocar_actuator2_pkg'
[1.230s] Level 1:colcon.colcon_core.package_identification:_identify(src/ucsd_robocar_hub2/ucsd_robocar_basics2_pkg) by extensions ['ignore', 'ignore_ament_install']
[1.231s] Level 1:colcon.colcon_core.package_identification:_identify(src/ucsd_robocar_hub2/ucsd_robocar_basics2_pkg) by extension 'ignore'
[1.231s] Level 1:colcon.colcon_core.package_identification:_identify(src/ucsd_robocar_hub2/ucsd_robocar_basics2_pkg) by extension 'ignore_ament_install'
[1.231s] Level 1:colcon.colcon_core.package_identification:_identify(src/ucsd_robocar_hub2/ucsd_robocar_basics2_pkg) by extensions ['colcon_pkg']
[1.232s] Level 1:colcon.colcon_core.package_identification:_identify(src/ucsd_robocar_hub2/ucsd_robocar_basics2_pkg) by extension 'colcon_pkg'
[1.232s] Level 1:colcon.colcon_core.package_identification:_identify(src/ucsd_robocar_hub2/ucsd_robocar_basics2_pkg) by extensions ['colcon_meta']
[1.232s] Level 1:colcon.colcon_core.package_identification:_identify(src/ucsd_robocar_hub2/ucsd_robocar_basics2_pkg) by extension 'colcon_meta'
[1.232s] Level 1:colcon.colcon_core.package_identification:_identify(src/ucsd_robocar_hub2/ucsd_robocar_basics2_pkg) by extensions ['ros']
[1.233s] Level 1:colcon.colcon_core.package_identification:_identify(src/ucsd_robocar_hub2/ucsd_robocar_basics2_pkg) by extension 'ros'
[1.236s] DEBUG:colcon.colcon_core.package_identification:Package 'src/ucsd_robocar_hub2/ucsd_robocar_basics2_pkg' with type 'ros.ament_python' and name 'ucsd_robocar_basics2_pkg'
[1.237s] Level 1:colcon.colcon_core.package_identification:_identify(src/ucsd_robocar_hub2/ucsd_robocar_control2_pkg) by extensions ['ignore', 'ignore_ament_install']
[1.237s] Level 1:colcon.colcon_core.package_identification:_identify(src/ucsd_robocar_hub2/ucsd_robocar_control2_pkg) by extension 'ignore'
[1.238s] Level 1:colcon.colcon_core.package_identification:_identify(src/ucsd_robocar_hub2/ucsd_robocar_control2_pkg) by extension 'ignore_ament_install'
[1.238s] Level 1:colcon.colcon_core.package_identification:_identify(src/ucsd_robocar_hub2/ucsd_robocar_control2_pkg) by extensions ['colcon_pkg']
[1.238s] Level 1:colcon.colcon_core.package_identification:_identify(src/ucsd_robocar_hub2/ucsd_robocar_control2_pkg) by extension 'colcon_pkg'
[1.238s] Level 1:colcon.colcon_core.package_identification:_identify(src/ucsd_robocar_hub2/ucsd_robocar_control2_pkg) by extensions ['colcon_meta']
[1.239s] Level 1:colcon.colcon_core.package_identification:_identify(src/ucsd_robocar_hub2/ucsd_robocar_control2_pkg) by extension 'colcon_meta'
[1.239s] Level 1:colcon.colcon_core.package_identification:_identify(src/ucsd_robocar_hub2/ucsd_robocar_control2_pkg) by extensions ['ros']
[1.239s] Level 1:colcon.colcon_core.package_identification:_identify(src/ucsd_robocar_hub2/ucsd_robocar_control2_pkg) by extension 'ros'
[1.242s] DEBUG:colcon.colcon_core.package_identification:Package 'src/ucsd_robocar_hub2/ucsd_robocar_control2_pkg' with type 'ros.ament_python' and name 'ucsd_robocar_control2_pkg'
[1.243s] Level 1:colcon.colcon_core.package_identification:_identify(src/ucsd_robocar_hub2/ucsd_robocar_lane_detection2_pkg) by extensions ['ignore', 'ignore_ament_install']
[1.243s] Level 1:colcon.colcon_core.package_identification:_identify(src/ucsd_robocar_hub2/ucsd_robocar_lane_detection2_pkg) by extension 'ignore'
[1.244s] Level 1:colcon.colcon_core.package_identification:_identify(src/ucsd_robocar_hub2/ucsd_robocar_lane_detection2_pkg) by extension 'ignore_ament_install'
[1.244s] Level 1:colcon.colcon_core.package_identification:_identify(src/ucsd_robocar_hub2/ucsd_robocar_lane_detection2_pkg) by extensions ['colcon_pkg']
[1.245s] Level 1:colcon.colcon_core.package_identification:_identify(src/ucsd_robocar_hub2/ucsd_robocar_lane_detection2_pkg) by extension 'colcon_pkg'
[1.245s] Level 1:colcon.colcon_core.package_identification:_identify(src/ucsd_robocar_hub2/ucsd_robocar_lane_detection2_pkg) by extensions ['colcon_meta']
[1.245s] Level 1:colcon.colcon_core.package_identification:_identify(src/ucsd_robocar_hub2/ucsd_robocar_lane_detection2_pkg) by extension 'colcon_meta'
[1.245s] Level 1:colcon.colcon_core.package_identification:_identify(src/ucsd_robocar_hub2/ucsd_robocar_lane_detection2_pkg) by extensions ['ros']
[1.246s] Level 1:colcon.colcon_core.package_identification:_identify(src/ucsd_robocar_hub2/ucsd_robocar_lane_detection2_pkg) by extension 'ros'
[1.249s] DEBUG:colcon.colcon_core.package_identification:Package 'src/ucsd_robocar_hub2/ucsd_robocar_lane_detection2_pkg' with type 'ros.ament_python' and name 'ucsd_robocar_lane_detection2_pkg'
[1.250s] Level 1:colcon.colcon_core.package_identification:_identify(src/ucsd_robocar_hub2/ucsd_robocar_nav2_pkg) by extensions ['ignore', 'ignore_ament_install']
[1.250s] Level 1:colcon.colcon_core.package_identification:_identify(src/ucsd_robocar_hub2/ucsd_robocar_nav2_pkg) by extension 'ignore'
[1.251s] Level 1:colcon.colcon_core.package_identification:_identify(src/ucsd_robocar_hub2/ucsd_robocar_nav2_pkg) by extension 'ignore_ament_install'
[1.252s] Level 1:colcon.colcon_core.package_identification:_identify(src/ucsd_robocar_hub2/ucsd_robocar_nav2_pkg) by extensions ['colcon_pkg']
[1.252s] Level 1:colcon.colcon_core.package_identification:_identify(src/ucsd_robocar_hub2/ucsd_robocar_nav2_pkg) by extension 'colcon_pkg'
[1.252s] Level 1:colcon.colcon_core.package_identification:_identify(src/ucsd_robocar_hub2/ucsd_robocar_nav2_pkg) by extensions ['colcon_meta']
[1.253s] Level 1:colcon.colcon_core.package_identification:_identify(src/ucsd_robocar_hub2/ucsd_robocar_nav2_pkg) by extension 'colcon_meta'
[1.253s] Level 1:colcon.colcon_core.package_identification:_identify(src/ucsd_robocar_hub2/ucsd_robocar_nav2_pkg) by extensions ['ros']
[1.253s] Level 1:colcon.colcon_core.package_identification:_identify(src/ucsd_robocar_hub2/ucsd_robocar_nav2_pkg) by extension 'ros'
[1.256s] DEBUG:colcon.colcon_core.package_identification:Package 'src/ucsd_robocar_hub2/ucsd_robocar_nav2_pkg' with type 'ros.ament_python' and name 'ucsd_robocar_nav2_pkg'
[1.257s] Level 1:colcon.colcon_core.package_identification:_identify(src/ucsd_robocar_hub2/ucsd_robocar_path2_pkg) by extensions ['ignore', 'ignore_ament_install']
[1.257s] Level 1:colcon.colcon_core.package_identification:_identify(src/ucsd_robocar_hub2/ucsd_robocar_path2_pkg) by extension 'ignore'
[1.258s] Level 1:colcon.colcon_core.package_identification:_identify(src/ucsd_robocar_hub2/ucsd_robocar_path2_pkg) by extension 'ignore_ament_install'
[1.258s] Level 1:colcon.colcon_core.package_identification:_identify(src/ucsd_robocar_hub2/ucsd_robocar_path2_pkg) by extensions ['colcon_pkg']
[1.258s] Level 1:colcon.colcon_core.package_identification:_identify(src/ucsd_robocar_hub2/ucsd_robocar_path2_pkg) by extension 'colcon_pkg'
[1.259s] Level 1:colcon.colcon_core.package_identification:_identify(src/ucsd_robocar_hub2/ucsd_robocar_path2_pkg) by extensions ['colcon_meta']
[1.259s] Level 1:colcon.colcon_core.package_identification:_identify(src/ucsd_robocar_hub2/ucsd_robocar_path2_pkg) by extension 'colcon_meta'
[1.259s] Level 1:colcon.colcon_core.package_identification:_identify(src/ucsd_robocar_hub2/ucsd_robocar_path2_pkg) by extensions ['ros']
[1.259s] Level 1:colcon.colcon_core.package_identification:_identify(src/ucsd_robocar_hub2/ucsd_robocar_path2_pkg) by extension 'ros'
[1.263s] DEBUG:colcon.colcon_core.package_identification:Package 'src/ucsd_robocar_hub2/ucsd_robocar_path2_pkg' with type 'ros.ament_python' and name 'ucsd_robocar_path2_pkg'
[1.264s] Level 1:colcon.colcon_core.package_identification:_identify(src/ucsd_robocar_hub2/ucsd_robocar_sensor2_pkg) by extensions ['ignore', 'ignore_ament_install']
[1.264s] Level 1:colcon.colcon_core.package_identification:_identify(src/ucsd_robocar_hub2/ucsd_robocar_sensor2_pkg) by extension 'ignore'
[1.265s] Level 1:colcon.colcon_core.package_identification:_identify(src/ucsd_robocar_hub2/ucsd_robocar_sensor2_pkg) by extension 'ignore_ament_install'
[1.265s] Level 1:colcon.colcon_core.package_identification:_identify(src/ucsd_robocar_hub2/ucsd_robocar_sensor2_pkg) by extensions ['colcon_pkg']
[1.265s] Level 1:colcon.colcon_core.package_identification:_identify(src/ucsd_robocar_hub2/ucsd_robocar_sensor2_pkg) by extension 'colcon_pkg'
[1.266s] Level 1:colcon.colcon_core.package_identification:_identify(src/ucsd_robocar_hub2/ucsd_robocar_sensor2_pkg) by extensions ['colcon_meta']
[1.266s] Level 1:colcon.colcon_core.package_identification:_identify(src/ucsd_robocar_hub2/ucsd_robocar_sensor2_pkg) by extension 'colcon_meta'
[1.266s] Level 1:colcon.colcon_core.package_identification:_identify(src/ucsd_robocar_hub2/ucsd_robocar_sensor2_pkg) by extensions ['ros']
[1.266s] Level 1:colcon.colcon_core.package_identification:_identify(src/ucsd_robocar_hub2/ucsd_robocar_sensor2_pkg) by extension 'ros'
[1.270s] DEBUG:colcon.colcon_core.package_identification:Package 'src/ucsd_robocar_hub2/ucsd_robocar_sensor2_pkg' with type 'ros.ament_python' and name 'ucsd_robocar_sensor2_pkg'
[1.271s] Level 1:colcon.colcon_core.package_identification:_identify(test) by extensions ['ignore', 'ignore_ament_install']
[1.272s] Level 1:colcon.colcon_core.package_identification:_identify(test) by extension 'ignore'
[1.272s] Level 1:colcon.colcon_core.package_identification:_identify(test) by extension 'ignore_ament_install'
[1.272s] Level 1:colcon.colcon_core.package_identification:_identify(test) by extensions ['colcon_pkg']
[1.272s] Level 1:colcon.colcon_core.package_identification:_identify(test) by extension 'colcon_pkg'
[1.273s] Level 1:colcon.colcon_core.package_identification:_identify(test) by extensions ['colcon_meta']
[1.273s] Level 1:colcon.colcon_core.package_identification:_identify(test) by extension 'colcon_meta'
[1.273s] Level 1:colcon.colcon_core.package_identification:_identify(test) by extensions ['ros']
[1.273s] Level 1:colcon.colcon_core.package_identification:_identify(test) by extension 'ros'
[1.274s] Level 1:colcon.colcon_core.package_identification:_identify(test) by extensions ['cmake', 'python']
[1.274s] Level 1:colcon.colcon_core.package_identification:_identify(test) by extension 'cmake'
[1.274s] Level 1:colcon.colcon_core.package_identification:_identify(test) by extension 'python'
[1.275s] Level 1:colcon.colcon_core.package_identification:_identify(test) by extensions ['python_setup_py']
[1.275s] Level 1:colcon.colcon_core.package_identification:_identify(test) by extension 'python_setup_py'
[1.276s] Level 1:colcon.colcon_core.package_identification:_identify(test/test2) by extensions ['ignore', 'ignore_ament_install']
[1.276s] Level 1:colcon.colcon_core.package_identification:_identify(test/test2) by extension 'ignore'
[1.277s] Level 1:colcon.colcon_core.package_identification:_identify(test/test2) by extension 'ignore_ament_install'
[1.277s] Level 1:colcon.colcon_core.package_identification:_identify(test/test2) by extensions ['colcon_pkg']
[1.277s] Level 1:colcon.colcon_core.package_identification:_identify(test/test2) by extension 'colcon_pkg'
[1.277s] Level 1:colcon.colcon_core.package_identification:_identify(test/test2) by extensions ['colcon_meta']
[1.278s] Level 1:colcon.colcon_core.package_identification:_identify(test/test2) by extension 'colcon_meta'
[1.278s] Level 1:colcon.colcon_core.package_identification:_identify(test/test2) by extensions ['ros']
[1.278s] Level 1:colcon.colcon_core.package_identification:_identify(test/test2) by extension 'ros'
[1.279s] Level 1:colcon.colcon_core.package_identification:_identify(test/test2) by extensions ['cmake', 'python']
[1.279s] Level 1:colcon.colcon_core.package_identification:_identify(test/test2) by extension 'cmake'
[1.279s] Level 1:colcon.colcon_core.package_identification:_identify(test/test2) by extension 'python'
[1.279s] Level 1:colcon.colcon_core.package_identification:_identify(test/test2) by extensions ['python_setup_py']
[1.279s] Level 1:colcon.colcon_core.package_identification:_identify(test/test2) by extension 'python_setup_py'
[1.280s] Level 1:colcon.colcon_core.package_discovery:discover_packages(recursive) using defaults
[1.280s] Level 1:colcon.colcon_core.package_discovery:discover_packages(ignore) discover
[1.280s] Level 1:colcon.colcon_core.package_discovery:discover_packages(ignore) using defaults
[1.280s] Level 1:colcon.colcon_core.package_discovery:discover_packages(path) discover
[1.281s] Level 1:colcon.colcon_core.package_discovery:discover_packages(path) using defaults
[1.407s] INFO:colcon.colcon_core.package_selection:Skipping not selected package 'ucsd_robocar_actuator2_pkg' in 'src/ucsd_robocar_hub2/ucsd_robocar_actuator2_pkg'
[1.407s] INFO:colcon.colcon_core.package_selection:Skipping not selected package 'ucsd_robocar_basics2_pkg' in 'src/ucsd_robocar_hub2/ucsd_robocar_basics2_pkg'
[1.407s] INFO:colcon.colcon_core.package_selection:Skipping not selected package 'ucsd_robocar_control2_pkg' in 'src/ucsd_robocar_hub2/ucsd_robocar_control2_pkg'
[1.407s] INFO:colcon.colcon_core.package_selection:Skipping not selected package 'ucsd_robocar_lane_detection2_pkg' in 'src/ucsd_robocar_hub2/ucsd_robocar_lane_detection2_pkg'
[1.408s] INFO:colcon.colcon_core.package_selection:Skipping not selected package 'ucsd_robocar_nav2_pkg' in 'src/ucsd_robocar_hub2/ucsd_robocar_nav2_pkg'
[1.408s] INFO:colcon.colcon_core.package_selection:Skipping not selected package 'ucsd_robocar_path2_pkg' in 'src/ucsd_robocar_hub2/ucsd_robocar_path2_pkg'
[1.408s] INFO:colcon.colcon_core.package_selection:Skipping not selected package 'ucsd_robocar_sensor2_pkg' in 'src/ucsd_robocar_hub2/ucsd_robocar_sensor2_pkg'
[1.412s] Level 5:colcon.colcon_core.verb:set package 'follow_the_gap_bridge' build argument 'cmake_args' from command line to 'None'
[1.412s] Level 5:colcon.colcon_core.verb:set package 'follow_the_gap_bridge' build argument 'cmake_target' from command line to 'None'
[1.413s] Level 5:colcon.colcon_core.verb:set package 'follow_the_gap_bridge' build argument 'cmake_target_skip_unavailable' from command line to 'False'
[1.413s] Level 5:colcon.colcon_core.verb:set package 'follow_the_gap_bridge' build argument 'cmake_clean_cache' from command line to 'False'
[1.413s] Level 5:colcon.colcon_core.verb:set package 'follow_the_gap_bridge' build argument 'cmake_clean_first' from command line to 'False'
[1.413s] Level 5:colcon.colcon_core.verb:set package 'follow_the_gap_bridge' build argument 'cmake_force_configure' from command line to 'False'
[1.413s] Level 5:colcon.colcon_core.verb:set package 'follow_the_gap_bridge' build argument 'ament_cmake_args' from command line to 'None'
[1.413s] Level 5:colcon.colcon_core.verb:set package 'follow_the_gap_bridge' build argument 'catkin_cmake_args' from command line to 'None'
[1.414s] Level 5:colcon.colcon_core.verb:set package 'follow_the_gap_bridge' build argument 'catkin_skip_building_tests' from command line to 'False'
[1.414s] DEBUG:colcon.colcon_core.verb:Building package 'follow_the_gap_bridge' with the following arguments: {'ament_cmake_args': None, 'build_base': '/home/projects/ros2_ws/build/follow_the_gap_bridge', 'catkin_cmake_args': None, 'catkin_skip_building_tests': False, 'cmake_args': None, 'cmake_clean_cache': False, 'cmake_clean_first': False, 'cmake_force_configure': False, 'cmake_target': None, 'cmake_target_skip_unavailable': False, 'install_base': '/home/projects/ros2_ws/install/follow_the_gap_bridge', 'merge_install': False, 'path': '/home/projects/ros2_ws/src/follow_the_gap_bridge', 'symlink_install': True, 'test_result_base': None}
[1.468s] WARNING:colcon.colcon_core.verb:Some selected packages are already built in one or more underlay workspaces:
	'follow_the_gap_bridge' is in: /home/projects/ros2_ws/install/follow_the_gap_bridge
If a package in a merged underlay workspace is overridden and it installs headers, then all packages in the overlay must sort their include directories by workspace order. Failure to do so may result in build failures or undefined behavior at run time.
If the overridden package is used by another package in any underlay, then the overriding package in the overlay must be API and ABI compatible or undefined behavior at run time may occur.

If you understand the risks and want to override a package anyways, add the following to the command line:
	--allow-overriding follow_the_gap_bridge

This may be promoted to an error in a future release of colcon-core.
[1.470s] INFO:colcon.colcon_core.executor:Executing jobs using 'parallel' executor
[1.485s] DEBUG:colcon.colcon_parallel_executor.executor.parallel:run_until_complete
[1.487s] INFO:colcon.colcon_ros.task.ament_python.build:Building ROS package in '/home/projects/ros2_ws/src/follow_the_gap_bridge' with build type 'ament_python'
[1.488s] Level 1:colcon.colcon_core.shell:create_environment_hook('follow_the_gap_bridge', 'ament_prefix_path')
[1.553s] INFO:colcon.colcon_core.plugin_system:Skipping extension 'colcon_core.shell.bat': Not used on non-Windows systems
[1.554s] INFO:colcon.colcon_core.shell:Creating environment hook '/home/projects/ros2_ws/install/follow_the_gap_bridge/share/follow_the_gap_bridge/hook/ament_prefix_path.ps1'
[1.558s] INFO:colcon.colcon_core.shell:Creating environment descriptor '/home/projects/ros2_ws/install/follow_the_gap_bridge/share/follow_the_gap_bridge/hook/ament_prefix_path.dsv'
[1.561s] INFO:colcon.colcon_core.shell:Creating environment hook '/home/projects/ros2_ws/install/follow_the_gap_bridge/share/follow_the_gap_bridge/hook/ament_prefix_path.sh'
[1.566s] INFO:colcon.colcon_core.shell:Skip shell extension 'powershell' for command environment: Not usable outside of PowerShell
[1.567s] DEBUG:colcon.colcon_core.shell:Skip shell extension 'dsv' for command environment
[3.338s] INFO:colcon.colcon_core.task.python.build:Building Python package in '/home/projects/ros2_ws/src/follow_the_gap_bridge'
[3.345s] INFO:colcon.colcon_core.shell:Skip shell extension 'powershell' for command environment: Not usable outside of PowerShell
[3.346s] DEBUG:colcon.colcon_core.shell:Skip shell extension 'dsv' for command environment
[5.950s] DEBUG:colcon.colcon_core.task.python.build:While undoing a previous installation files outside the Python library path are being ignored: /home/projects/ros2_ws/install/follow_the_gap_bridge/share/ament_index/resource_index/packages/follow_the_gap_bridge
[5.952s] DEBUG:colcon.colcon_core.task.python.build:While undoing a previous installation files outside the Python library path are being ignored: /home/projects/ros2_ws/install/follow_the_gap_bridge/share/follow_the_gap_bridge/package.xml
[5.952s] DEBUG:colcon.colcon_core.task.python.build:While undoing a previous installation files outside the Python library path are being ignored: /home/projects/ros2_ws/install/follow_the_gap_bridge/share/follow_the_gap_bridge
[5.955s] DEBUG:colcon.colcon_core.task.python.build:While undoing a previous installation files outside the Python library path are being ignored: /home/projects/ros2_ws/install/follow_the_gap_bridge/lib/follow_the_gap_bridge/follow_the_gap_bridge
[5.968s] DEBUG:colcon.colcon_core.event_handler.log_command:Invoking command in '/home/projects/ros2_ws/build/follow_the_gap_bridge': PYTHONPATH=/home/projects/ros2_ws/install/follow_the_gap_bridge/lib/python3.8/site-packages:${PYTHONPATH} /usr/bin/python3 setup.py develop --prefix /home/projects/ros2_ws/install/follow_the_gap_bridge --editable --build-directory /home/projects/ros2_ws/build/follow_the_gap_bridge/build --no-deps install_data --install-dir /home/projects/ros2_ws/install/follow_the_gap_bridge
[9.066s] Level 1:colcon.colcon_core.shell:create_environment_hook('follow_the_gap_bridge', 'pythonpath_develop')
[9.076s] INFO:colcon.colcon_core.shell:Creating environment hook '/home/projects/ros2_ws/build/follow_the_gap_bridge/share/follow_the_gap_bridge/hook/pythonpath_develop.ps1'
[9.078s] DEBUG:colcon.colcon_core.event_handler.log_command:Invoked command in '/home/projects/ros2_ws/build/follow_the_gap_bridge' returned '0': PYTHONPATH=/home/projects/ros2_ws/install/follow_the_gap_bridge/lib/python3.8/site-packages:${PYTHONPATH} /usr/bin/python3 setup.py develop --prefix /home/projects/ros2_ws/install/follow_the_gap_bridge --editable --build-directory /home/projects/ros2_ws/build/follow_the_gap_bridge/build --no-deps install_data --install-dir /home/projects/ros2_ws/install/follow_the_gap_bridge
[9.084s] INFO:colcon.colcon_core.shell:Creating environment descriptor '/home/projects/ros2_ws/build/follow_the_gap_bridge/share/follow_the_gap_bridge/hook/pythonpath_develop.dsv'
[9.086s] INFO:colcon.colcon_core.shell:Creating environment hook '/home/projects/ros2_ws/build/follow_the_gap_bridge/share/follow_the_gap_bridge/hook/pythonpath_develop.sh'
[9.123s] Level 1:colcon.colcon_core.environment:checking '/home/projects/ros2_ws/install/follow_the_gap_bridge' for CMake module files
[9.126s] Level 1:colcon.colcon_core.environment:checking '/home/projects/ros2_ws/install/follow_the_gap_bridge' for CMake config files
[9.131s] Level 1:colcon.colcon_core.environment:checking '/home/projects/ros2_ws/install/follow_the_gap_bridge/lib'
[9.132s] Level 1:colcon.colcon_core.environment:checking '/home/projects/ros2_ws/install/follow_the_gap_bridge/bin'
[9.132s] Level 1:colcon.colcon_core.environment:checking '/home/projects/ros2_ws/install/follow_the_gap_bridge/lib/pkgconfig/follow_the_gap_bridge.pc'
[9.133s] Level 1:colcon.colcon_core.environment:checking '/home/projects/ros2_ws/install/follow_the_gap_bridge/lib/python3.8/site-packages'
[9.133s] Level 1:colcon.colcon_core.shell:create_environment_hook('follow_the_gap_bridge', 'pythonpath')
[9.136s] INFO:colcon.colcon_core.shell:Creating environment hook '/home/projects/ros2_ws/install/follow_the_gap_bridge/share/follow_the_gap_bridge/hook/pythonpath.ps1'
[9.138s] INFO:colcon.colcon_core.shell:Creating environment descriptor '/home/projects/ros2_ws/install/follow_the_gap_bridge/share/follow_the_gap_bridge/hook/pythonpath.dsv'
[9.140s] INFO:colcon.colcon_core.shell:Creating environment hook '/home/projects/ros2_ws/install/follow_the_gap_bridge/share/follow_the_gap_bridge/hook/pythonpath.sh'
[9.142s] Level 1:colcon.colcon_core.environment:create_environment_scripts_only(follow_the_gap_bridge)
[9.146s] INFO:colcon.colcon_core.shell:Creating package script '/home/projects/ros2_ws/install/follow_the_gap_bridge/share/follow_the_gap_bridge/package.ps1'
[9.150s] INFO:colcon.colcon_core.shell:Creating package descriptor '/home/projects/ros2_ws/install/follow_the_gap_bridge/share/follow_the_gap_bridge/package.dsv'
[9.154s] INFO:colcon.colcon_core.shell:Creating package script '/home/projects/ros2_ws/install/follow_the_gap_bridge/share/follow_the_gap_bridge/package.sh'
[9.158s] INFO:colcon.colcon_core.shell:Creating package script '/home/projects/ros2_ws/install/follow_the_gap_bridge/share/follow_the_gap_bridge/package.bash'
[9.162s] INFO:colcon.colcon_core.shell:Creating package script '/home/projects/ros2_ws/install/follow_the_gap_bridge/share/follow_the_gap_bridge/package.zsh'
[9.165s] Level 1:colcon.colcon_core.environment:create_file_with_runtime_dependencies(/home/projects/ros2_ws/install/follow_the_gap_bridge/share/colcon-core/packages/follow_the_gap_bridge)
[9.168s] DEBUG:colcon.colcon_parallel_executor.executor.parallel:closing loop
[9.170s] DEBUG:colcon.colcon_parallel_executor.executor.parallel:loop closed
[9.170s] DEBUG:colcon.colcon_parallel_executor.executor.parallel:run_until_complete finished with '0'
[9.171s] DEBUG:colcon.colcon_core.event_reactor:joining thread
[9.213s] INFO:colcon.colcon_core.plugin_system:Skipping extension 'colcon_notification.desktop_notification.notify_send': Could not find 'notify-send'
[9.213s] INFO:colcon.colcon_core.plugin_system:Skipping extension 'colcon_notification.desktop_notification.terminal_notifier': Not used on non-Darwin systems
[9.214s] INFO:colcon.colcon_core.plugin_system:Skipping extension 'colcon_notification.desktop_notification.win32': Not used on non-Windows systems
[9.214s] INFO:colcon.colcon_notification.desktop_notification:Sending desktop notification using 'notify2'
[9.356s] DEBUG:colcon.colcon_notification.desktop_notification.notify2:Failed to initialize notify2: org.freedesktop.DBus.Error.ServiceUnknown: The name org.freedesktop.Notifications was not provided by any .service files
[9.358s] DEBUG:colcon.colcon_core.event_reactor:joined thread
[9.367s] INFO:colcon.colcon_core.shell:Creating prefix script '/home/projects/ros2_ws/install/local_setup.ps1'
[9.375s] INFO:colcon.colcon_core.shell:Creating prefix util module '/home/projects/ros2_ws/install/_local_setup_util_ps1.py'
[9.382s] INFO:colcon.colcon_core.shell:Creating prefix chain script '/home/projects/ros2_ws/install/setup.ps1'
[9.398s] INFO:colcon.colcon_core.shell:Creating prefix script '/home/projects/ros2_ws/install/local_setup.sh'
[9.401s] INFO:colcon.colcon_core.shell:Creating prefix util module '/home/projects/ros2_ws/install/_local_setup_util_sh.py'
[9.404s] INFO:colcon.colcon_core.shell:Creating prefix chain script '/home/projects/ros2_ws/install/setup.sh'
[9.419s] INFO:colcon.colcon_core.shell:Creating prefix script '/home/projects/ros2_ws/install/local_setup.bash'
[9.422s] INFO:colcon.colcon_core.shell:Creating prefix chain script '/home/projects/ros2_ws/install/setup.bash'
[9.437s] INFO:colcon.colcon_core.shell:Creating prefix script '/home/projects/ros2_ws/install/local_setup.zsh'
[9.439s] INFO:colcon.colcon_core.shell:Creating prefix chain script '/home/projects/ros2_ws/install/setup.zsh'
