[0.000000] (-) TimerEvent: {}
[0.000459] (ldlidar) JobQueued: {'identifier': 'ldlidar', 'dependencies': OrderedDict()}
[0.001254] (ldlidar) JobStarted: {'identifier': 'ldlidar'}
[0.037649] (ldlidar) JobProgress: {'identifier': 'ldlidar', 'progress': 'cmake'}
[0.038867] (ldlidar) Command: {'cmd': ['/usr/bin/cmake', '/home/projects/sensor_ws/src/lidars/ld06/src/ldlidar', '-DCMAKE_INSTALL_PREFIX=/home/projects/sensor_ws/src/lidars/ld06/install/ldlidar'], 'cwd': '/home/projects/sensor_ws/src/lidars/ld06/build/ldlidar', 'env': OrderedDict([('HOSTNAME', '8af8469923ee'), ('SHLVL', '1'), ('LD_LIBRARY_PATH', '/opt/ros/foxy/opt/yaml_cpp_vendor/lib:/opt/ros/foxy/opt/rviz_ogre_vendor/lib:/opt/ros/foxy/lib/aarch64-linux-gnu:/opt/ros/foxy/lib'), ('HOME', '/root'), ('ROS_PYTHON_VERSION', '3'), ('ROS_DISTRO', 'foxy'), ('_', '/usr/bin/colcon'), ('ROS_VERSION', '2'), ('ROS_LOCALHOST_ONLY', '0'), ('PATH', '/opt/ros/foxy/bin:/usr/local/sbin:/usr/local/bin:/usr/sbin:/usr/bin:/sbin:/bin'), ('LANG', 'C.UTF-8'), ('ROS1_DISTRO', 'noetic'), ('ROS2_DISTRO', 'foxy'), ('AMENT_PREFIX_PATH', '/opt/ros/foxy'), ('PWD', '/home/projects/sensor_ws/src/lidars/ld06/build/ldlidar'), ('LC_ALL', 'C.UTF-8'), ('PYTHONPATH', '/opt/ros/foxy/lib/python3.8/site-packages'), ('COLCON', '1'), ('CMAKE_PREFIX_PATH', '/opt/ros/foxy')]), 'shell': False}
[0.098954] (-) TimerEvent: {}
[0.199395] (-) TimerEvent: {}
[0.204233] (ldlidar) StdoutLine: {'line': b'-- The C compiler identification is GNU 9.3.0\n'}
[0.299686] (-) TimerEvent: {}
[0.350575] (ldlidar) StdoutLine: {'line': b'-- The CXX compiler identification is GNU 9.3.0\n'}
[0.362437] (ldlidar) StdoutLine: {'line': b'-- Check for working C compiler: /usr/bin/cc\n'}
[0.399878] (-) TimerEvent: {}
[0.500315] (-) TimerEvent: {}
[0.538910] (ldlidar) StdoutLine: {'line': b'-- Check for working C compiler: /usr/bin/cc -- works\n'}
[0.541224] (ldlidar) StdoutLine: {'line': b'-- Detecting C compiler ABI info\n'}
[0.600522] (-) TimerEvent: {}
[0.701106] (-) TimerEvent: {}
[0.720935] (ldlidar) StdoutLine: {'line': b'-- Detecting C compiler ABI info - done\n'}
[0.754944] (ldlidar) StdoutLine: {'line': b'-- Detecting C compile features\n'}
[0.755622] (ldlidar) StdoutLine: {'line': b'-- Detecting C compile features - done\n'}
[0.762167] (ldlidar) StdoutLine: {'line': b'-- Check for working CXX compiler: /usr/bin/c++\n'}
[0.801267] (-) TimerEvent: {}
[0.901899] (-) TimerEvent: {}
[0.946225] (ldlidar) StdoutLine: {'line': b'-- Check for working CXX compiler: /usr/bin/c++ -- works\n'}
[0.948533] (ldlidar) StdoutLine: {'line': b'-- Detecting CXX compiler ABI info\n'}
[1.001978] (-) TimerEvent: {}
[1.102415] (-) TimerEvent: {}
[1.143131] (ldlidar) StdoutLine: {'line': b'-- Detecting CXX compiler ABI info - done\n'}
[1.184355] (ldlidar) StdoutLine: {'line': b'-- Detecting CXX compile features\n'}
[1.189183] (ldlidar) StdoutLine: {'line': b'-- Detecting CXX compile features - done\n'}
[1.195708] (ldlidar) StdoutLine: {'line': b'-- Found ament_cmake: 0.9.8 (/opt/ros/foxy/share/ament_cmake/cmake)\n'}
[1.202478] (-) TimerEvent: {}
[1.255596] (ldlidar) StdoutLine: {'line': b'-- Found PythonInterp: /usr/bin/python3 (found suitable version "3.8.10", minimum required is "3") \n'}
[1.256173] (ldlidar) StdoutLine: {'line': b'-- Using PYTHON_EXECUTABLE: /usr/bin/python3\n'}
[1.302608] (-) TimerEvent: {}
[1.402853] (-) TimerEvent: {}
[1.503042] (-) TimerEvent: {}
[1.603205] (-) TimerEvent: {}
[1.703373] (-) TimerEvent: {}
[1.735738] (ldlidar) StdoutLine: {'line': b'-- Found rclcpp: 2.3.1 (/opt/ros/foxy/share/rclcpp/cmake)\n'}
[1.803543] (-) TimerEvent: {}
[1.844589] (ldlidar) StdoutLine: {'line': b'-- Using all available rosidl_typesupport_c: rosidl_typesupport_fastrtps_c;rosidl_typesupport_introspection_c\n'}
[1.863512] (ldlidar) StdoutLine: {'line': b'-- Found rosidl_adapter: 1.2.1 (/opt/ros/foxy/share/rosidl_adapter/cmake)\n'}
[1.903634] (-) TimerEvent: {}
[2.003949] (-) TimerEvent: {}
[2.085292] (ldlidar) StdoutLine: {'line': b'-- Found OpenSSL: /usr/lib/aarch64-linux-gnu/libcrypto.so (found version "1.1.1f")  \n'}
[2.104044] (-) TimerEvent: {}
[2.164595] (ldlidar) StdoutLine: {'line': b'-- Found FastRTPS: /opt/ros/foxy/include  \n'}
[2.204156] (-) TimerEvent: {}
[2.304640] (-) TimerEvent: {}
[2.363152] (ldlidar) StdoutLine: {'line': b'-- Using all available rosidl_typesupport_cpp: rosidl_typesupport_fastrtps_cpp;rosidl_typesupport_introspection_cpp\n'}
[2.404768] (-) TimerEvent: {}
[2.505457] (ldlidar) StdoutLine: {'line': b'-- Found rmw_implementation_cmake: 1.0.3 (/opt/ros/foxy/share/rmw_implementation_cmake/cmake)\n'}
[2.505992] (-) TimerEvent: {}
[2.508838] (ldlidar) StdoutLine: {'line': b"-- Using RMW implementation 'rmw_fastrtps_cpp' as default\n"}
[2.511151] (ldlidar) StdoutLine: {'line': b'-- Looking for pthread.h\n'}
[2.606195] (-) TimerEvent: {}
[2.694554] (ldlidar) StdoutLine: {'line': b'-- Looking for pthread.h - found\n'}
[2.695492] (ldlidar) StdoutLine: {'line': b'-- Performing Test CMAKE_HAVE_LIBC_PTHREAD\n'}
[2.706279] (-) TimerEvent: {}
[2.806576] (-) TimerEvent: {}
[2.901708] (ldlidar) StdoutLine: {'line': b'-- Performing Test CMAKE_HAVE_LIBC_PTHREAD - Failed\n'}
[2.902288] (ldlidar) StdoutLine: {'line': b'-- Looking for pthread_create in pthreads\n'}
[2.906646] (-) TimerEvent: {}
[3.006911] (-) TimerEvent: {}
[3.057164] (ldlidar) StdoutLine: {'line': b'-- Looking for pthread_create in pthreads - not found\n'}
[3.059359] (ldlidar) StdoutLine: {'line': b'-- Looking for pthread_create in pthread\n'}
[3.107113] (-) TimerEvent: {}
[3.207553] (-) TimerEvent: {}
[3.253939] (ldlidar) StdoutLine: {'line': b'-- Looking for pthread_create in pthread - found\n'}
[3.255569] (ldlidar) StdoutLine: {'line': b'-- Found Threads: TRUE  \n'}
[3.307785] (-) TimerEvent: {}
[3.408236] (-) TimerEvent: {}
[3.509110] (-) TimerEvent: {}
[3.609694] (-) TimerEvent: {}
[3.639329] (ldlidar) StdoutLine: {'line': b'-- Found sensor_msgs: 2.0.4 (/opt/ros/foxy/share/sensor_msgs/cmake)\n'}
[3.709859] (-) TimerEvent: {}
[3.810301] (-) TimerEvent: {}
[3.910745] (-) TimerEvent: {}
[4.011130] (-) TimerEvent: {}
[4.080952] (ldlidar) StdoutLine: {'line': b'-- Configuring done\n'}
[4.106801] (ldlidar) StdoutLine: {'line': b'-- Generating done\n'}
[4.110897] (ldlidar) StdoutLine: {'line': b'-- Build files have been written to: /home/projects/sensor_ws/src/lidars/ld06/build/ldlidar\n'}
[4.111514] (-) TimerEvent: {}
[4.130096] (ldlidar) CommandEnded: {'returncode': 0}
[4.132297] (ldlidar) JobProgress: {'identifier': 'ldlidar', 'progress': 'build'}
[4.135777] (ldlidar) Command: {'cmd': ['/usr/bin/cmake', '--build', '/home/projects/sensor_ws/src/lidars/ld06/build/ldlidar', '--', '-j8', '-l8'], 'cwd': '/home/projects/sensor_ws/src/lidars/ld06/build/ldlidar', 'env': OrderedDict([('HOSTNAME', '8af8469923ee'), ('SHLVL', '1'), ('LD_LIBRARY_PATH', '/opt/ros/foxy/opt/yaml_cpp_vendor/lib:/opt/ros/foxy/opt/rviz_ogre_vendor/lib:/opt/ros/foxy/lib/aarch64-linux-gnu:/opt/ros/foxy/lib'), ('HOME', '/root'), ('ROS_PYTHON_VERSION', '3'), ('ROS_DISTRO', 'foxy'), ('_', '/usr/bin/colcon'), ('ROS_VERSION', '2'), ('ROS_LOCALHOST_ONLY', '0'), ('PATH', '/opt/ros/foxy/bin:/usr/local/sbin:/usr/local/bin:/usr/sbin:/usr/bin:/sbin:/bin'), ('LANG', 'C.UTF-8'), ('ROS1_DISTRO', 'noetic'), ('ROS2_DISTRO', 'foxy'), ('AMENT_PREFIX_PATH', '/opt/ros/foxy'), ('PWD', '/home/projects/sensor_ws/src/lidars/ld06/build/ldlidar'), ('LC_ALL', 'C.UTF-8'), ('PYTHONPATH', '/opt/ros/foxy/lib/python3.8/site-packages'), ('COLCON', '1'), ('CMAKE_PREFIX_PATH', '/opt/ros/foxy')]), 'shell': False}
[4.211863] (-) TimerEvent: {}
[4.307879] (ldlidar) StdoutLine: {'line': b'Scanning dependencies of target ldlidar\n'}
[4.311905] (-) TimerEvent: {}
[4.341270] (ldlidar) StdoutLine: {'line': b'[ 16%] Building CXX object CMakeFiles/ldlidar.dir/src/cmd_interface_linux.cpp.o\n'}
[4.354122] (ldlidar) StdoutLine: {'line': b'[ 33%] Building CXX object CMakeFiles/ldlidar.dir/src/ldlidar.cpp.o\n'}
[4.354634] (ldlidar) StdoutLine: {'line': b'[ 50%] Building CXX object CMakeFiles/ldlidar.dir/src/ldlidar_node.cpp.o\n'}
[4.354960] (ldlidar) StdoutLine: {'line': b'[ 66%] Building CXX object CMakeFiles/ldlidar.dir/src/tofbf.cpp.o\n'}
[4.355688] (ldlidar) StdoutLine: {'line': b'[ 83%] Building CXX object CMakeFiles/ldlidar.dir/src/lipkg.cpp.o\n'}
[4.412140] (-) TimerEvent: {}
[4.512583] (-) TimerEvent: {}
[4.613085] (-) TimerEvent: {}
[4.713558] (-) TimerEvent: {}
[4.814024] (-) TimerEvent: {}
[4.914506] (-) TimerEvent: {}
[5.016531] (-) TimerEvent: {}
[5.117072] (-) TimerEvent: {}
[5.217517] (-) TimerEvent: {}
[5.317967] (-) TimerEvent: {}
[5.418410] (-) TimerEvent: {}
[5.518910] (-) TimerEvent: {}
[5.619430] (-) TimerEvent: {}
[5.719888] (-) TimerEvent: {}
[5.820374] (-) TimerEvent: {}
[5.920817] (-) TimerEvent: {}
[6.021318] (-) TimerEvent: {}
[6.121748] (-) TimerEvent: {}
[6.222152] (-) TimerEvent: {}
[6.322579] (-) TimerEvent: {}
[6.423017] (-) TimerEvent: {}
[6.523455] (-) TimerEvent: {}
[6.624066] (-) TimerEvent: {}
[6.724672] (-) TimerEvent: {}
[6.825149] (-) TimerEvent: {}
[6.925576] (-) TimerEvent: {}
[7.025987] (-) TimerEvent: {}
[7.042634] (ldlidar) StderrLine: {'line': b'/home/projects/sensor_ws/src/lidars/ld06/src/ldlidar/src/lipkg.cpp: In member function \xe2\x80\x98void LiPkg::ToLaserscan(std::vector<PointData>)\xe2\x80\x99:\n'}
[7.043307] (ldlidar) StderrLine: {'line': b'/home/projects/sensor_ws/src/lidars/ld06/src/ldlidar/src/lipkg.cpp:258:29: warning: comparison of integer expressions of different signedness: \xe2\x80\x98int\xe2\x80\x99 and \xe2\x80\x98unsigned int\xe2\x80\x99 [-Wsign-compare]\n'}
[7.043626] (ldlidar) StderrLine: {'line': b'  258 |     if (index >= 0 && index < beam_size_)\n'}
[7.043882] (ldlidar) StderrLine: {'line': b'      |                       ~~~~~~^~~~~~~~~~~~\n'}
[7.126240] (-) TimerEvent: {}
[7.226744] (-) TimerEvent: {}
[7.327224] (-) TimerEvent: {}
[7.427706] (-) TimerEvent: {}
[7.528198] (-) TimerEvent: {}
[7.628664] (-) TimerEvent: {}
[7.729184] (-) TimerEvent: {}
[7.829636] (-) TimerEvent: {}
[7.930105] (-) TimerEvent: {}
[8.030572] (-) TimerEvent: {}
[8.131036] (-) TimerEvent: {}
[8.231463] (-) TimerEvent: {}
[8.331854] (-) TimerEvent: {}
[8.432206] (-) TimerEvent: {}
[8.532529] (-) TimerEvent: {}
[8.632868] (-) TimerEvent: {}
[8.733293] (-) TimerEvent: {}
[8.833708] (-) TimerEvent: {}
[8.934058] (-) TimerEvent: {}
[9.034411] (-) TimerEvent: {}
[9.134735] (-) TimerEvent: {}
[9.235113] (-) TimerEvent: {}
[9.335475] (-) TimerEvent: {}
[9.435759] (-) TimerEvent: {}
[9.536027] (-) TimerEvent: {}
[9.636298] (-) TimerEvent: {}
[9.736572] (-) TimerEvent: {}
[9.836831] (-) TimerEvent: {}
[9.937175] (-) TimerEvent: {}
[10.037885] (-) TimerEvent: {}
[10.138217] (-) TimerEvent: {}
[10.238494] (-) TimerEvent: {}
[10.338758] (-) TimerEvent: {}
[10.439019] (-) TimerEvent: {}
[10.539300] (-) TimerEvent: {}
[10.639577] (-) TimerEvent: {}
[10.739862] (-) TimerEvent: {}
[10.840150] (-) TimerEvent: {}
[10.940426] (-) TimerEvent: {}
[11.040706] (-) TimerEvent: {}
[11.141043] (-) TimerEvent: {}
[11.241316] (-) TimerEvent: {}
[11.341589] (-) TimerEvent: {}
[11.441827] (-) TimerEvent: {}
[11.542097] (-) TimerEvent: {}
[11.642336] (-) TimerEvent: {}
[11.742609] (-) TimerEvent: {}
[11.842860] (-) TimerEvent: {}
[11.943122] (-) TimerEvent: {}
[12.043370] (-) TimerEvent: {}
[12.108229] (ldlidar) StdoutLine: {'line': b'[100%] Linking CXX executable ldlidar\n'}
[12.143673] (-) TimerEvent: {}
[12.244222] (-) TimerEvent: {}
[12.344711] (-) TimerEvent: {}
[12.445208] (-) TimerEvent: {}
[12.515175] (ldlidar) StdoutLine: {'line': b'[100%] Built target ldlidar\n'}
[12.539799] (ldlidar) CommandEnded: {'returncode': 0}
[12.545590] (-) TimerEvent: {}
[12.646504] (-) TimerEvent: {}
[12.662637] (ldlidar) JobProgress: {'identifier': 'ldlidar', 'progress': 'install'}
[12.694966] (ldlidar) Command: {'cmd': ['/usr/bin/cmake', '--install', '/home/projects/sensor_ws/src/lidars/ld06/build/ldlidar'], 'cwd': '/home/projects/sensor_ws/src/lidars/ld06/build/ldlidar', 'env': OrderedDict([('HOSTNAME', '8af8469923ee'), ('SHLVL', '1'), ('LD_LIBRARY_PATH', '/opt/ros/foxy/opt/yaml_cpp_vendor/lib:/opt/ros/foxy/opt/rviz_ogre_vendor/lib:/opt/ros/foxy/lib/aarch64-linux-gnu:/opt/ros/foxy/lib'), ('HOME', '/root'), ('ROS_PYTHON_VERSION', '3'), ('ROS_DISTRO', 'foxy'), ('_', '/usr/bin/colcon'), ('ROS_VERSION', '2'), ('ROS_LOCALHOST_ONLY', '0'), ('PATH', '/opt/ros/foxy/bin:/usr/local/sbin:/usr/local/bin:/usr/sbin:/usr/bin:/sbin:/bin'), ('LANG', 'C.UTF-8'), ('ROS1_DISTRO', 'noetic'), ('ROS2_DISTRO', 'foxy'), ('AMENT_PREFIX_PATH', '/opt/ros/foxy'), ('PWD', '/home/projects/sensor_ws/src/lidars/ld06/build/ldlidar'), ('LC_ALL', 'C.UTF-8'), ('PYTHONPATH', '/opt/ros/foxy/lib/python3.8/site-packages'), ('COLCON', '1'), ('CMAKE_PREFIX_PATH', '/opt/ros/foxy')]), 'shell': False}
[12.724682] (ldlidar) StdoutLine: {'line': b'-- Install configuration: ""\n'}
[12.725888] (ldlidar) StdoutLine: {'line': b'-- Installing: /home/projects/sensor_ws/src/lidars/ld06/install/ldlidar/lib/ldlidar/ldlidar\n'}
[12.729344] (ldlidar) StdoutLine: {'line': b'-- Set runtime path of "/home/projects/sensor_ws/src/lidars/ld06/install/ldlidar/lib/ldlidar/ldlidar" to ""\n'}
[12.730077] (ldlidar) StdoutLine: {'line': b'-- Installing: /home/projects/sensor_ws/src/lidars/ld06/install/ldlidar/share/ldlidar/launch\n'}
[12.730630] (ldlidar) StdoutLine: {'line': b'-- Installing: /home/projects/sensor_ws/src/lidars/ld06/install/ldlidar/share/ldlidar/launch/ldlidar.launch.py\n'}
[12.731044] (ldlidar) StdoutLine: {'line': b'-- Installing: /home/projects/sensor_ws/src/lidars/ld06/install/ldlidar/share/ldlidar/rviz\n'}
[12.731313] (ldlidar) StdoutLine: {'line': b'-- Installing: /home/projects/sensor_ws/src/lidars/ld06/install/ldlidar/share/ldlidar/rviz/ldlidar.rviz\n'}
[12.731713] (ldlidar) StdoutLine: {'line': b'-- Installing: /home/projects/sensor_ws/src/lidars/ld06/install/ldlidar/share/ament_index/resource_index/package_run_dependencies/ldlidar\n'}
[12.732073] (ldlidar) StdoutLine: {'line': b'-- Installing: /home/projects/sensor_ws/src/lidars/ld06/install/ldlidar/share/ament_index/resource_index/parent_prefix_path/ldlidar\n'}
[12.732503] (ldlidar) StdoutLine: {'line': b'-- Installing: /home/projects/sensor_ws/src/lidars/ld06/install/ldlidar/share/ldlidar/environment/ament_prefix_path.sh\n'}
[12.732904] (ldlidar) StdoutLine: {'line': b'-- Installing: /home/projects/sensor_ws/src/lidars/ld06/install/ldlidar/share/ldlidar/environment/ament_prefix_path.dsv\n'}
[12.733382] (ldlidar) StdoutLine: {'line': b'-- Installing: /home/projects/sensor_ws/src/lidars/ld06/install/ldlidar/share/ldlidar/environment/path.sh\n'}
[12.733983] (ldlidar) StdoutLine: {'line': b'-- Installing: /home/projects/sensor_ws/src/lidars/ld06/install/ldlidar/share/ldlidar/environment/path.dsv\n'}
[12.734383] (ldlidar) StdoutLine: {'line': b'-- Installing: /home/projects/sensor_ws/src/lidars/ld06/install/ldlidar/share/ldlidar/local_setup.bash\n'}
[12.734761] (ldlidar) StdoutLine: {'line': b'-- Installing: /home/projects/sensor_ws/src/lidars/ld06/install/ldlidar/share/ldlidar/local_setup.sh\n'}
[12.735117] (ldlidar) StdoutLine: {'line': b'-- Installing: /home/projects/sensor_ws/src/lidars/ld06/install/ldlidar/share/ldlidar/local_setup.zsh\n'}
[12.735404] (ldlidar) StdoutLine: {'line': b'-- Installing: /home/projects/sensor_ws/src/lidars/ld06/install/ldlidar/share/ldlidar/local_setup.dsv\n'}
[12.735750] (ldlidar) StdoutLine: {'line': b'-- Installing: /home/projects/sensor_ws/src/lidars/ld06/install/ldlidar/share/ldlidar/package.dsv\n'}
[12.736086] (ldlidar) StdoutLine: {'line': b'-- Installing: /home/projects/sensor_ws/src/lidars/ld06/install/ldlidar/share/ament_index/resource_index/packages/ldlidar\n'}
[12.736434] (ldlidar) StdoutLine: {'line': b'-- Installing: /home/projects/sensor_ws/src/lidars/ld06/install/ldlidar/share/ldlidar/cmake/ldlidarConfig.cmake\n'}
[12.736855] (ldlidar) StdoutLine: {'line': b'-- Installing: /home/projects/sensor_ws/src/lidars/ld06/install/ldlidar/share/ldlidar/cmake/ldlidarConfig-version.cmake\n'}
[12.737112] (ldlidar) StdoutLine: {'line': b'-- Installing: /home/projects/sensor_ws/src/lidars/ld06/install/ldlidar/share/ldlidar/package.xml\n'}
[12.740643] (ldlidar) CommandEnded: {'returncode': 0}
[12.746609] (-) TimerEvent: {}
[12.847398] (-) TimerEvent: {}
[12.912922] (ldlidar) JobEnded: {'identifier': 'ldlidar', 'rc': 0}
[12.915783] (-) EventReactorShutdown: {}
