-- The C compiler identification is GNU 9.3.0
-- The CXX compiler identification is GNU 9.3.0
-- Check for working C compiler: /usr/bin/cc
-- Check for working C compiler: /usr/bin/cc -- works
-- Detecting C compiler ABI info
-- Detecting C compiler ABI info - done
-- Detecting C compile features
-- Detecting C compile features - done
-- Check for working CXX compiler: /usr/bin/c++
-- Check for working CXX compiler: /usr/bin/c++ -- works
-- Detecting CXX compiler ABI info
-- Detecting CXX compiler ABI info - done
-- Detecting CXX compile features
-- Detecting CXX compile features - done
-- Found ament_cmake: 0.9.8 (/opt/ros/foxy/share/ament_cmake/cmake)
-- Found PythonInterp: /usr/bin/python3 (found suitable version "3.8.10", minimum required is "3") 
-- Using PYTHON_EXECUTABLE: /usr/bin/python3
-- Found rclcpp: 2.3.1 (/opt/ros/foxy/share/rclcpp/cmake)
-- Using all available rosidl_typesupport_c: rosidl_typesupport_fastrtps_c;rosidl_typesupport_introspection_c
-- Found rosidl_adapter: 1.2.1 (/opt/ros/foxy/share/rosidl_adapter/cmake)
-- Found OpenSSL: /usr/lib/aarch64-linux-gnu/libcrypto.so (found version "1.1.1f")  
-- Found FastRTPS: /opt/ros/foxy/include  
-- Using all available rosidl_typesupport_cpp: rosidl_typesupport_fastrtps_cpp;rosidl_typesupport_introspection_cpp
-- Found rmw_implementation_cmake: 1.0.3 (/opt/ros/foxy/share/rmw_implementation_cmake/cmake)
-- Using RMW implementation 'rmw_fastrtps_cpp' as default
-- Looking for pthread.h
-- Looking for pthread.h - found
-- Performing Test CMAKE_HAVE_LIBC_PTHREAD
-- Performing Test CMAKE_HAVE_LIBC_PTHREAD - Failed
-- Looking for pthread_create in pthreads
-- Looking for pthread_create in pthreads - not found
-- Looking for pthread_create in pthread
-- Looking for pthread_create in pthread - found
-- Found Threads: TRUE  
-- Found sensor_msgs: 2.0.4 (/opt/ros/foxy/share/sensor_msgs/cmake)
-- Configuring done
-- Generating done
-- Build files have been written to: /home/projects/sensor_ws/src/lidars/ld06/build/ldlidar
Scanning dependencies of target ldlidar
[ 16%] Building CXX object CMakeFiles/ldlidar.dir/src/cmd_interface_linux.cpp.o
[ 33%] Building CXX object CMakeFiles/ldlidar.dir/src/ldlidar.cpp.o
[ 50%] Building CXX object CMakeFiles/ldlidar.dir/src/ldlidar_node.cpp.o
[ 66%] Building CXX object CMakeFiles/ldlidar.dir/src/tofbf.cpp.o
[ 83%] Building CXX object CMakeFiles/ldlidar.dir/src/lipkg.cpp.o
/home/projects/sensor_ws/src/lidars/ld06/src/ldlidar/src/lipkg.cpp: In member function ‘void LiPkg::ToLaserscan(std::vector<PointData>)’:
/home/projects/sensor_ws/src/lidars/ld06/src/ldlidar/src/lipkg.cpp:258:29: warning: comparison of integer expressions of different signedness: ‘int’ and ‘unsigned int’ [-Wsign-compare]
  258 |     if (index >= 0 && index < beam_size_)
      |                       ~~~~~~^~~~~~~~~~~~
[100%] Linking CXX executable ldlidar
[100%] Built target ldlidar
-- Install configuration: ""
-- Installing: /home/projects/sensor_ws/src/lidars/ld06/install/ldlidar/lib/ldlidar/ldlidar
-- Set runtime path of "/home/projects/sensor_ws/src/lidars/ld06/install/ldlidar/lib/ldlidar/ldlidar" to ""
-- Installing: /home/projects/sensor_ws/src/lidars/ld06/install/ldlidar/share/ldlidar/launch
-- Installing: /home/projects/sensor_ws/src/lidars/ld06/install/ldlidar/share/ldlidar/launch/ldlidar.launch.py
-- Installing: /home/projects/sensor_ws/src/lidars/ld06/install/ldlidar/share/ldlidar/rviz
-- Installing: /home/projects/sensor_ws/src/lidars/ld06/install/ldlidar/share/ldlidar/rviz/ldlidar.rviz
-- Installing: /home/projects/sensor_ws/src/lidars/ld06/install/ldlidar/share/ament_index/resource_index/package_run_dependencies/ldlidar
-- Installing: /home/projects/sensor_ws/src/lidars/ld06/install/ldlidar/share/ament_index/resource_index/parent_prefix_path/ldlidar
-- Installing: /home/projects/sensor_ws/src/lidars/ld06/install/ldlidar/share/ldlidar/environment/ament_prefix_path.sh
-- Installing: /home/projects/sensor_ws/src/lidars/ld06/install/ldlidar/share/ldlidar/environment/ament_prefix_path.dsv
-- Installing: /home/projects/sensor_ws/src/lidars/ld06/install/ldlidar/share/ldlidar/environment/path.sh
-- Installing: /home/projects/sensor_ws/src/lidars/ld06/install/ldlidar/share/ldlidar/environment/path.dsv
-- Installing: /home/projects/sensor_ws/src/lidars/ld06/install/ldlidar/share/ldlidar/local_setup.bash
-- Installing: /home/projects/sensor_ws/src/lidars/ld06/install/ldlidar/share/ldlidar/local_setup.sh
-- Installing: /home/projects/sensor_ws/src/lidars/ld06/install/ldlidar/share/ldlidar/local_setup.zsh
-- Installing: /home/projects/sensor_ws/src/lidars/ld06/install/ldlidar/share/ldlidar/local_setup.dsv
-- Installing: /home/projects/sensor_ws/src/lidars/ld06/install/ldlidar/share/ldlidar/package.dsv
-- Installing: /home/projects/sensor_ws/src/lidars/ld06/install/ldlidar/share/ament_index/resource_index/packages/ldlidar
-- Installing: /home/projects/sensor_ws/src/lidars/ld06/install/ldlidar/share/ldlidar/cmake/ldlidarConfig.cmake
-- Installing: /home/projects/sensor_ws/src/lidars/ld06/install/ldlidar/share/ldlidar/cmake/ldlidarConfig-version.cmake
-- Installing: /home/projects/sensor_ws/src/lidars/ld06/install/ldlidar/share/ldlidar/package.xml
