[0.061s] Invoking command in '/home/projects/sensor_ws/src/lidars/livox/build/livox_interfaces': CMAKE_PREFIX_PATH=/opt/ros/foxy /usr/bin/cmake /home/projects/sensor_ws/src/lidars/livox/src/livox_ros2_driver/livox_interfaces -DCMAKE_INSTALL_PREFIX=/home/projects/sensor_ws/src/lidars/livox/install/livox_interfaces
[0.225s] -- The C compiler identification is GNU 9.3.0
[0.388s] -- The CXX compiler identification is GNU 9.3.0
[0.404s] -- Check for working C compiler: /usr/bin/cc
[0.592s] -- Check for working C compiler: /usr/bin/cc -- works
[0.595s] -- Detecting C compiler ABI info
[0.781s] -- Detecting C compiler ABI info - done
[0.826s] -- Detecting C compile features
[0.827s] -- Detecting C compile features - done
[0.836s] -- Check for working CXX compiler: /usr/bin/c++
[1.033s] -- Check for working CXX compiler: /usr/bin/c++ -- works
[1.037s] -- Detecting CXX compiler ABI info
[1.239s] -- Detecting CXX compiler ABI info - done
[1.282s] -- Detecting CXX compile features
[1.284s] -- Detecting CXX compile features - done
[1.290s] -- Found ament_cmake: 0.9.8 (/opt/ros/foxy/share/ament_cmake/cmake)
[1.360s] -- Found PythonInterp: /usr/bin/python3 (found suitable version "3.8.10", minimum required is "3") 
[1.361s] -- Using PYTHON_EXECUTABLE: /usr/bin/python3
[1.875s] -- Found std_msgs: 2.0.4 (/opt/ros/foxy/share/std_msgs/cmake)
[1.949s] -- Using all available rosidl_typesupport_c: rosidl_typesupport_fastrtps_c;rosidl_typesupport_introspection_c
[1.969s] -- Found rosidl_adapter: 1.2.1 (/opt/ros/foxy/share/rosidl_adapter/cmake)
[2.175s] -- Found OpenSSL: /usr/lib/aarch64-linux-gnu/libcrypto.so (found version "1.1.1f")  
[2.252s] -- Found FastRTPS: /opt/ros/foxy/include  
[2.477s] -- Using all available rosidl_typesupport_cpp: rosidl_typesupport_fastrtps_cpp;rosidl_typesupport_introspection_cpp
[2.613s] -- Found rosidl_default_generators: 1.0.1 (/opt/ros/foxy/share/rosidl_default_generators/cmake)
[2.700s] -- Found PythonInterp: /usr/bin/python3 (found version "3.8.10") 
[3.165s] -- Found ament_cmake_ros: 0.9.2 (/opt/ros/foxy/share/ament_cmake_ros/cmake)
[3.732s] -- Using all available rosidl_typesupport_c: rosidl_typesupport_fastrtps_c;rosidl_typesupport_introspection_c
[3.948s] -- Using all available rosidl_typesupport_cpp: rosidl_typesupport_fastrtps_cpp;rosidl_typesupport_introspection_cpp
[4.033s] -- Found PythonInterp: /usr/bin/python3 (found suitable version "3.8.10", minimum required is "3.5") 
[4.036s] -- Found python_cmake_module: 0.8.1 (/opt/ros/foxy/share/python_cmake_module/cmake)
[4.107s] -- Found PythonLibs: /usr/lib/aarch64-linux-gnu/libpython3.8.so (found suitable version "3.8.10", minimum required is "3.5") 
[4.108s] -- Using PYTHON_EXECUTABLE: /usr/bin/python3
[4.108s] -- Using PYTHON_INCLUDE_DIRS: /usr/include/python3.8
[4.108s] -- Using PYTHON_LIBRARIES: /usr/lib/aarch64-linux-gnu/libpython3.8.so
[4.165s] -- Found PythonExtra: .so  
[4.340s] -- Found ament_lint_auto: 0.9.6 (/opt/ros/foxy/share/ament_lint_auto/cmake)
[4.398s] -- Added test 'copyright' to check source files copyright and LICENSE
[4.402s] -- Added test 'lint_cmake' to check CMake code style
[4.405s] -- Added test 'xmllint' to check XML markup files
[4.418s] -- Configuring done
[4.574s] -- Generating done
[4.583s] -- Build files have been written to: /home/projects/sensor_ws/src/lidars/livox/build/livox_interfaces
[4.607s] Invoked command in '/home/projects/sensor_ws/src/lidars/livox/build/livox_interfaces' returned '0': CMAKE_PREFIX_PATH=/opt/ros/foxy /usr/bin/cmake /home/projects/sensor_ws/src/lidars/livox/src/livox_ros2_driver/livox_interfaces -DCMAKE_INSTALL_PREFIX=/home/projects/sensor_ws/src/lidars/livox/install/livox_interfaces
[4.611s] Invoking command in '/home/projects/sensor_ws/src/lidars/livox/build/livox_interfaces': CMAKE_PREFIX_PATH=/opt/ros/foxy /usr/bin/cmake --build /home/projects/sensor_ws/src/lidars/livox/build/livox_interfaces -- -j8 -l8
[4.724s] [  2%] Generating C code for ROS interfaces
[4.725s] Scanning dependencies of target livox_interfaces__cpp
[4.751s] [  5%] Generating C++ code for ROS interfaces
[5.973s] [  5%] Built target livox_interfaces__cpp
[5.996s] Scanning dependencies of target livox_interfaces__rosidl_generator_c
[6.000s] [ 10%] Generating C++ type support dispatch for ROS interfaces
[6.001s] [ 12%] Generating C++ type support for eProsima Fast-RTPS
[6.001s] [ 12%] Generating C++ introspection for ROS interfaces
[6.024s] [ 15%] Building C object CMakeFiles/livox_interfaces__rosidl_generator_c.dir/rosidl_generator_c/livox_interfaces/msg/detail/custom_point__functions.c.o
[6.044s] [ 17%] Building C object CMakeFiles/livox_interfaces__rosidl_generator_c.dir/rosidl_generator_c/livox_interfaces/msg/detail/custom_msg__functions.c.o
[6.165s] [ 20%] Linking C shared library liblivox_interfaces__rosidl_generator_c.so
[6.255s] [ 20%] Built target livox_interfaces__rosidl_generator_c
[6.281s] [ 25%] Generating C introspection for ROS interfaces
[6.281s] [ 25%] Generating C type support dispatch for ROS interfaces
[7.054s] Scanning dependencies of target livox_interfaces__rosidl_typesupport_cpp
[7.084s] [ 28%] Building CXX object CMakeFiles/livox_interfaces__rosidl_typesupport_cpp.dir/rosidl_typesupport_cpp/livox_interfaces/msg/custom_point__type_support.cpp.o
[7.102s] [ 30%] Building CXX object CMakeFiles/livox_interfaces__rosidl_typesupport_cpp.dir/rosidl_typesupport_cpp/livox_interfaces/msg/custom_msg__type_support.cpp.o
[7.116s] Scanning dependencies of target livox_interfaces__rosidl_typesupport_introspection_cpp
[7.151s] [ 33%] Building CXX object CMakeFiles/livox_interfaces__rosidl_typesupport_introspection_cpp.dir/rosidl_typesupport_introspection_cpp/livox_interfaces/msg/detail/custom_point__type_support.cpp.o
[7.169s] [ 35%] Building CXX object CMakeFiles/livox_interfaces__rosidl_typesupport_introspection_cpp.dir/rosidl_typesupport_introspection_cpp/livox_interfaces/msg/detail/custom_msg__type_support.cpp.o
[7.203s] Scanning dependencies of target livox_interfaces__rosidl_typesupport_fastrtps_cpp
[7.259s] [ 38%] Building CXX object CMakeFiles/livox_interfaces__rosidl_typesupport_fastrtps_cpp.dir/rosidl_typesupport_fastrtps_cpp/livox_interfaces/msg/detail/dds_fastrtps/custom_point__type_support.cpp.o
[7.281s] [ 41%] Building CXX object CMakeFiles/livox_interfaces__rosidl_typesupport_fastrtps_cpp.dir/rosidl_typesupport_fastrtps_cpp/livox_interfaces/msg/detail/dds_fastrtps/custom_msg__type_support.cpp.o
[7.387s] Scanning dependencies of target livox_interfaces__rosidl_typesupport_c
[7.432s] [ 43%] Building CXX object CMakeFiles/livox_interfaces__rosidl_typesupport_c.dir/rosidl_typesupport_c/livox_interfaces/msg/custom_point__type_support.cpp.o
[7.474s] Scanning dependencies of target livox_interfaces__rosidl_typesupport_introspection_c
[7.535s] [ 46%] Building C object CMakeFiles/livox_interfaces__rosidl_typesupport_introspection_c.dir/rosidl_typesupport_introspection_c/livox_interfaces/msg/detail/custom_point__type_support.c.o
[7.561s] [ 48%] Building CXX object CMakeFiles/livox_interfaces__rosidl_typesupport_c.dir/rosidl_typesupport_c/livox_interfaces/msg/custom_msg__type_support.cpp.o
[7.722s] [ 51%] Building C object CMakeFiles/livox_interfaces__rosidl_typesupport_introspection_c.dir/rosidl_typesupport_introspection_c/livox_interfaces/msg/detail/custom_msg__type_support.c.o
[7.913s] [ 53%] Linking CXX shared library liblivox_interfaces__rosidl_typesupport_c.so
[8.123s] [ 56%] Linking C shared library liblivox_interfaces__rosidl_typesupport_introspection_c.so
[8.159s] [ 56%] Built target livox_interfaces__rosidl_typesupport_c
[8.258s] [ 58%] Linking CXX shared library liblivox_interfaces__rosidl_typesupport_cpp.so
[8.372s] [ 58%] Built target livox_interfaces__rosidl_typesupport_introspection_c
[8.453s] [ 61%] Linking CXX shared library liblivox_interfaces__rosidl_typesupport_introspection_cpp.so
[8.585s] [ 61%] Built target livox_interfaces__rosidl_typesupport_cpp
[8.929s] [ 61%] Built target livox_interfaces__rosidl_typesupport_introspection_cpp
[9.153s] [ 64%] Linking CXX shared library liblivox_interfaces__rosidl_typesupport_fastrtps_cpp.so
[9.646s] [ 64%] Built target livox_interfaces__rosidl_typesupport_fastrtps_cpp
[9.742s] [ 66%] Generating C type support for eProsima Fast-RTPS
[11.362s] Scanning dependencies of target livox_interfaces__rosidl_typesupport_fastrtps_c
[11.495s] [ 69%] Building CXX object CMakeFiles/livox_interfaces__rosidl_typesupport_fastrtps_c.dir/rosidl_typesupport_fastrtps_c/livox_interfaces/msg/detail/custom_msg__type_support_c.cpp.o
[11.499s] [ 71%] Building CXX object CMakeFiles/livox_interfaces__rosidl_typesupport_fastrtps_c.dir/rosidl_typesupport_fastrtps_c/livox_interfaces/msg/detail/custom_point__type_support_c.cpp.o
[12.959s] [ 74%] Linking CXX shared library liblivox_interfaces__rosidl_typesupport_fastrtps_c.so
[13.369s] [ 74%] Built target livox_interfaces__rosidl_typesupport_fastrtps_c
[13.462s] Scanning dependencies of target livox_interfaces
[13.489s] [ 74%] Built target livox_interfaces
[13.575s] Scanning dependencies of target livox_interfaces__py
[13.652s] [ 76%] Generating Python code for ROS interfaces
[17.979s] [ 76%] Built target livox_interfaces__py
[18.140s] Scanning dependencies of target livox_interfaces__python
[18.256s] [ 79%] Building C object CMakeFiles/livox_interfaces__python.dir/rosidl_generator_py/livox_interfaces/msg/_custom_point_s.c.o
[18.276s] [ 82%] Building C object CMakeFiles/livox_interfaces__python.dir/rosidl_generator_py/livox_interfaces/msg/_custom_msg_s.c.o
[19.004s] [ 84%] Linking C shared library rosidl_generator_py/livox_interfaces/liblivox_interfaces__python.so
[19.239s] [ 84%] Built target livox_interfaces__python
[19.396s] Scanning dependencies of target livox_interfaces__rosidl_typesupport_introspection_c__pyext
[19.417s] Scanning dependencies of target livox_interfaces__rosidl_typesupport_c__pyext
[19.436s] Scanning dependencies of target livox_interfaces__rosidl_typesupport_fastrtps_c__pyext
[19.535s] [ 87%] Building C object CMakeFiles/livox_interfaces__rosidl_typesupport_introspection_c__pyext.dir/rosidl_generator_py/livox_interfaces/_livox_interfaces_s.ep.rosidl_typesupport_introspection_c.c.o
[19.542s] [ 89%] Building C object CMakeFiles/livox_interfaces__rosidl_typesupport_c__pyext.dir/rosidl_generator_py/livox_interfaces/_livox_interfaces_s.ep.rosidl_typesupport_c.c.o
[19.560s] [ 92%] Building C object CMakeFiles/livox_interfaces__rosidl_typesupport_fastrtps_c__pyext.dir/rosidl_generator_py/livox_interfaces/_livox_interfaces_s.ep.rosidl_typesupport_fastrtps_c.c.o
[20.195s] [ 94%] Linking CXX shared library rosidl_generator_py/livox_interfaces/livox_interfaces_s__rosidl_typesupport_fastrtps_c.cpython-38-aarch64-linux-gnu.so
[20.260s] [ 97%] Linking C shared library rosidl_generator_py/livox_interfaces/livox_interfaces_s__rosidl_typesupport_c.cpython-38-aarch64-linux-gnu.so
[20.321s] [100%] Linking C shared library rosidl_generator_py/livox_interfaces/livox_interfaces_s__rosidl_typesupport_introspection_c.cpython-38-aarch64-linux-gnu.so
[20.521s] [100%] Built target livox_interfaces__rosidl_typesupport_c__pyext
[20.620s] [100%] Built target livox_interfaces__rosidl_typesupport_introspection_c__pyext
[20.626s] [100%] Built target livox_interfaces__rosidl_typesupport_fastrtps_c__pyext
[20.687s] Invoked command in '/home/projects/sensor_ws/src/lidars/livox/build/livox_interfaces' returned '0': CMAKE_PREFIX_PATH=/opt/ros/foxy /usr/bin/cmake --build /home/projects/sensor_ws/src/lidars/livox/build/livox_interfaces -- -j8 -l8
[21.547s] Invoking command in '/home/projects/sensor_ws/src/lidars/livox/build/livox_interfaces': CMAKE_PREFIX_PATH=/opt/ros/foxy /usr/bin/cmake --install /home/projects/sensor_ws/src/lidars/livox/build/livox_interfaces
[21.570s] -- Install configuration: ""
[21.572s] -- Installing: /home/projects/sensor_ws/src/lidars/livox/install/livox_interfaces/share/ament_index/resource_index/rosidl_interfaces/livox_interfaces
[21.572s] -- Installing: /home/projects/sensor_ws/src/lidars/livox/install/livox_interfaces/include/livox_interfaces
[21.572s] -- Installing: /home/projects/sensor_ws/src/lidars/livox/install/livox_interfaces/include/livox_interfaces/msg
[21.573s] -- Installing: /home/projects/sensor_ws/src/lidars/livox/install/livox_interfaces/include/livox_interfaces/msg/custom_point.h
[21.574s] -- Installing: /home/projects/sensor_ws/src/lidars/livox/install/livox_interfaces/include/livox_interfaces/msg/custom_msg.h
[21.574s] -- Installing: /home/projects/sensor_ws/src/lidars/livox/install/livox_interfaces/include/livox_interfaces/msg/detail
[21.574s] -- Installing: /home/projects/sensor_ws/src/lidars/livox/install/livox_interfaces/include/livox_interfaces/msg/detail/custom_msg__type_support.h
[21.575s] -- Installing: /home/projects/sensor_ws/src/lidars/livox/install/livox_interfaces/include/livox_interfaces/msg/detail/custom_msg__functions.c
[21.576s] -- Installing: /home/projects/sensor_ws/src/lidars/livox/install/livox_interfaces/include/livox_interfaces/msg/detail/custom_point__functions.c
[21.576s] -- Installing: /home/projects/sensor_ws/src/lidars/livox/install/livox_interfaces/include/livox_interfaces/msg/detail/custom_point__type_support.h
[21.576s] -- Installing: /home/projects/sensor_ws/src/lidars/livox/install/livox_interfaces/include/livox_interfaces/msg/detail/custom_msg__functions.h
[21.577s] -- Installing: /home/projects/sensor_ws/src/lidars/livox/install/livox_interfaces/include/livox_interfaces/msg/detail/custom_point__functions.h
[21.577s] -- Installing: /home/projects/sensor_ws/src/lidars/livox/install/livox_interfaces/include/livox_interfaces/msg/detail/custom_msg__struct.h
[21.578s] -- Installing: /home/projects/sensor_ws/src/lidars/livox/install/livox_interfaces/include/livox_interfaces/msg/detail/custom_point__struct.h
[21.578s] -- Installing: /home/projects/sensor_ws/src/lidars/livox/install/livox_interfaces/include/livox_interfaces/msg/rosidl_generator_c__visibility_control.h
[21.579s] -- Installing: /home/projects/sensor_ws/src/lidars/livox/install/livox_interfaces/share/livox_interfaces/environment/library_path.sh
[21.579s] -- Installing: /home/projects/sensor_ws/src/lidars/livox/install/livox_interfaces/share/livox_interfaces/environment/library_path.dsv
[21.580s] -- Installing: /home/projects/sensor_ws/src/lidars/livox/install/livox_interfaces/lib/liblivox_interfaces__rosidl_generator_c.so
[21.581s] -- Set runtime path of "/home/projects/sensor_ws/src/lidars/livox/install/livox_interfaces/lib/liblivox_interfaces__rosidl_generator_c.so" to ""
[21.581s] -- Up-to-date: /home/projects/sensor_ws/src/lidars/livox/install/livox_interfaces/include/livox_interfaces
[21.582s] -- Up-to-date: /home/projects/sensor_ws/src/lidars/livox/install/livox_interfaces/include/livox_interfaces/msg
[21.582s] -- Installing: /home/projects/sensor_ws/src/lidars/livox/install/livox_interfaces/include/livox_interfaces/msg/rosidl_typesupport_fastrtps_c__visibility_control.h
[21.582s] -- Up-to-date: /home/projects/sensor_ws/src/lidars/livox/install/livox_interfaces/include/livox_interfaces/msg/detail
[21.582s] -- Installing: /home/projects/sensor_ws/src/lidars/livox/install/livox_interfaces/include/livox_interfaces/msg/detail/custom_msg__rosidl_typesupport_fastrtps_c.h
[21.583s] -- Installing: /home/projects/sensor_ws/src/lidars/livox/install/livox_interfaces/include/livox_interfaces/msg/detail/custom_point__rosidl_typesupport_fastrtps_c.h
[21.584s] -- Installing: /home/projects/sensor_ws/src/lidars/livox/install/livox_interfaces/lib/liblivox_interfaces__rosidl_typesupport_fastrtps_c.so
[21.585s] -- Set runtime path of "/home/projects/sensor_ws/src/lidars/livox/install/livox_interfaces/lib/liblivox_interfaces__rosidl_typesupport_fastrtps_c.so" to ""
[21.585s] -- Up-to-date: /home/projects/sensor_ws/src/lidars/livox/install/livox_interfaces/include/livox_interfaces
[21.585s] -- Up-to-date: /home/projects/sensor_ws/src/lidars/livox/install/livox_interfaces/include/livox_interfaces/msg
[21.586s] -- Up-to-date: /home/projects/sensor_ws/src/lidars/livox/install/livox_interfaces/include/livox_interfaces/msg/detail
[21.586s] -- Installing: /home/projects/sensor_ws/src/lidars/livox/install/livox_interfaces/include/livox_interfaces/msg/detail/custom_point__rosidl_typesupport_fastrtps_cpp.hpp
[21.587s] -- Installing: /home/projects/sensor_ws/src/lidars/livox/install/livox_interfaces/include/livox_interfaces/msg/detail/custom_msg__rosidl_typesupport_fastrtps_cpp.hpp
[21.587s] -- Installing: /home/projects/sensor_ws/src/lidars/livox/install/livox_interfaces/include/livox_interfaces/msg/detail/dds_fastrtps
[21.588s] -- Installing: /home/projects/sensor_ws/src/lidars/livox/install/livox_interfaces/include/livox_interfaces/msg/rosidl_typesupport_fastrtps_cpp__visibility_control.h
[21.590s] -- Installing: /home/projects/sensor_ws/src/lidars/livox/install/livox_interfaces/lib/liblivox_interfaces__rosidl_typesupport_fastrtps_cpp.so
[21.591s] -- Set runtime path of "/home/projects/sensor_ws/src/lidars/livox/install/livox_interfaces/lib/liblivox_interfaces__rosidl_typesupport_fastrtps_cpp.so" to ""
[21.591s] -- Up-to-date: /home/projects/sensor_ws/src/lidars/livox/install/livox_interfaces/include/livox_interfaces
[21.592s] -- Up-to-date: /home/projects/sensor_ws/src/lidars/livox/install/livox_interfaces/include/livox_interfaces/msg
[21.592s] -- Installing: /home/projects/sensor_ws/src/lidars/livox/install/livox_interfaces/include/livox_interfaces/msg/rosidl_typesupport_introspection_c__visibility_control.h
[21.592s] -- Up-to-date: /home/projects/sensor_ws/src/lidars/livox/install/livox_interfaces/include/livox_interfaces/msg/detail
[21.593s] -- Installing: /home/projects/sensor_ws/src/lidars/livox/install/livox_interfaces/include/livox_interfaces/msg/detail/custom_msg__rosidl_typesupport_introspection_c.h
[21.593s] -- Installing: /home/projects/sensor_ws/src/lidars/livox/install/livox_interfaces/include/livox_interfaces/msg/detail/custom_point__rosidl_typesupport_introspection_c.h
[21.593s] -- Installing: /home/projects/sensor_ws/src/lidars/livox/install/livox_interfaces/include/livox_interfaces/msg/detail/custom_msg__type_support.c
[21.593s] -- Installing: /home/projects/sensor_ws/src/lidars/livox/install/livox_interfaces/include/livox_interfaces/msg/detail/custom_point__type_support.c
[21.594s] -- Installing: /home/projects/sensor_ws/src/lidars/livox/install/livox_interfaces/lib/liblivox_interfaces__rosidl_typesupport_introspection_c.so
[21.594s] -- Set runtime path of "/home/projects/sensor_ws/src/lidars/livox/install/livox_interfaces/lib/liblivox_interfaces__rosidl_typesupport_introspection_c.so" to ""
[21.595s] -- Installing: /home/projects/sensor_ws/src/lidars/livox/install/livox_interfaces/lib/liblivox_interfaces__rosidl_typesupport_c.so
[21.596s] -- Set runtime path of "/home/projects/sensor_ws/src/lidars/livox/install/livox_interfaces/lib/liblivox_interfaces__rosidl_typesupport_c.so" to ""
[21.603s] -- Up-to-date: /home/projects/sensor_ws/src/lidars/livox/install/livox_interfaces/include/livox_interfaces
[21.604s] -- Up-to-date: /home/projects/sensor_ws/src/lidars/livox/install/livox_interfaces/include/livox_interfaces/msg
[21.604s] -- Up-to-date: /home/projects/sensor_ws/src/lidars/livox/install/livox_interfaces/include/livox_interfaces/msg/detail
[21.604s] -- Installing: /home/projects/sensor_ws/src/lidars/livox/install/livox_interfaces/include/livox_interfaces/msg/detail/custom_msg__traits.hpp
[21.605s] -- Installing: /home/projects/sensor_ws/src/lidars/livox/install/livox_interfaces/include/livox_interfaces/msg/detail/custom_msg__struct.hpp
[21.605s] -- Installing: /home/projects/sensor_ws/src/lidars/livox/install/livox_interfaces/include/livox_interfaces/msg/detail/custom_msg__builder.hpp
[21.605s] -- Installing: /home/projects/sensor_ws/src/lidars/livox/install/livox_interfaces/include/livox_interfaces/msg/detail/custom_point__builder.hpp
[21.605s] -- Installing: /home/projects/sensor_ws/src/lidars/livox/install/livox_interfaces/include/livox_interfaces/msg/detail/custom_point__struct.hpp
[21.606s] -- Installing: /home/projects/sensor_ws/src/lidars/livox/install/livox_interfaces/include/livox_interfaces/msg/detail/custom_point__traits.hpp
[21.606s] -- Installing: /home/projects/sensor_ws/src/lidars/livox/install/livox_interfaces/include/livox_interfaces/msg/custom_msg.hpp
[21.606s] -- Installing: /home/projects/sensor_ws/src/lidars/livox/install/livox_interfaces/include/livox_interfaces/msg/custom_point.hpp
[21.606s] -- Up-to-date: /home/projects/sensor_ws/src/lidars/livox/install/livox_interfaces/include/livox_interfaces
[21.607s] -- Up-to-date: /home/projects/sensor_ws/src/lidars/livox/install/livox_interfaces/include/livox_interfaces/msg
[21.607s] -- Up-to-date: /home/projects/sensor_ws/src/lidars/livox/install/livox_interfaces/include/livox_interfaces/msg/detail
[21.607s] -- Installing: /home/projects/sensor_ws/src/lidars/livox/install/livox_interfaces/include/livox_interfaces/msg/detail/custom_msg__rosidl_typesupport_introspection_cpp.hpp
[21.608s] -- Installing: /home/projects/sensor_ws/src/lidars/livox/install/livox_interfaces/include/livox_interfaces/msg/detail/custom_msg__type_support.cpp
[21.608s] -- Installing: /home/projects/sensor_ws/src/lidars/livox/install/livox_interfaces/include/livox_interfaces/msg/detail/custom_point__type_support.cpp
[21.608s] -- Installing: /home/projects/sensor_ws/src/lidars/livox/install/livox_interfaces/include/livox_interfaces/msg/detail/custom_point__rosidl_typesupport_introspection_cpp.hpp
[21.608s] -- Installing: /home/projects/sensor_ws/src/lidars/livox/install/livox_interfaces/lib/liblivox_interfaces__rosidl_typesupport_introspection_cpp.so
[21.609s] -- Set runtime path of "/home/projects/sensor_ws/src/lidars/livox/install/livox_interfaces/lib/liblivox_interfaces__rosidl_typesupport_introspection_cpp.so" to ""
[21.609s] -- Installing: /home/projects/sensor_ws/src/lidars/livox/install/livox_interfaces/lib/liblivox_interfaces__rosidl_typesupport_cpp.so
[21.610s] -- Set runtime path of "/home/projects/sensor_ws/src/lidars/livox/install/livox_interfaces/lib/liblivox_interfaces__rosidl_typesupport_cpp.so" to ""
[21.610s] -- Installing: /home/projects/sensor_ws/src/lidars/livox/install/livox_interfaces/share/livox_interfaces/environment/pythonpath.sh
[21.610s] -- Installing: /home/projects/sensor_ws/src/lidars/livox/install/livox_interfaces/share/livox_interfaces/environment/pythonpath.dsv
[21.610s] -- Installing: /home/projects/sensor_ws/src/lidars/livox/install/livox_interfaces/lib/python3.8/site-packages/livox_interfaces/__init__.py
[21.715s] Compiling '/home/projects/sensor_ws/src/lidars/livox/install/livox_interfaces/lib/python3.8/site-packages/livox_interfaces/__init__.py'...
[21.731s] -- Installing: /home/projects/sensor_ws/src/lidars/livox/install/livox_interfaces/lib/python3.8/site-packages/livox_interfaces/msg
[21.732s] -- Installing: /home/projects/sensor_ws/src/lidars/livox/install/livox_interfaces/lib/python3.8/site-packages/livox_interfaces/msg/_custom_point.py
[21.732s] -- Installing: /home/projects/sensor_ws/src/lidars/livox/install/livox_interfaces/lib/python3.8/site-packages/livox_interfaces/msg/__init__.py
[21.735s] -- Installing: /home/projects/sensor_ws/src/lidars/livox/install/livox_interfaces/lib/python3.8/site-packages/livox_interfaces/msg/_custom_msg_s.c
[21.735s] -- Installing: /home/projects/sensor_ws/src/lidars/livox/install/livox_interfaces/lib/python3.8/site-packages/livox_interfaces/msg/_custom_point_s.c
[21.736s] -- Installing: /home/projects/sensor_ws/src/lidars/livox/install/livox_interfaces/lib/python3.8/site-packages/livox_interfaces/msg/_custom_msg.py
[21.737s] -- Installing: /home/projects/sensor_ws/src/lidars/livox/install/livox_interfaces/lib/python3.8/site-packages/livox_interfaces/livox_interfaces_s__rosidl_typesupport_fastrtps_c.cpython-38-aarch64-linux-gnu.so
[21.737s] -- Set runtime path of "/home/projects/sensor_ws/src/lidars/livox/install/livox_interfaces/lib/python3.8/site-packages/livox_interfaces/livox_interfaces_s__rosidl_typesupport_fastrtps_c.cpython-38-aarch64-linux-gnu.so" to ""
[21.737s] -- Installing: /home/projects/sensor_ws/src/lidars/livox/install/livox_interfaces/lib/python3.8/site-packages/livox_interfaces/livox_interfaces_s__rosidl_typesupport_introspection_c.cpython-38-aarch64-linux-gnu.so
[21.738s] -- Set runtime path of "/home/projects/sensor_ws/src/lidars/livox/install/livox_interfaces/lib/python3.8/site-packages/livox_interfaces/livox_interfaces_s__rosidl_typesupport_introspection_c.cpython-38-aarch64-linux-gnu.so" to ""
[21.738s] -- Installing: /home/projects/sensor_ws/src/lidars/livox/install/livox_interfaces/lib/python3.8/site-packages/livox_interfaces/livox_interfaces_s__rosidl_typesupport_c.cpython-38-aarch64-linux-gnu.so
[21.740s] -- Set runtime path of "/home/projects/sensor_ws/src/lidars/livox/install/livox_interfaces/lib/python3.8/site-packages/livox_interfaces/livox_interfaces_s__rosidl_typesupport_c.cpython-38-aarch64-linux-gnu.so" to ""
[21.740s] -- Installing: /home/projects/sensor_ws/src/lidars/livox/install/livox_interfaces/lib/liblivox_interfaces__python.so
[21.741s] -- Set runtime path of "/home/projects/sensor_ws/src/lidars/livox/install/livox_interfaces/lib/liblivox_interfaces__python.so" to ""
[21.742s] -- Installing: /home/projects/sensor_ws/src/lidars/livox/install/livox_interfaces/share/livox_interfaces/msg/CustomPoint.idl
[21.743s] -- Installing: /home/projects/sensor_ws/src/lidars/livox/install/livox_interfaces/share/livox_interfaces/msg/CustomMsg.idl
[21.743s] -- Installing: /home/projects/sensor_ws/src/lidars/livox/install/livox_interfaces/share/livox_interfaces/msg/CustomPoint.msg
[21.744s] -- Installing: /home/projects/sensor_ws/src/lidars/livox/install/livox_interfaces/share/livox_interfaces/msg/CustomMsg.msg
[21.744s] -- Installing: /home/projects/sensor_ws/src/lidars/livox/install/livox_interfaces/share/ament_index/resource_index/package_run_dependencies/livox_interfaces
[21.745s] -- Installing: /home/projects/sensor_ws/src/lidars/livox/install/livox_interfaces/share/ament_index/resource_index/parent_prefix_path/livox_interfaces
[21.745s] -- Installing: /home/projects/sensor_ws/src/lidars/livox/install/livox_interfaces/share/livox_interfaces/environment/ament_prefix_path.sh
[21.746s] -- Installing: /home/projects/sensor_ws/src/lidars/livox/install/livox_interfaces/share/livox_interfaces/environment/ament_prefix_path.dsv
[21.747s] -- Installing: /home/projects/sensor_ws/src/lidars/livox/install/livox_interfaces/share/livox_interfaces/environment/path.sh
[21.747s] -- Installing: /home/projects/sensor_ws/src/lidars/livox/install/livox_interfaces/share/livox_interfaces/environment/path.dsv
[21.748s] -- Installing: /home/projects/sensor_ws/src/lidars/livox/install/livox_interfaces/share/livox_interfaces/local_setup.bash
[21.749s] -- Installing: /home/projects/sensor_ws/src/lidars/livox/install/livox_interfaces/share/livox_interfaces/local_setup.sh
[21.749s] -- Installing: /home/projects/sensor_ws/src/lidars/livox/install/livox_interfaces/share/livox_interfaces/local_setup.zsh
[21.750s] -- Installing: /home/projects/sensor_ws/src/lidars/livox/install/livox_interfaces/share/livox_interfaces/local_setup.dsv
[21.750s] -- Installing: /home/projects/sensor_ws/src/lidars/livox/install/livox_interfaces/share/livox_interfaces/package.dsv
[21.751s] -- Installing: /home/projects/sensor_ws/src/lidars/livox/install/livox_interfaces/share/ament_index/resource_index/packages/livox_interfaces
[21.751s] -- Installing: /home/projects/sensor_ws/src/lidars/livox/install/livox_interfaces/share/livox_interfaces/cmake/livox_interfaces__rosidl_generator_cExport.cmake
[21.752s] -- Installing: /home/projects/sensor_ws/src/lidars/livox/install/livox_interfaces/share/livox_interfaces/cmake/livox_interfaces__rosidl_generator_cExport-noconfig.cmake
[21.753s] -- Installing: /home/projects/sensor_ws/src/lidars/livox/install/livox_interfaces/share/livox_interfaces/cmake/livox_interfaces__rosidl_typesupport_introspection_cExport.cmake
[21.753s] -- Installing: /home/projects/sensor_ws/src/lidars/livox/install/livox_interfaces/share/livox_interfaces/cmake/livox_interfaces__rosidl_typesupport_introspection_cExport-noconfig.cmake
[21.753s] -- Installing: /home/projects/sensor_ws/src/lidars/livox/install/livox_interfaces/share/livox_interfaces/cmake/livox_interfaces__rosidl_typesupport_cExport.cmake
[21.753s] -- Installing: /home/projects/sensor_ws/src/lidars/livox/install/livox_interfaces/share/livox_interfaces/cmake/livox_interfaces__rosidl_typesupport_cExport-noconfig.cmake
[21.754s] -- Installing: /home/projects/sensor_ws/src/lidars/livox/install/livox_interfaces/share/livox_interfaces/cmake/livox_interfaces__rosidl_generator_cppExport.cmake
[21.755s] -- Installing: /home/projects/sensor_ws/src/lidars/livox/install/livox_interfaces/share/livox_interfaces/cmake/livox_interfaces__rosidl_typesupport_introspection_cppExport.cmake
[21.756s] -- Installing: /home/projects/sensor_ws/src/lidars/livox/install/livox_interfaces/share/livox_interfaces/cmake/livox_interfaces__rosidl_typesupport_introspection_cppExport-noconfig.cmake
[21.758s] -- Installing: /home/projects/sensor_ws/src/lidars/livox/install/livox_interfaces/share/livox_interfaces/cmake/livox_interfaces__rosidl_typesupport_cppExport.cmake
[21.758s] -- Installing: /home/projects/sensor_ws/src/lidars/livox/install/livox_interfaces/share/livox_interfaces/cmake/livox_interfaces__rosidl_typesupport_cppExport-noconfig.cmake
[21.759s] -- Installing: /home/projects/sensor_ws/src/lidars/livox/install/livox_interfaces/share/livox_interfaces/cmake/rosidl_cmake-extras.cmake
[21.760s] -- Installing: /home/projects/sensor_ws/src/lidars/livox/install/livox_interfaces/share/livox_interfaces/cmake/ament_cmake_export_dependencies-extras.cmake
[21.760s] -- Installing: /home/projects/sensor_ws/src/lidars/livox/install/livox_interfaces/share/livox_interfaces/cmake/ament_cmake_export_libraries-extras.cmake
[21.760s] -- Installing: /home/projects/sensor_ws/src/lidars/livox/install/livox_interfaces/share/livox_interfaces/cmake/ament_cmake_export_targets-extras.cmake
[21.761s] -- Installing: /home/projects/sensor_ws/src/lidars/livox/install/livox_interfaces/share/livox_interfaces/cmake/ament_cmake_export_include_directories-extras.cmake
[21.761s] -- Installing: /home/projects/sensor_ws/src/lidars/livox/install/livox_interfaces/share/livox_interfaces/cmake/rosidl_cmake_export_typesupport_libraries-extras.cmake
[21.762s] -- Installing: /home/projects/sensor_ws/src/lidars/livox/install/livox_interfaces/share/livox_interfaces/cmake/rosidl_cmake_export_typesupport_targets-extras.cmake
[21.763s] -- Installing: /home/projects/sensor_ws/src/lidars/livox/install/livox_interfaces/share/livox_interfaces/cmake/livox_interfacesConfig.cmake
[21.764s] -- Installing: /home/projects/sensor_ws/src/lidars/livox/install/livox_interfaces/share/livox_interfaces/cmake/livox_interfacesConfig-version.cmake
[21.764s] -- Installing: /home/projects/sensor_ws/src/lidars/livox/install/livox_interfaces/share/livox_interfaces/package.xml
[21.774s] Invoked command in '/home/projects/sensor_ws/src/lidars/livox/build/livox_interfaces' returned '0': CMAKE_PREFIX_PATH=/opt/ros/foxy /usr/bin/cmake --install /home/projects/sensor_ws/src/lidars/livox/build/livox_interfaces
