[4.477s] Invoking command in '/home/projects/ros2_ws/build/follow_the_gap_bridge': PYTHONPATH=/home/projects/ros2_ws/install/follow_the_gap_bridge/lib/python3.8/site-packages:${PYTHONPATH} /usr/bin/python3 setup.py develop --prefix /home/projects/ros2_ws/install/follow_the_gap_bridge --editable --build-directory /home/projects/ros2_ws/build/follow_the_gap_bridge/build --no-deps install_data --install-dir /home/projects/ros2_ws/install/follow_the_gap_bridge
[5.985s] /usr/local/lib/python3.8/dist-packages/setuptools/dist.py:717: UserWarning: Usage of dash-separated 'script-dir' will not be supported in future versions. Please use the underscore name 'script_dir' instead
[5.986s]   warnings.warn(
[5.986s] /usr/local/lib/python3.8/dist-packages/setuptools/dist.py:717: UserWarning: Usage of dash-separated 'install-scripts' will not be supported in future versions. Please use the underscore name 'install_scripts' instead
[5.987s]   warnings.warn(
[6.215s] running develop
[7.216s] running egg_info
[7.217s] writing follow_the_gap_bridge.egg-info/PKG-INFO
[7.219s] writing dependency_links to follow_the_gap_bridge.egg-info/dependency_links.txt
[7.220s] writing entry points to follow_the_gap_bridge.egg-info/entry_points.txt
[7.221s] writing requirements to follow_the_gap_bridge.egg-info/requires.txt
[7.221s] writing top-level names to follow_the_gap_bridge.egg-info/top_level.txt
[7.239s] reading manifest file 'follow_the_gap_bridge.egg-info/SOURCES.txt'
[7.244s] writing manifest file 'follow_the_gap_bridge.egg-info/SOURCES.txt'
[7.445s] running build_ext
[7.445s] Creating /home/projects/ros2_ws/install/follow_the_gap_bridge/lib/python3.8/site-packages/follow-the-gap-bridge.egg-link (link to .)
[7.450s] Installing follow_the_gap_bridge script to /home/projects/ros2_ws/install/follow_the_gap_bridge/lib/follow_the_gap_bridge
[7.452s] 
[7.452s] Installed /home/projects/ros2_ws/build/follow_the_gap_bridge
[7.453s] running install_data
[7.585s] Invoked command in '/home/projects/ros2_ws/build/follow_the_gap_bridge' returned '0': PYTHONPATH=/home/projects/ros2_ws/install/follow_the_gap_bridge/lib/python3.8/site-packages:${PYTHONPATH} /usr/bin/python3 setup.py develop --prefix /home/projects/ros2_ws/install/follow_the_gap_bridge --editable --build-directory /home/projects/ros2_ws/build/follow_the_gap_bridge/build --no-deps install_data --install-dir /home/projects/ros2_ws/install/follow_the_gap_bridge
