-- The C compiler identification is GNU 9.3.0
-- The CXX compiler identification is GNU 9.3.0
-- Check for working C compiler: /usr/bin/cc
-- Check for working C compiler: /usr/bin/cc -- works
-- Detecting C compiler ABI info
-- Detecting C compiler ABI info - done
-- Detecting C compile features
-- Detecting C compile features - done
-- Check for working CXX compiler: /usr/bin/c++
-- Check for working CXX compiler: /usr/bin/c++ -- works
-- Detecting CXX compiler ABI info
-- Detecting CXX compiler ABI info - done
-- Detecting CXX compile features
-- Detecting CXX compile features - done
-- Found ament_cmake: 0.9.8 (/opt/ros/foxy/share/ament_cmake/cmake)
-- Found PythonInterp: /usr/bin/python3 (found suitable version "3.8.10", minimum required is "3") 
-- Using PYTHON_EXECUTABLE: /usr/bin/python3
-- Configuring done
-- Generating done
-- Build files have been written to: /home/projects/sensor_ws/src/gps/ublox/build/ublox_serialization
-- Install configuration: ""
-- Installing: /home/projects/sensor_ws/src/gps/ublox/install/ublox_serialization/include
-- Installing: /home/projects/sensor_ws/src/gps/ublox/install/ublox_serialization/include/ublox_serialization
-- Installing: /home/projects/sensor_ws/src/gps/ublox/install/ublox_serialization/include/ublox_serialization/serialization.hpp
-- Installing: /home/projects/sensor_ws/src/gps/ublox/install/ublox_serialization/include/ublox_serialization/checksum.hpp
-- Installing: /home/projects/sensor_ws/src/gps/ublox/install/ublox_serialization/share/ament_index/resource_index/package_run_dependencies/ublox_serialization
-- Installing: /home/projects/sensor_ws/src/gps/ublox/install/ublox_serialization/share/ament_index/resource_index/parent_prefix_path/ublox_serialization
-- Installing: /home/projects/sensor_ws/src/gps/ublox/install/ublox_serialization/share/ublox_serialization/environment/ament_prefix_path.sh
-- Installing: /home/projects/sensor_ws/src/gps/ublox/install/ublox_serialization/share/ublox_serialization/environment/ament_prefix_path.dsv
-- Installing: /home/projects/sensor_ws/src/gps/ublox/install/ublox_serialization/share/ublox_serialization/environment/path.sh
-- Installing: /home/projects/sensor_ws/src/gps/ublox/install/ublox_serialization/share/ublox_serialization/environment/path.dsv
-- Installing: /home/projects/sensor_ws/src/gps/ublox/install/ublox_serialization/share/ublox_serialization/local_setup.bash
-- Installing: /home/projects/sensor_ws/src/gps/ublox/install/ublox_serialization/share/ublox_serialization/local_setup.sh
-- Installing: /home/projects/sensor_ws/src/gps/ublox/install/ublox_serialization/share/ublox_serialization/local_setup.zsh
-- Installing: /home/projects/sensor_ws/src/gps/ublox/install/ublox_serialization/share/ublox_serialization/local_setup.dsv
-- Installing: /home/projects/sensor_ws/src/gps/ublox/install/ublox_serialization/share/ublox_serialization/package.dsv
-- Installing: /home/projects/sensor_ws/src/gps/ublox/install/ublox_serialization/share/ament_index/resource_index/packages/ublox_serialization
-- Installing: /home/projects/sensor_ws/src/gps/ublox/install/ublox_serialization/share/ublox_serialization/cmake/ament_cmake_export_include_directories-extras.cmake
-- Installing: /home/projects/sensor_ws/src/gps/ublox/install/ublox_serialization/share/ublox_serialization/cmake/ublox_serializationConfig.cmake
-- Installing: /home/projects/sensor_ws/src/gps/ublox/install/ublox_serialization/share/ublox_serialization/cmake/ublox_serializationConfig-version.cmake
-- Installing: /home/projects/sensor_ws/src/gps/ublox/install/ublox_serialization/share/ublox_serialization/package.xml
