-- The C compiler identification is GNU 9.3.0
-- The CXX compiler identification is GNU 9.3.0
-- Check for working C compiler: /usr/bin/cc
-- Check for working C compiler: /usr/bin/cc -- works
-- Detecting C compiler ABI info
-- Detecting C compiler ABI info - done
-- Detecting C compile features
-- Detecting C compile features - done
-- Check for working CXX compiler: /usr/bin/c++
-- Check for working CXX compiler: /usr/bin/c++ -- works
-- Detecting CXX compiler ABI info
-- Detecting CXX compiler ABI info - done
-- Detecting CXX compile features
-- Detecting CXX compile features - done
-- Found ament_cmake_ros: 0.9.2 (/opt/ros/foxy/share/ament_cmake_ros/cmake)
-- Found PythonInterp: /usr/bin/python3 (found suitable version "3.8.10", minimum required is "3") 
-- Using PYTHON_EXECUTABLE: /usr/bin/python3
-- Found asio: /usr/include  
-- Found diagnostic_msgs: 2.0.4 (/opt/ros/foxy/share/diagnostic_msgs/cmake)
-- Using all available rosidl_typesupport_c: rosidl_typesupport_fastrtps_c;rosidl_typesupport_introspection_c
-- Found rosidl_adapter: 1.2.1 (/opt/ros/foxy/share/rosidl_adapter/cmake)
-- Found OpenSSL: /usr/lib/aarch64-linux-gnu/libcrypto.so (found version "1.1.1f")  
-- Found FastRTPS: /opt/ros/foxy/include  
-- Using all available rosidl_typesupport_cpp: rosidl_typesupport_fastrtps_cpp;rosidl_typesupport_introspection_cpp
-- Found diagnostic_updater: 2.0.8 (/opt/ros/foxy/share/diagnostic_updater/cmake)
-- Found rmw_implementation_cmake: 1.0.3 (/opt/ros/foxy/share/rmw_implementation_cmake/cmake)
-- Using RMW implementation 'rmw_fastrtps_cpp' as default
-- Looking for pthread.h
-- Looking for pthread.h - found
-- Performing Test CMAKE_HAVE_LIBC_PTHREAD
-- Performing Test CMAKE_HAVE_LIBC_PTHREAD - Failed
-- Looking for pthread_create in pthreads
-- Looking for pthread_create in pthreads - not found
-- Looking for pthread_create in pthread
-- Looking for pthread_create in pthread - found
-- Found Threads: TRUE  
-- Found geometry_msgs: 2.0.4 (/opt/ros/foxy/share/geometry_msgs/cmake)
-- Found rclcpp_components: 2.3.1 (/opt/ros/foxy/share/rclcpp_components/cmake)
-- Found sensor_msgs: 2.0.4 (/opt/ros/foxy/share/sensor_msgs/cmake)
-- Found tf2: 0.13.10 (/opt/ros/foxy/share/tf2/cmake)
-- Found ublox_msgs: 2.0.0 (/home/projects/sensor_ws/src/gps/ublox/install/ublox_msgs/share/ublox_msgs/cmake)
-- Configuring done
-- Generating done
-- Build files have been written to: /home/projects/sensor_ws/src/gps/ublox/build/ublox_gps
Scanning dependencies of target ublox_logger_node
[  9%] Building CXX object CMakeFiles/ublox_logger_node.dir/src/raw_data_pa.cpp.o
[  9%] Building CXX object CMakeFiles/ublox_logger_node.dir/src/logger_node_pa.cpp.o
Scanning dependencies of target ublox_gps
[ 22%] Building CXX object CMakeFiles/ublox_gps.dir/src/gps.cpp.o
[ 22%] Building CXX object CMakeFiles/ublox_gps.dir/src/gnss.cpp.o
[ 22%] Building CXX object CMakeFiles/ublox_gps.dir/src/adr_udr_product.cpp.o
[ 27%] Building CXX object CMakeFiles/ublox_gps.dir/src/hp_pos_rec_product.cpp.o
[ 31%] Building CXX object CMakeFiles/ublox_gps.dir/src/hpg_ref_product.cpp.o
[ 36%] Building CXX object CMakeFiles/ublox_gps.dir/src/hpg_rov_product.cpp.o
[ 40%] Building C object CMakeFiles/ublox_gps.dir/src/mkgmtime.c.o
[ 45%] Building CXX object CMakeFiles/ublox_gps.dir/src/node.cpp.o
[ 50%] Building CXX object CMakeFiles/ublox_gps.dir/src/raw_data_pa.cpp.o
[ 54%] Building CXX object CMakeFiles/ublox_gps.dir/src/raw_data_product.cpp.o
[ 59%] Building CXX object CMakeFiles/ublox_gps.dir/src/tim_product.cpp.o
[ 63%] Building CXX object CMakeFiles/ublox_gps.dir/src/ublox_firmware.cpp.o
[ 68%] Building CXX object CMakeFiles/ublox_gps.dir/src/ublox_firmware6.cpp.o
[ 72%] Linking CXX executable ublox_logger
[ 72%] Built target ublox_logger_node
[ 77%] Building CXX object CMakeFiles/ublox_gps.dir/src/ublox_firmware7.cpp.o
[ 81%] Building CXX object CMakeFiles/ublox_gps.dir/src/ublox_firmware8.cpp.o
[ 86%] Building CXX object CMakeFiles/ublox_gps.dir/src/ublox_firmware9.cpp.o
[ 90%] Linking CXX shared library libublox_gps.so
[ 90%] Built target ublox_gps
Scanning dependencies of target ublox_gps_node
[ 95%] Building CXX object CMakeFiles/ublox_gps_node.dir/src/node_main.cpp.o
[100%] Linking CXX executable ublox_gps_node
[100%] Built target ublox_gps_node
-- Install configuration: ""
-- Installing: /home/projects/sensor_ws/src/gps/ublox/install/ublox_gps/lib/libublox_gps.so
-- Set runtime path of "/home/projects/sensor_ws/src/gps/ublox/install/ublox_gps/lib/libublox_gps.so" to ""
-- Installing: /home/projects/sensor_ws/src/gps/ublox/install/ublox_gps/lib/ublox_gps/ublox_gps_node
-- Set runtime path of "/home/projects/sensor_ws/src/gps/ublox/install/ublox_gps/lib/ublox_gps/ublox_gps_node" to ""
-- Installing: /home/projects/sensor_ws/src/gps/ublox/install/ublox_gps/lib/ublox_gps/ublox_logger
-- Set runtime path of "/home/projects/sensor_ws/src/gps/ublox/install/ublox_gps/lib/ublox_gps/ublox_logger" to ""
-- Installing: /home/projects/sensor_ws/src/gps/ublox/install/ublox_gps/include
-- Installing: /home/projects/sensor_ws/src/gps/ublox/install/ublox_gps/include/ublox_gps
-- Installing: /home/projects/sensor_ws/src/gps/ublox/install/ublox_gps/include/ublox_gps/ublox_topic_diagnostic.hpp
-- Installing: /home/projects/sensor_ws/src/gps/ublox/install/ublox_gps/include/ublox_gps/ublox_firmware9.hpp
-- Installing: /home/projects/sensor_ws/src/gps/ublox/install/ublox_gps/include/ublox_gps/utils.hpp
-- Installing: /home/projects/sensor_ws/src/gps/ublox/install/ublox_gps/include/ublox_gps/raw_data_pa.hpp
-- Installing: /home/projects/sensor_ws/src/gps/ublox/install/ublox_gps/include/ublox_gps/ublox_firmware.hpp
-- Installing: /home/projects/sensor_ws/src/gps/ublox/install/ublox_gps/include/ublox_gps/hp_pos_rec_product.hpp
-- Installing: /home/projects/sensor_ws/src/gps/ublox/install/ublox_gps/include/ublox_gps/callback.hpp
-- Installing: /home/projects/sensor_ws/src/gps/ublox/install/ublox_gps/include/ublox_gps/adr_udr_product.hpp
-- Installing: /home/projects/sensor_ws/src/gps/ublox/install/ublox_gps/include/ublox_gps/component_interface.hpp
-- Installing: /home/projects/sensor_ws/src/gps/ublox/install/ublox_gps/include/ublox_gps/fix_diagnostic.hpp
-- Installing: /home/projects/sensor_ws/src/gps/ublox/install/ublox_gps/include/ublox_gps/hpg_rov_product.hpp
-- Installing: /home/projects/sensor_ws/src/gps/ublox/install/ublox_gps/include/ublox_gps/ublox_firmware7plus.hpp
-- Installing: /home/projects/sensor_ws/src/gps/ublox/install/ublox_gps/include/ublox_gps/node.hpp
-- Installing: /home/projects/sensor_ws/src/gps/ublox/install/ublox_gps/include/ublox_gps/ublox_firmware6.hpp
-- Installing: /home/projects/sensor_ws/src/gps/ublox/install/ublox_gps/include/ublox_gps/ublox_firmware8.hpp
-- Installing: /home/projects/sensor_ws/src/gps/ublox/install/ublox_gps/include/ublox_gps/mkgmtime.h
-- Installing: /home/projects/sensor_ws/src/gps/ublox/install/ublox_gps/include/ublox_gps/ublox_firmware7.hpp
-- Installing: /home/projects/sensor_ws/src/gps/ublox/install/ublox_gps/include/ublox_gps/worker.hpp
-- Installing: /home/projects/sensor_ws/src/gps/ublox/install/ublox_gps/include/ublox_gps/fts_product.hpp
-- Installing: /home/projects/sensor_ws/src/gps/ublox/install/ublox_gps/include/ublox_gps/gnss.hpp
-- Installing: /home/projects/sensor_ws/src/gps/ublox/install/ublox_gps/include/ublox_gps/raw_data_product.hpp
-- Installing: /home/projects/sensor_ws/src/gps/ublox/install/ublox_gps/include/ublox_gps/hpg_ref_product.hpp
-- Installing: /home/projects/sensor_ws/src/gps/ublox/install/ublox_gps/include/ublox_gps/rtcm.hpp
-- Installing: /home/projects/sensor_ws/src/gps/ublox/install/ublox_gps/include/ublox_gps/async_worker.hpp
-- Installing: /home/projects/sensor_ws/src/gps/ublox/install/ublox_gps/include/ublox_gps/tim_product.hpp
-- Installing: /home/projects/sensor_ws/src/gps/ublox/install/ublox_gps/include/ublox_gps/gps.hpp
-- Installing: /home/projects/sensor_ws/src/gps/ublox/install/ublox_gps/share/ublox_gps/launch
-- Installing: /home/projects/sensor_ws/src/gps/ublox/install/ublox_gps/share/ublox_gps/launch/ublox_gps_node-launch.py
-- Installing: /home/projects/sensor_ws/src/gps/ublox/install/ublox_gps/share/ublox_gps/launch/ublox_gps_node-composed-launch.py
-- Installing: /home/projects/sensor_ws/src/gps/ublox/install/ublox_gps/share/ublox_gps/config
-- Installing: /home/projects/sensor_ws/src/gps/ublox/install/ublox_gps/share/ublox_gps/config/zed_f9p.yaml
-- Installing: /home/projects/sensor_ws/src/gps/ublox/install/ublox_gps/share/ublox_gps/config/c94_m8p_base.yaml
-- Installing: /home/projects/sensor_ws/src/gps/ublox/install/ublox_gps/share/ublox_gps/config/c94_m8t_rover.yaml
-- Installing: /home/projects/sensor_ws/src/gps/ublox/install/ublox_gps/share/ublox_gps/config/c94_m8p_rover.yaml
-- Installing: /home/projects/sensor_ws/src/gps/ublox/install/ublox_gps/share/ublox_gps/config/nmea.yaml
-- Installing: /home/projects/sensor_ws/src/gps/ublox/install/ublox_gps/share/ublox_gps/config/neo_m8u_rover.yaml
-- Installing: /home/projects/sensor_ws/src/gps/ublox/install/ublox_gps/share/ublox_gps/config/c94_m8t_base.yaml
-- Installing: /home/projects/sensor_ws/src/gps/ublox/install/ublox_gps/share/ament_index/resource_index/package_run_dependencies/ublox_gps
-- Installing: /home/projects/sensor_ws/src/gps/ublox/install/ublox_gps/share/ament_index/resource_index/parent_prefix_path/ublox_gps
-- Installing: /home/projects/sensor_ws/src/gps/ublox/install/ublox_gps/share/ublox_gps/environment/ament_prefix_path.sh
-- Installing: /home/projects/sensor_ws/src/gps/ublox/install/ublox_gps/share/ublox_gps/environment/ament_prefix_path.dsv
-- Installing: /home/projects/sensor_ws/src/gps/ublox/install/ublox_gps/share/ublox_gps/environment/path.sh
-- Installing: /home/projects/sensor_ws/src/gps/ublox/install/ublox_gps/share/ublox_gps/environment/path.dsv
-- Installing: /home/projects/sensor_ws/src/gps/ublox/install/ublox_gps/share/ublox_gps/local_setup.bash
-- Installing: /home/projects/sensor_ws/src/gps/ublox/install/ublox_gps/share/ublox_gps/local_setup.sh
-- Installing: /home/projects/sensor_ws/src/gps/ublox/install/ublox_gps/share/ublox_gps/local_setup.zsh
-- Installing: /home/projects/sensor_ws/src/gps/ublox/install/ublox_gps/share/ublox_gps/local_setup.dsv
-- Installing: /home/projects/sensor_ws/src/gps/ublox/install/ublox_gps/share/ublox_gps/package.dsv
-- Installing: /home/projects/sensor_ws/src/gps/ublox/install/ublox_gps/share/ament_index/resource_index/packages/ublox_gps
-- Installing: /home/projects/sensor_ws/src/gps/ublox/install/ublox_gps/share/ament_index/resource_index/rclcpp_components/ublox_gps
-- Installing: /home/projects/sensor_ws/src/gps/ublox/install/ublox_gps/share/ublox_gps/cmake/ublox_gpsConfig.cmake
-- Installing: /home/projects/sensor_ws/src/gps/ublox/install/ublox_gps/share/ublox_gps/cmake/ublox_gpsConfig-version.cmake
-- Installing: /home/projects/sensor_ws/src/gps/ublox/install/ublox_gps/share/ublox_gps/package.xml
