[0.041s] Invoking command in '/home/projects/sensor_ws/src/gps/ublox/build/ublox_gps': AMENT_PREFIX_PATH=/home/projects/sensor_ws/src/gps/ublox/install/ublox_msgs:/home/projects/sensor_ws/src/gps/ublox/install/ublox_serialization:${AMENT_PREFIX_PATH} CMAKE_PREFIX_PATH=/home/projects/sensor_ws/src/gps/ublox/install/ublox_msgs:/home/projects/sensor_ws/src/gps/ublox/install/ublox_serialization:/opt/ros/foxy LD_LIBRARY_PATH=/home/projects/sensor_ws/src/gps/ublox/install/ublox_msgs/lib:${LD_LIBRARY_PATH} PYTHONPATH=/home/projects/sensor_ws/src/gps/ublox/install/ublox_msgs/lib/python3.8/site-packages:${PYTHONPATH} /usr/bin/cmake /home/projects/sensor_ws/src/gps/ublox/src/ublox/ublox_gps -DCMAKE_INSTALL_PREFIX=/home/projects/sensor_ws/src/gps/ublox/install/ublox_gps
[0.196s] -- The C compiler identification is GNU 9.3.0
[0.351s] -- The CXX compiler identification is GNU 9.3.0
[0.364s] -- Check for working C compiler: /usr/bin/cc
[0.551s] -- Check for working C compiler: /usr/bin/cc -- works
[0.553s] -- Detecting C compiler ABI info
[0.738s] -- Detecting C compiler ABI info - done
[0.774s] -- Detecting C compile features
[0.774s] -- Detecting C compile features - done
[0.782s] -- Check for working CXX compiler: /usr/bin/c++
[0.983s] -- Check for working CXX compiler: /usr/bin/c++ -- works
[0.986s] -- Detecting CXX compiler ABI info
[1.181s] -- Detecting CXX compiler ABI info - done
[1.218s] -- Detecting CXX compile features
[1.219s] -- Detecting CXX compile features - done
[1.227s] -- Found ament_cmake_ros: 0.9.2 (/opt/ros/foxy/share/ament_cmake_ros/cmake)
[1.313s] -- Found PythonInterp: /usr/bin/python3 (found suitable version "3.8.10", minimum required is "3") 
[1.313s] -- Using PYTHON_EXECUTABLE: /usr/bin/python3
[1.818s] -- Found asio: /usr/include  
[1.822s] -- Found diagnostic_msgs: 2.0.4 (/opt/ros/foxy/share/diagnostic_msgs/cmake)
[1.899s] -- Using all available rosidl_typesupport_c: rosidl_typesupport_fastrtps_c;rosidl_typesupport_introspection_c
[1.917s] -- Found rosidl_adapter: 1.2.1 (/opt/ros/foxy/share/rosidl_adapter/cmake)
[2.123s] -- Found OpenSSL: /usr/lib/aarch64-linux-gnu/libcrypto.so (found version "1.1.1f")  
[2.209s] -- Found FastRTPS: /opt/ros/foxy/include  
[2.412s] -- Using all available rosidl_typesupport_cpp: rosidl_typesupport_fastrtps_cpp;rosidl_typesupport_introspection_cpp
[2.632s] -- Found diagnostic_updater: 2.0.8 (/opt/ros/foxy/share/diagnostic_updater/cmake)
[2.760s] -- Found rmw_implementation_cmake: 1.0.3 (/opt/ros/foxy/share/rmw_implementation_cmake/cmake)
[2.764s] -- Using RMW implementation 'rmw_fastrtps_cpp' as default
[2.767s] -- Looking for pthread.h
[2.946s] -- Looking for pthread.h - found
[2.948s] -- Performing Test CMAKE_HAVE_LIBC_PTHREAD
[3.132s] -- Performing Test CMAKE_HAVE_LIBC_PTHREAD - Failed
[3.133s] -- Looking for pthread_create in pthreads
[3.288s] -- Looking for pthread_create in pthreads - not found
[3.291s] -- Looking for pthread_create in pthread
[3.474s] -- Looking for pthread_create in pthread - found
[3.475s] -- Found Threads: TRUE  
[3.860s] -- Found geometry_msgs: 2.0.4 (/opt/ros/foxy/share/geometry_msgs/cmake)
[3.941s] -- Found rclcpp_components: 2.3.1 (/opt/ros/foxy/share/rclcpp_components/cmake)
[4.082s] -- Found sensor_msgs: 2.0.4 (/opt/ros/foxy/share/sensor_msgs/cmake)
[4.245s] -- Found tf2: 0.13.10 (/opt/ros/foxy/share/tf2/cmake)
[4.271s] -- Found ublox_msgs: 2.0.0 (/home/projects/sensor_ws/src/gps/ublox/install/ublox_msgs/share/ublox_msgs/cmake)
[4.783s] -- Configuring done
[4.890s] -- Generating done
[4.894s] -- Build files have been written to: /home/projects/sensor_ws/src/gps/ublox/build/ublox_gps
[4.917s] Invoked command in '/home/projects/sensor_ws/src/gps/ublox/build/ublox_gps' returned '0': AMENT_PREFIX_PATH=/home/projects/sensor_ws/src/gps/ublox/install/ublox_msgs:/home/projects/sensor_ws/src/gps/ublox/install/ublox_serialization:${AMENT_PREFIX_PATH} CMAKE_PREFIX_PATH=/home/projects/sensor_ws/src/gps/ublox/install/ublox_msgs:/home/projects/sensor_ws/src/gps/ublox/install/ublox_serialization:/opt/ros/foxy LD_LIBRARY_PATH=/home/projects/sensor_ws/src/gps/ublox/install/ublox_msgs/lib:${LD_LIBRARY_PATH} PYTHONPATH=/home/projects/sensor_ws/src/gps/ublox/install/ublox_msgs/lib/python3.8/site-packages:${PYTHONPATH} /usr/bin/cmake /home/projects/sensor_ws/src/gps/ublox/src/ublox/ublox_gps -DCMAKE_INSTALL_PREFIX=/home/projects/sensor_ws/src/gps/ublox/install/ublox_gps
[4.920s] Invoking command in '/home/projects/sensor_ws/src/gps/ublox/build/ublox_gps': AMENT_PREFIX_PATH=/home/projects/sensor_ws/src/gps/ublox/install/ublox_msgs:/home/projects/sensor_ws/src/gps/ublox/install/ublox_serialization:${AMENT_PREFIX_PATH} CMAKE_PREFIX_PATH=/home/projects/sensor_ws/src/gps/ublox/install/ublox_msgs:/home/projects/sensor_ws/src/gps/ublox/install/ublox_serialization:/opt/ros/foxy LD_LIBRARY_PATH=/home/projects/sensor_ws/src/gps/ublox/install/ublox_msgs/lib:${LD_LIBRARY_PATH} PYTHONPATH=/home/projects/sensor_ws/src/gps/ublox/install/ublox_msgs/lib/python3.8/site-packages:${PYTHONPATH} /usr/bin/cmake --build /home/projects/sensor_ws/src/gps/ublox/build/ublox_gps -- -j8 -l8
[5.092s] Scanning dependencies of target ublox_logger_node
[5.128s] [  9%] Building CXX object CMakeFiles/ublox_logger_node.dir/src/raw_data_pa.cpp.o
[5.129s] [  9%] Building CXX object CMakeFiles/ublox_logger_node.dir/src/logger_node_pa.cpp.o
[5.316s] Scanning dependencies of target ublox_gps
[5.416s] [ 22%] Building CXX object CMakeFiles/ublox_gps.dir/src/gps.cpp.o
[5.417s] [ 22%] Building CXX object CMakeFiles/ublox_gps.dir/src/gnss.cpp.o
[5.418s] [ 22%] Building CXX object CMakeFiles/ublox_gps.dir/src/adr_udr_product.cpp.o
[5.419s] [ 27%] Building CXX object CMakeFiles/ublox_gps.dir/src/hp_pos_rec_product.cpp.o
[5.438s] [ 31%] Building CXX object CMakeFiles/ublox_gps.dir/src/hpg_ref_product.cpp.o
[5.444s] [ 36%] Building CXX object CMakeFiles/ublox_gps.dir/src/hpg_rov_product.cpp.o
[6.219s] [ 40%] Building C object CMakeFiles/ublox_gps.dir/src/mkgmtime.c.o
[6.312s] [ 45%] Building CXX object CMakeFiles/ublox_gps.dir/src/node.cpp.o
[10.122s] [ 50%] Building CXX object CMakeFiles/ublox_gps.dir/src/raw_data_pa.cpp.o
[19.917s] [ 54%] Building CXX object CMakeFiles/ublox_gps.dir/src/raw_data_product.cpp.o
[20.065s] [ 59%] Building CXX object CMakeFiles/ublox_gps.dir/src/tim_product.cpp.o
[20.813s] [ 63%] Building CXX object CMakeFiles/ublox_gps.dir/src/ublox_firmware.cpp.o
[20.990s] [ 68%] Building CXX object CMakeFiles/ublox_gps.dir/src/ublox_firmware6.cpp.o
[21.129s] [ 72%] Linking CXX executable ublox_logger
[21.799s] [ 72%] Built target ublox_logger_node
[21.829s] [ 77%] Building CXX object CMakeFiles/ublox_gps.dir/src/ublox_firmware7.cpp.o
[26.753s] [ 81%] Building CXX object CMakeFiles/ublox_gps.dir/src/ublox_firmware8.cpp.o
[29.726s] [ 86%] Building CXX object CMakeFiles/ublox_gps.dir/src/ublox_firmware9.cpp.o
[49.406s] [ 90%] Linking CXX shared library libublox_gps.so
[54.307s] [ 90%] Built target ublox_gps
[54.443s] Scanning dependencies of target ublox_gps_node
[54.493s] [ 95%] Building CXX object CMakeFiles/ublox_gps_node.dir/src/node_main.cpp.o
[61.941s] [100%] Linking CXX executable ublox_gps_node
[63.403s] [100%] Built target ublox_gps_node
[63.435s] Invoked command in '/home/projects/sensor_ws/src/gps/ublox/build/ublox_gps' returned '0': AMENT_PREFIX_PATH=/home/projects/sensor_ws/src/gps/ublox/install/ublox_msgs:/home/projects/sensor_ws/src/gps/ublox/install/ublox_serialization:${AMENT_PREFIX_PATH} CMAKE_PREFIX_PATH=/home/projects/sensor_ws/src/gps/ublox/install/ublox_msgs:/home/projects/sensor_ws/src/gps/ublox/install/ublox_serialization:/opt/ros/foxy LD_LIBRARY_PATH=/home/projects/sensor_ws/src/gps/ublox/install/ublox_msgs/lib:${LD_LIBRARY_PATH} PYTHONPATH=/home/projects/sensor_ws/src/gps/ublox/install/ublox_msgs/lib/python3.8/site-packages:${PYTHONPATH} /usr/bin/cmake --build /home/projects/sensor_ws/src/gps/ublox/build/ublox_gps -- -j8 -l8
[63.709s] Invoking command in '/home/projects/sensor_ws/src/gps/ublox/build/ublox_gps': AMENT_PREFIX_PATH=/home/projects/sensor_ws/src/gps/ublox/install/ublox_msgs:/home/projects/sensor_ws/src/gps/ublox/install/ublox_serialization:${AMENT_PREFIX_PATH} CMAKE_PREFIX_PATH=/home/projects/sensor_ws/src/gps/ublox/install/ublox_msgs:/home/projects/sensor_ws/src/gps/ublox/install/ublox_serialization:/opt/ros/foxy LD_LIBRARY_PATH=/home/projects/sensor_ws/src/gps/ublox/install/ublox_msgs/lib:${LD_LIBRARY_PATH} PYTHONPATH=/home/projects/sensor_ws/src/gps/ublox/install/ublox_msgs/lib/python3.8/site-packages:${PYTHONPATH} /usr/bin/cmake --install /home/projects/sensor_ws/src/gps/ublox/build/ublox_gps
[63.735s] -- Install configuration: ""
[63.736s] -- Installing: /home/projects/sensor_ws/src/gps/ublox/install/ublox_gps/lib/libublox_gps.so
[63.814s] -- Set runtime path of "/home/projects/sensor_ws/src/gps/ublox/install/ublox_gps/lib/libublox_gps.so" to ""
[63.814s] -- Installing: /home/projects/sensor_ws/src/gps/ublox/install/ublox_gps/lib/ublox_gps/ublox_gps_node
[63.815s] -- Set runtime path of "/home/projects/sensor_ws/src/gps/ublox/install/ublox_gps/lib/ublox_gps/ublox_gps_node" to ""
[63.816s] -- Installing: /home/projects/sensor_ws/src/gps/ublox/install/ublox_gps/lib/ublox_gps/ublox_logger
[63.823s] -- Set runtime path of "/home/projects/sensor_ws/src/gps/ublox/install/ublox_gps/lib/ublox_gps/ublox_logger" to ""
[63.823s] -- Installing: /home/projects/sensor_ws/src/gps/ublox/install/ublox_gps/include
[63.823s] -- Installing: /home/projects/sensor_ws/src/gps/ublox/install/ublox_gps/include/ublox_gps
[63.824s] -- Installing: /home/projects/sensor_ws/src/gps/ublox/install/ublox_gps/include/ublox_gps/ublox_topic_diagnostic.hpp
[63.824s] -- Installing: /home/projects/sensor_ws/src/gps/ublox/install/ublox_gps/include/ublox_gps/ublox_firmware9.hpp
[63.824s] -- Installing: /home/projects/sensor_ws/src/gps/ublox/install/ublox_gps/include/ublox_gps/utils.hpp
[63.825s] -- Installing: /home/projects/sensor_ws/src/gps/ublox/install/ublox_gps/include/ublox_gps/raw_data_pa.hpp
[63.825s] -- Installing: /home/projects/sensor_ws/src/gps/ublox/install/ublox_gps/include/ublox_gps/ublox_firmware.hpp
[63.826s] -- Installing: /home/projects/sensor_ws/src/gps/ublox/install/ublox_gps/include/ublox_gps/hp_pos_rec_product.hpp
[63.826s] -- Installing: /home/projects/sensor_ws/src/gps/ublox/install/ublox_gps/include/ublox_gps/callback.hpp
[63.826s] -- Installing: /home/projects/sensor_ws/src/gps/ublox/install/ublox_gps/include/ublox_gps/adr_udr_product.hpp
[63.826s] -- Installing: /home/projects/sensor_ws/src/gps/ublox/install/ublox_gps/include/ublox_gps/component_interface.hpp
[63.826s] -- Installing: /home/projects/sensor_ws/src/gps/ublox/install/ublox_gps/include/ublox_gps/fix_diagnostic.hpp
[63.827s] -- Installing: /home/projects/sensor_ws/src/gps/ublox/install/ublox_gps/include/ublox_gps/hpg_rov_product.hpp
[63.827s] -- Installing: /home/projects/sensor_ws/src/gps/ublox/install/ublox_gps/include/ublox_gps/ublox_firmware7plus.hpp
[63.828s] -- Installing: /home/projects/sensor_ws/src/gps/ublox/install/ublox_gps/include/ublox_gps/node.hpp
[63.828s] -- Installing: /home/projects/sensor_ws/src/gps/ublox/install/ublox_gps/include/ublox_gps/ublox_firmware6.hpp
[63.828s] -- Installing: /home/projects/sensor_ws/src/gps/ublox/install/ublox_gps/include/ublox_gps/ublox_firmware8.hpp
[63.828s] -- Installing: /home/projects/sensor_ws/src/gps/ublox/install/ublox_gps/include/ublox_gps/mkgmtime.h
[63.829s] -- Installing: /home/projects/sensor_ws/src/gps/ublox/install/ublox_gps/include/ublox_gps/ublox_firmware7.hpp
[63.829s] -- Installing: /home/projects/sensor_ws/src/gps/ublox/install/ublox_gps/include/ublox_gps/worker.hpp
[63.829s] -- Installing: /home/projects/sensor_ws/src/gps/ublox/install/ublox_gps/include/ublox_gps/fts_product.hpp
[63.829s] -- Installing: /home/projects/sensor_ws/src/gps/ublox/install/ublox_gps/include/ublox_gps/gnss.hpp
[63.830s] -- Installing: /home/projects/sensor_ws/src/gps/ublox/install/ublox_gps/include/ublox_gps/raw_data_product.hpp
[63.830s] -- Installing: /home/projects/sensor_ws/src/gps/ublox/install/ublox_gps/include/ublox_gps/hpg_ref_product.hpp
[63.830s] -- Installing: /home/projects/sensor_ws/src/gps/ublox/install/ublox_gps/include/ublox_gps/rtcm.hpp
[63.831s] -- Installing: /home/projects/sensor_ws/src/gps/ublox/install/ublox_gps/include/ublox_gps/async_worker.hpp
[63.831s] -- Installing: /home/projects/sensor_ws/src/gps/ublox/install/ublox_gps/include/ublox_gps/tim_product.hpp
[63.831s] -- Installing: /home/projects/sensor_ws/src/gps/ublox/install/ublox_gps/include/ublox_gps/gps.hpp
[63.831s] -- Installing: /home/projects/sensor_ws/src/gps/ublox/install/ublox_gps/share/ublox_gps/launch
[63.831s] -- Installing: /home/projects/sensor_ws/src/gps/ublox/install/ublox_gps/share/ublox_gps/launch/ublox_gps_node-launch.py
[63.832s] -- Installing: /home/projects/sensor_ws/src/gps/ublox/install/ublox_gps/share/ublox_gps/launch/ublox_gps_node-composed-launch.py
[63.832s] -- Installing: /home/projects/sensor_ws/src/gps/ublox/install/ublox_gps/share/ublox_gps/config
[63.833s] -- Installing: /home/projects/sensor_ws/src/gps/ublox/install/ublox_gps/share/ublox_gps/config/zed_f9p.yaml
[63.833s] -- Installing: /home/projects/sensor_ws/src/gps/ublox/install/ublox_gps/share/ublox_gps/config/c94_m8p_base.yaml
[63.834s] -- Installing: /home/projects/sensor_ws/src/gps/ublox/install/ublox_gps/share/ublox_gps/config/c94_m8t_rover.yaml
[63.834s] -- Installing: /home/projects/sensor_ws/src/gps/ublox/install/ublox_gps/share/ublox_gps/config/c94_m8p_rover.yaml
[63.834s] -- Installing: /home/projects/sensor_ws/src/gps/ublox/install/ublox_gps/share/ublox_gps/config/nmea.yaml
[63.835s] -- Installing: /home/projects/sensor_ws/src/gps/ublox/install/ublox_gps/share/ublox_gps/config/neo_m8u_rover.yaml
[63.835s] -- Installing: /home/projects/sensor_ws/src/gps/ublox/install/ublox_gps/share/ublox_gps/config/c94_m8t_base.yaml
[63.836s] -- Installing: /home/projects/sensor_ws/src/gps/ublox/install/ublox_gps/share/ament_index/resource_index/package_run_dependencies/ublox_gps
[63.836s] -- Installing: /home/projects/sensor_ws/src/gps/ublox/install/ublox_gps/share/ament_index/resource_index/parent_prefix_path/ublox_gps
[63.837s] -- Installing: /home/projects/sensor_ws/src/gps/ublox/install/ublox_gps/share/ublox_gps/environment/ament_prefix_path.sh
[63.837s] -- Installing: /home/projects/sensor_ws/src/gps/ublox/install/ublox_gps/share/ublox_gps/environment/ament_prefix_path.dsv
[63.837s] -- Installing: /home/projects/sensor_ws/src/gps/ublox/install/ublox_gps/share/ublox_gps/environment/path.sh
[63.838s] -- Installing: /home/projects/sensor_ws/src/gps/ublox/install/ublox_gps/share/ublox_gps/environment/path.dsv
[63.838s] -- Installing: /home/projects/sensor_ws/src/gps/ublox/install/ublox_gps/share/ublox_gps/local_setup.bash
[63.839s] -- Installing: /home/projects/sensor_ws/src/gps/ublox/install/ublox_gps/share/ublox_gps/local_setup.sh
[63.839s] -- Installing: /home/projects/sensor_ws/src/gps/ublox/install/ublox_gps/share/ublox_gps/local_setup.zsh
[63.839s] -- Installing: /home/projects/sensor_ws/src/gps/ublox/install/ublox_gps/share/ublox_gps/local_setup.dsv
[63.839s] -- Installing: /home/projects/sensor_ws/src/gps/ublox/install/ublox_gps/share/ublox_gps/package.dsv
[63.840s] -- Installing: /home/projects/sensor_ws/src/gps/ublox/install/ublox_gps/share/ament_index/resource_index/packages/ublox_gps
[63.840s] -- Installing: /home/projects/sensor_ws/src/gps/ublox/install/ublox_gps/share/ament_index/resource_index/rclcpp_components/ublox_gps
[63.840s] -- Installing: /home/projects/sensor_ws/src/gps/ublox/install/ublox_gps/share/ublox_gps/cmake/ublox_gpsConfig.cmake
[63.840s] -- Installing: /home/projects/sensor_ws/src/gps/ublox/install/ublox_gps/share/ublox_gps/cmake/ublox_gpsConfig-version.cmake
[63.840s] -- Installing: /home/projects/sensor_ws/src/gps/ublox/install/ublox_gps/share/ublox_gps/package.xml
[63.847s] Invoked command in '/home/projects/sensor_ws/src/gps/ublox/build/ublox_gps' returned '0': AMENT_PREFIX_PATH=/home/projects/sensor_ws/src/gps/ublox/install/ublox_msgs:/home/projects/sensor_ws/src/gps/ublox/install/ublox_serialization:${AMENT_PREFIX_PATH} CMAKE_PREFIX_PATH=/home/projects/sensor_ws/src/gps/ublox/install/ublox_msgs:/home/projects/sensor_ws/src/gps/ublox/install/ublox_serialization:/opt/ros/foxy LD_LIBRARY_PATH=/home/projects/sensor_ws/src/gps/ublox/install/ublox_msgs/lib:${LD_LIBRARY_PATH} PYTHONPATH=/home/projects/sensor_ws/src/gps/ublox/install/ublox_msgs/lib/python3.8/site-packages:${PYTHONPATH} /usr/bin/cmake --install /home/projects/sensor_ws/src/gps/ublox/build/ublox_gps
