-- The C compiler identification is GNU 9.3.0
-- The CXX compiler identification is GNU 9.3.0
-- Check for working C compiler: /usr/bin/cc
-- Check for working C compiler: /usr/bin/cc -- works
-- Detecting C compiler ABI info
-- Detecting C compiler ABI info - done
-- Detecting C compile features
-- Detecting C compile features - done
-- Check for working CXX compiler: /usr/bin/c++
-- Check for working CXX compiler: /usr/bin/c++ -- works
-- Detecting CXX compiler ABI info
-- Detecting CXX compiler ABI info - done
-- Detecting CXX compile features
-- Detecting CXX compile features - done
-- Found ament_cmake: 0.9.8 (/opt/ros/foxy/share/ament_cmake/cmake)
-- Found PythonInterp: /usr/bin/python3 (found suitable version "3.8.10", minimum required is "3") 
-- Using PYTHON_EXECUTABLE: /usr/bin/python3
-- Configuring done
-- Generating done
-- Build files have been written to: /home/projects/sensor_ws/src/lidars/livox/build/livox_sdk_vendor
Scanning dependencies of target livox-sdk-v2.3.0
[ 12%] Creating directories for 'livox-sdk-v2.3.0'
[ 25%] Performing download step (git clone) for 'livox-sdk-v2.3.0'
Cloning into 'livox-sdk-v2.3.0'...
Note: switching to 'v2.3.0'.

You are in 'detached HEAD' state. You can look around, make experimental
changes and commit them, and you can discard any commits you make in this
state without impacting any branches by switching back to a branch.

If you want to create a new branch to retain commits you create, you may
do so (now or later) by using -c with the switch command. Example:

  git switch -c <new-branch-name>

Or undo this operation with:

  git switch -

Turn off this advice by setting config variable advice.detachedHead to false

HEAD is now at 7cf759a remove dependency on APR library
[ 50%] Performing update step for 'livox-sdk-v2.3.0'
[ 50%] No patch step for 'livox-sdk-v2.3.0'
[ 62%] Performing configure step for 'livox-sdk-v2.3.0'
-- The C compiler identification is GNU 9.3.0
-- The CXX compiler identification is GNU 9.3.0
-- Check for working C compiler: /usr/bin/cc
-- Check for working C compiler: /usr/bin/cc -- works
-- Detecting C compiler ABI info
-- Detecting C compiler ABI info - done
-- Detecting C compile features
-- Detecting C compile features - done
-- Check for working CXX compiler: /usr/bin/c++
-- Check for working CXX compiler: /usr/bin/c++ -- works
-- Detecting CXX compiler ABI info
-- Detecting CXX compiler ABI info - done
-- Detecting CXX compile features
-- Detecting CXX compile features - done
-- main project dir: /home/projects/sensor_ws/src/lidars/livox/build/livox_sdk_vendor/livox-sdk-v2.3.0-prefix/src/livox-sdk-v2.3.0
-- Configuring done
-- Generating done
-- Build files have been written to: /home/projects/sensor_ws/src/lidars/livox/build/livox_sdk_vendor/livox-sdk-v2.3.0-prefix/src/livox-sdk-v2.3.0-build
[ 75%] Performing build step for 'livox-sdk-v2.3.0'
Scanning dependencies of target livox_sdk_static
[  2%] Building CXX object sdk_core/CMakeFiles/livox_sdk_static.dir/src/third_party/FastCRC/FastCRCsw.cpp.o
[  4%] Building CXX object sdk_core/CMakeFiles/livox_sdk_static.dir/src/base/io_loop.cpp.o
[  6%] Building CXX object sdk_core/CMakeFiles/livox_sdk_static.dir/src/base/io_thread.cpp.o
[  8%] Building CXX object sdk_core/CMakeFiles/livox_sdk_static.dir/src/base/thread_base.cpp.o
[ 10%] Building CXX object sdk_core/CMakeFiles/livox_sdk_static.dir/src/base/logging.cpp.o
[ 12%] Building CXX object sdk_core/CMakeFiles/livox_sdk_static.dir/src/base/network/unix/network_util.cpp.o
[ 14%] Building CXX object sdk_core/CMakeFiles/livox_sdk_static.dir/src/livox_sdk.cpp.o
[ 16%] Building CXX object sdk_core/CMakeFiles/livox_sdk_static.dir/src/device_discovery.cpp.o
[ 18%] Building CXX object sdk_core/CMakeFiles/livox_sdk_static.dir/src/device_manager.cpp.o
[ 20%] Building CXX object sdk_core/CMakeFiles/livox_sdk_static.dir/src/comm/comm_port.cpp.o
[ 22%] Building CXX object sdk_core/CMakeFiles/livox_sdk_static.dir/src/comm/sdk_protocol.cpp.o
[ 25%] Building CXX object sdk_core/CMakeFiles/livox_sdk_static.dir/src/data_handler/data_handler.cpp.o
[ 27%] Building CXX object sdk_core/CMakeFiles/livox_sdk_static.dir/src/data_handler/hub_data_handler.cpp.o
[ 29%] Building CXX object sdk_core/CMakeFiles/livox_sdk_static.dir/src/data_handler/lidar_data_handler.cpp.o
[ 31%] Building CXX object sdk_core/CMakeFiles/livox_sdk_static.dir/src/command_handler/command_handler.cpp.o
[ 33%] Building CXX object sdk_core/CMakeFiles/livox_sdk_static.dir/src/command_handler/command_channel.cpp.o
[ 35%] Building CXX object sdk_core/CMakeFiles/livox_sdk_static.dir/src/command_handler/hub_command_handler.cpp.o
[ 37%] Building CXX object sdk_core/CMakeFiles/livox_sdk_static.dir/src/command_handler/lidar_command_handler.cpp.o
[ 39%] Building CXX object sdk_core/CMakeFiles/livox_sdk_static.dir/src/command_handler/command_impl.cpp.o
[ 41%] Building CXX object sdk_core/CMakeFiles/livox_sdk_static.dir/src/base/multiple_io/multiple_io_base.cpp.o
[ 43%] Building CXX object sdk_core/CMakeFiles/livox_sdk_static.dir/src/base/multiple_io/multiple_io_epoll.cpp.o
[ 45%] Building CXX object sdk_core/CMakeFiles/livox_sdk_static.dir/src/base/multiple_io/multiple_io_poll.cpp.o
[ 47%] Building CXX object sdk_core/CMakeFiles/livox_sdk_static.dir/src/base/multiple_io/multiple_io_select.cpp.o
[ 50%] Building CXX object sdk_core/CMakeFiles/livox_sdk_static.dir/src/base/multiple_io/multiple_io_kqueue.cpp.o
[ 52%] Building CXX object sdk_core/CMakeFiles/livox_sdk_static.dir/src/base/wake_up/unix/wake_up_pipe.cpp.o
[ 54%] Linking CXX static library liblivox_sdk_static.a
[ 54%] Built target livox_sdk_static
Scanning dependencies of target hub_sample
Scanning dependencies of target lidar_sample
Scanning dependencies of target hub_lvx_sample
Scanning dependencies of target hub_sample_cc
Scanning dependencies of target lidar_sample_cc
Scanning dependencies of target trouble_shooting
Scanning dependencies of target lidar_lvx_sample
Scanning dependencies of target lidar_utc_sync
[ 56%] Building C object sample/lidar/CMakeFiles/lidar_sample.dir/main.c.o
[ 58%] Building CXX object sample/hub_lvx_file/CMakeFiles/hub_lvx_sample.dir/main.cpp.o
[ 60%] Building CXX object sample_cc/hub/CMakeFiles/hub_sample_cc.dir/lds_hub.cpp.o
[ 62%] Building CXX object sample_cc/trouble_shooting/CMakeFiles/trouble_shooting.dir/main.cpp.o
[ 64%] Building CXX object sample/lidar_lvx_file/CMakeFiles/lidar_lvx_sample.dir/main.cpp.o
[ 66%] Building CXX object sample_cc/lidar/CMakeFiles/lidar_sample_cc.dir/main.cpp.o
[ 68%] Building CXX object sample_cc/lidar_utc_sync/CMakeFiles/lidar_utc_sync.dir/main.cpp.o
[ 70%] Building C object sample/hub/CMakeFiles/hub_sample.dir/main.c.o
[ 72%] Linking CXX executable lidar_sample
[ 75%] Linking CXX executable hub_sample
[ 77%] Linking CXX executable trouble_shooting
[ 79%] Building CXX object sample_cc/hub/CMakeFiles/hub_sample_cc.dir/main.cpp.o
[ 79%] Built target lidar_sample
[ 81%] Building CXX object sample/hub_lvx_file/CMakeFiles/hub_lvx_sample.dir/lvx_file.cpp.o
[ 81%] Built target hub_sample
[ 83%] Building CXX object sample_cc/lidar_utc_sync/CMakeFiles/lidar_utc_sync.dir/lds_lidar.cpp.o
[ 83%] Built target trouble_shooting
[ 85%] Building CXX object sample_cc/lidar_utc_sync/CMakeFiles/lidar_utc_sync.dir/synchro.cpp.o
[ 87%] Building CXX object sample_cc/lidar/CMakeFiles/lidar_sample_cc.dir/lds_lidar.cpp.o
[ 89%] Building CXX object sample/lidar_lvx_file/CMakeFiles/lidar_lvx_sample.dir/lvx_file.cpp.o
[ 91%] Linking CXX executable hub_lvx_sample
[ 93%] Linking CXX executable lidar_sample_cc
[ 95%] Linking CXX executable hub_sample_cc
[ 97%] Linking CXX executable lidar_utc_sync
[ 97%] Built target hub_lvx_sample
[ 97%] Built target lidar_sample_cc
[100%] Linking CXX executable lidar_lvx_sample
[100%] Built target hub_sample_cc
[100%] Built target lidar_utc_sync
[100%] Built target lidar_lvx_sample
[ 87%] Performing install step for 'livox-sdk-v2.3.0'
[ 54%] Built target livox_sdk_static
[ 60%] Built target lidar_sample_cc
[ 66%] Built target hub_lvx_sample
[ 75%] Built target lidar_sample
[ 83%] Built target lidar_utc_sync
[ 75%] Built target trouble_shooting
[ 87%] Built target hub_sample
[ 93%] Built target hub_sample_cc
[100%] Built target lidar_lvx_sample
Install the project...
-- Install configuration: ""
-- Installing: /home/projects/sensor_ws/src/lidars/livox/build/livox_sdk_vendor/livox-sdk_install/lib/liblivox_sdk_static.a
-- Installing: /home/projects/sensor_ws/src/lidars/livox/build/livox_sdk_vendor/livox-sdk_install/include/livox_def.h
-- Installing: /home/projects/sensor_ws/src/lidars/livox/build/livox_sdk_vendor/livox-sdk_install/include/livox_sdk.h
[100%] Completed 'livox-sdk-v2.3.0'
[100%] Built target livox-sdk-v2.3.0
-- Install configuration: ""
-- Installing: /home/projects/sensor_ws/src/lidars/livox/install/livox_sdk_vendor
-- Installing: /home/projects/sensor_ws/src/lidars/livox/install/livox_sdk_vendor/lib
-- Installing: /home/projects/sensor_ws/src/lidars/livox/install/livox_sdk_vendor/lib/liblivox_sdk_static.a
-- Installing: /home/projects/sensor_ws/src/lidars/livox/install/livox_sdk_vendor/include
-- Installing: /home/projects/sensor_ws/src/lidars/livox/install/livox_sdk_vendor/include/livox_sdk.h
-- Installing: /home/projects/sensor_ws/src/lidars/livox/install/livox_sdk_vendor/include/livox_def.h
-- Installing: /home/projects/sensor_ws/src/lidars/livox/install/livox_sdk_vendor/share/livox_sdk_vendor/cmake
-- Installing: /home/projects/sensor_ws/src/lidars/livox/install/livox_sdk_vendor/share/livox_sdk_vendor/cmake/Modules
-- Installing: /home/projects/sensor_ws/src/lidars/livox/install/livox_sdk_vendor/share/livox_sdk_vendor/cmake/Modules/Findlivox_sdk.cmake
-- Installing: /home/projects/sensor_ws/src/lidars/livox/install/livox_sdk_vendor/share/ament_index/resource_index/package_run_dependencies/livox_sdk_vendor
-- Installing: /home/projects/sensor_ws/src/lidars/livox/install/livox_sdk_vendor/share/ament_index/resource_index/parent_prefix_path/livox_sdk_vendor
-- Installing: /home/projects/sensor_ws/src/lidars/livox/install/livox_sdk_vendor/share/livox_sdk_vendor/environment/ament_prefix_path.sh
-- Installing: /home/projects/sensor_ws/src/lidars/livox/install/livox_sdk_vendor/share/livox_sdk_vendor/environment/ament_prefix_path.dsv
-- Installing: /home/projects/sensor_ws/src/lidars/livox/install/livox_sdk_vendor/share/livox_sdk_vendor/environment/path.sh
-- Installing: /home/projects/sensor_ws/src/lidars/livox/install/livox_sdk_vendor/share/livox_sdk_vendor/environment/path.dsv
-- Installing: /home/projects/sensor_ws/src/lidars/livox/install/livox_sdk_vendor/share/livox_sdk_vendor/local_setup.bash
-- Installing: /home/projects/sensor_ws/src/lidars/livox/install/livox_sdk_vendor/share/livox_sdk_vendor/local_setup.sh
-- Installing: /home/projects/sensor_ws/src/lidars/livox/install/livox_sdk_vendor/share/livox_sdk_vendor/local_setup.zsh
-- Installing: /home/projects/sensor_ws/src/lidars/livox/install/livox_sdk_vendor/share/livox_sdk_vendor/local_setup.dsv
-- Installing: /home/projects/sensor_ws/src/lidars/livox/install/livox_sdk_vendor/share/livox_sdk_vendor/package.dsv
-- Installing: /home/projects/sensor_ws/src/lidars/livox/install/livox_sdk_vendor/share/ament_index/resource_index/packages/livox_sdk_vendor
-- Installing: /home/projects/sensor_ws/src/lidars/livox/install/livox_sdk_vendor/share/livox_sdk_vendor/cmake/livox_sdk_vendor-extras.cmake
-- Installing: /home/projects/sensor_ws/src/lidars/livox/install/livox_sdk_vendor/share/livox_sdk_vendor/cmake/livox_sdk_vendorConfig.cmake
-- Installing: /home/projects/sensor_ws/src/lidars/livox/install/livox_sdk_vendor/share/livox_sdk_vendor/cmake/livox_sdk_vendorConfig-version.cmake
-- Installing: /home/projects/sensor_ws/src/lidars/livox/install/livox_sdk_vendor/share/livox_sdk_vendor/package.xml
