[0.041s] Invoking command in '/home/projects/sensor_ws/src/lidars/livox/build/livox_sdk_vendor': CMAKE_PREFIX_PATH=/opt/ros/foxy /usr/bin/cmake /home/projects/sensor_ws/src/lidars/livox/src/livox_ros2_driver/livox_sdk_vendor -DCMAKE_INSTALL_PREFIX=/home/projects/sensor_ws/src/lidars/livox/install/livox_sdk_vendor
[0.202s] -- The C compiler identification is GNU 9.3.0
[0.360s] -- The CXX compiler identification is GNU 9.3.0
[0.377s] -- Check for working C compiler: /usr/bin/cc
[0.566s] -- Check for working C compiler: /usr/bin/cc -- works
[0.569s] -- Detecting C compiler ABI info
[0.754s] -- Detecting C compiler ABI info - done
[0.798s] -- Detecting C compile features
[0.799s] -- Detecting C compile features - done
[0.809s] -- Check for working CXX compiler: /usr/bin/c++
[1.008s] -- Check for working CXX compiler: /usr/bin/c++ -- works
[1.010s] -- Detecting CXX compiler ABI info
[1.213s] -- Detecting CXX compiler ABI info - done
[1.256s] -- Detecting CXX compile features
[1.257s] -- Detecting CXX compile features - done
[1.264s] -- Found ament_cmake: 0.9.8 (/opt/ros/foxy/share/ament_cmake/cmake)
[1.334s] -- Found PythonInterp: /usr/bin/python3 (found suitable version "3.8.10", minimum required is "3") 
[1.334s] -- Using PYTHON_EXECUTABLE: /usr/bin/python3
[2.154s] -- Configuring done
[2.165s] -- Generating done
[2.168s] -- Build files have been written to: /home/projects/sensor_ws/src/lidars/livox/build/livox_sdk_vendor
[2.182s] Invoked command in '/home/projects/sensor_ws/src/lidars/livox/build/livox_sdk_vendor' returned '0': CMAKE_PREFIX_PATH=/opt/ros/foxy /usr/bin/cmake /home/projects/sensor_ws/src/lidars/livox/src/livox_ros2_driver/livox_sdk_vendor -DCMAKE_INSTALL_PREFIX=/home/projects/sensor_ws/src/lidars/livox/install/livox_sdk_vendor
[2.186s] Invoking command in '/home/projects/sensor_ws/src/lidars/livox/build/livox_sdk_vendor': CMAKE_PREFIX_PATH=/opt/ros/foxy /usr/bin/cmake --build /home/projects/sensor_ws/src/lidars/livox/build/livox_sdk_vendor -- -j8 -l8
[2.283s] Scanning dependencies of target livox-sdk-v2.3.0
[2.307s] [ 12%] Creating directories for 'livox-sdk-v2.3.0'
[2.465s] [ 25%] Performing download step (git clone) for 'livox-sdk-v2.3.0'
[2.508s] Cloning into 'livox-sdk-v2.3.0'...
[5.637s] Note: switching to 'v2.3.0'.
[5.638s] 
[5.638s] You are in 'detached HEAD' state. You can look around, make experimental
[5.638s] changes and commit them, and you can discard any commits you make in this
[5.639s] state without impacting any branches by switching back to a branch.
[5.639s] 
[5.639s] If you want to create a new branch to retain commits you create, you may
[5.639s] do so (now or later) by using -c with the switch command. Example:
[5.640s] 
[5.640s]   git switch -c <new-branch-name>
[5.640s] 
[5.640s] Or undo this operation with:
[5.640s] 
[5.641s]   git switch -
[5.641s] 
[5.641s] Turn off this advice by setting config variable advice.detachedHead to false
[5.641s] 
[5.642s] HEAD is now at 7cf759a remove dependency on APR library
[5.758s] [ 50%] Performing update step for 'livox-sdk-v2.3.0'
[5.759s] [ 50%] No patch step for 'livox-sdk-v2.3.0'
[5.815s] [ 62%] Performing configure step for 'livox-sdk-v2.3.0'
[6.007s] -- The C compiler identification is GNU 9.3.0
[6.189s] -- The CXX compiler identification is GNU 9.3.0
[6.210s] -- Check for working C compiler: /usr/bin/cc
[6.393s] -- Check for working C compiler: /usr/bin/cc -- works
[6.394s] -- Detecting C compiler ABI info
[6.578s] -- Detecting C compiler ABI info - done
[6.615s] -- Detecting C compile features
[6.616s] -- Detecting C compile features - done
[6.629s] -- Check for working CXX compiler: /usr/bin/c++
[6.834s] -- Check for working CXX compiler: /usr/bin/c++ -- works
[6.834s] -- Detecting CXX compiler ABI info
[7.030s] -- Detecting CXX compiler ABI info - done
[7.083s] -- Detecting CXX compile features
[7.085s] -- Detecting CXX compile features - done
[7.091s] -- main project dir: /home/projects/sensor_ws/src/lidars/livox/build/livox_sdk_vendor/livox-sdk-v2.3.0-prefix/src/livox-sdk-v2.3.0
[7.111s] -- Configuring done
[7.201s] -- Generating done
[7.209s] -- Build files have been written to: /home/projects/sensor_ws/src/lidars/livox/build/livox_sdk_vendor/livox-sdk-v2.3.0-prefix/src/livox-sdk-v2.3.0-build
[7.277s] [ 75%] Performing build step for 'livox-sdk-v2.3.0'
[7.570s] Scanning dependencies of target livox_sdk_static
[7.646s] [  2%] Building CXX object sdk_core/CMakeFiles/livox_sdk_static.dir/src/third_party/FastCRC/FastCRCsw.cpp.o
[7.669s] [  4%] Building CXX object sdk_core/CMakeFiles/livox_sdk_static.dir/src/base/io_loop.cpp.o
[7.706s] [  6%] Building CXX object sdk_core/CMakeFiles/livox_sdk_static.dir/src/base/io_thread.cpp.o
[7.711s] [  8%] Building CXX object sdk_core/CMakeFiles/livox_sdk_static.dir/src/base/thread_base.cpp.o
[7.733s] [ 10%] Building CXX object sdk_core/CMakeFiles/livox_sdk_static.dir/src/base/logging.cpp.o
[7.751s] [ 12%] Building CXX object sdk_core/CMakeFiles/livox_sdk_static.dir/src/base/network/unix/network_util.cpp.o
[7.825s] [ 14%] Building CXX object sdk_core/CMakeFiles/livox_sdk_static.dir/src/livox_sdk.cpp.o
[7.872s] [ 16%] Building CXX object sdk_core/CMakeFiles/livox_sdk_static.dir/src/device_discovery.cpp.o
[8.181s] [ 18%] Building CXX object sdk_core/CMakeFiles/livox_sdk_static.dir/src/device_manager.cpp.o
[8.822s] [ 20%] Building CXX object sdk_core/CMakeFiles/livox_sdk_static.dir/src/comm/comm_port.cpp.o
[9.589s] [ 22%] Building CXX object sdk_core/CMakeFiles/livox_sdk_static.dir/src/comm/sdk_protocol.cpp.o
[9.856s] [ 25%] Building CXX object sdk_core/CMakeFiles/livox_sdk_static.dir/src/data_handler/data_handler.cpp.o
[9.880s] [ 27%] Building CXX object sdk_core/CMakeFiles/livox_sdk_static.dir/src/data_handler/hub_data_handler.cpp.o
[10.227s] [ 29%] Building CXX object sdk_core/CMakeFiles/livox_sdk_static.dir/src/data_handler/lidar_data_handler.cpp.o
[12.717s] [ 31%] Building CXX object sdk_core/CMakeFiles/livox_sdk_static.dir/src/command_handler/command_handler.cpp.o
[17.561s] [ 33%] Building CXX object sdk_core/CMakeFiles/livox_sdk_static.dir/src/command_handler/command_channel.cpp.o
[18.060s] [ 35%] Building CXX object sdk_core/CMakeFiles/livox_sdk_static.dir/src/command_handler/hub_command_handler.cpp.o
[18.758s] [ 37%] Building CXX object sdk_core/CMakeFiles/livox_sdk_static.dir/src/command_handler/lidar_command_handler.cpp.o
[19.077s] [ 39%] Building CXX object sdk_core/CMakeFiles/livox_sdk_static.dir/src/command_handler/command_impl.cpp.o
[19.238s] [ 41%] Building CXX object sdk_core/CMakeFiles/livox_sdk_static.dir/src/base/multiple_io/multiple_io_base.cpp.o
[19.481s] [ 43%] Building CXX object sdk_core/CMakeFiles/livox_sdk_static.dir/src/base/multiple_io/multiple_io_epoll.cpp.o
[20.285s] [ 45%] Building CXX object sdk_core/CMakeFiles/livox_sdk_static.dir/src/base/multiple_io/multiple_io_poll.cpp.o
[20.763s] [ 47%] Building CXX object sdk_core/CMakeFiles/livox_sdk_static.dir/src/base/multiple_io/multiple_io_select.cpp.o
[21.061s] [ 50%] Building CXX object sdk_core/CMakeFiles/livox_sdk_static.dir/src/base/multiple_io/multiple_io_kqueue.cpp.o
[21.294s] [ 52%] Building CXX object sdk_core/CMakeFiles/livox_sdk_static.dir/src/base/wake_up/unix/wake_up_pipe.cpp.o
[26.545s] [ 54%] Linking CXX static library liblivox_sdk_static.a
[26.953s] [ 54%] Built target livox_sdk_static
[26.984s] Scanning dependencies of target hub_sample
[26.986s] Scanning dependencies of target lidar_sample
[26.988s] Scanning dependencies of target hub_lvx_sample
[26.988s] Scanning dependencies of target hub_sample_cc
[26.992s] Scanning dependencies of target lidar_sample_cc
[26.992s] Scanning dependencies of target trouble_shooting
[26.993s] Scanning dependencies of target lidar_lvx_sample
[26.993s] Scanning dependencies of target lidar_utc_sync
[27.014s] [ 56%] Building C object sample/lidar/CMakeFiles/lidar_sample.dir/main.c.o
[27.016s] [ 58%] Building CXX object sample/hub_lvx_file/CMakeFiles/hub_lvx_sample.dir/main.cpp.o
[27.020s] [ 60%] Building CXX object sample_cc/hub/CMakeFiles/hub_sample_cc.dir/lds_hub.cpp.o
[27.020s] [ 62%] Building CXX object sample_cc/trouble_shooting/CMakeFiles/trouble_shooting.dir/main.cpp.o
[27.023s] [ 64%] Building CXX object sample/lidar_lvx_file/CMakeFiles/lidar_lvx_sample.dir/main.cpp.o
[27.023s] [ 66%] Building CXX object sample_cc/lidar/CMakeFiles/lidar_sample_cc.dir/main.cpp.o
[27.024s] [ 68%] Building CXX object sample_cc/lidar_utc_sync/CMakeFiles/lidar_utc_sync.dir/main.cpp.o
[27.026s] [ 70%] Building C object sample/hub/CMakeFiles/hub_sample.dir/main.c.o
[27.190s] [ 72%] Linking CXX executable lidar_sample
[27.198s] [ 75%] Linking CXX executable hub_sample
[28.010s] [ 77%] Linking CXX executable trouble_shooting
[28.114s] [ 79%] Building CXX object sample_cc/hub/CMakeFiles/hub_sample_cc.dir/main.cpp.o
[28.354s] [ 79%] Built target lidar_sample
[28.383s] [ 81%] Building CXX object sample/hub_lvx_file/CMakeFiles/hub_lvx_sample.dir/lvx_file.cpp.o
[28.395s] [ 81%] Built target hub_sample
[28.432s] [ 83%] Building CXX object sample_cc/lidar_utc_sync/CMakeFiles/lidar_utc_sync.dir/lds_lidar.cpp.o
[29.181s] [ 83%] Built target trouble_shooting
[29.206s] [ 85%] Building CXX object sample_cc/lidar_utc_sync/CMakeFiles/lidar_utc_sync.dir/synchro.cpp.o
[29.610s] [ 87%] Building CXX object sample_cc/lidar/CMakeFiles/lidar_sample_cc.dir/lds_lidar.cpp.o
[29.621s] [ 89%] Building CXX object sample/lidar_lvx_file/CMakeFiles/lidar_lvx_sample.dir/lvx_file.cpp.o
[30.349s] [ 91%] Linking CXX executable hub_lvx_sample
[30.630s] [ 93%] Linking CXX executable lidar_sample_cc
[30.669s] [ 95%] Linking CXX executable hub_sample_cc
[30.773s] [ 97%] Linking CXX executable lidar_utc_sync
[31.412s] [ 97%] Built target hub_lvx_sample
[31.660s] [ 97%] Built target lidar_sample_cc
[31.685s] [100%] Linking CXX executable lidar_lvx_sample
[31.686s] [100%] Built target hub_sample_cc
[31.802s] [100%] Built target lidar_utc_sync
[32.569s] [100%] Built target lidar_lvx_sample
[32.629s] [ 87%] Performing install step for 'livox-sdk-v2.3.0'
[32.754s] [ 54%] Built target livox_sdk_static
[32.809s] [ 60%] Built target lidar_sample_cc
[32.809s] [ 66%] Built target hub_lvx_sample
[32.810s] [ 75%] Built target lidar_sample
[32.810s] [ 83%] Built target lidar_utc_sync
[32.811s] [ 75%] Built target trouble_shooting
[32.813s] [ 87%] Built target hub_sample
[32.823s] [ 93%] Built target hub_sample_cc
[32.827s] [100%] Built target lidar_lvx_sample
[32.869s] Install the project...
[32.889s] -- Install configuration: ""
[32.890s] -- Installing: /home/projects/sensor_ws/src/lidars/livox/build/livox_sdk_vendor/livox-sdk_install/lib/liblivox_sdk_static.a
[32.941s] -- Installing: /home/projects/sensor_ws/src/lidars/livox/build/livox_sdk_vendor/livox-sdk_install/include/livox_def.h
[32.942s] -- Installing: /home/projects/sensor_ws/src/lidars/livox/build/livox_sdk_vendor/livox-sdk_install/include/livox_sdk.h
[32.987s] [100%] Completed 'livox-sdk-v2.3.0'
[33.068s] [100%] Built target livox-sdk-v2.3.0
[33.097s] Invoked command in '/home/projects/sensor_ws/src/lidars/livox/build/livox_sdk_vendor' returned '0': CMAKE_PREFIX_PATH=/opt/ros/foxy /usr/bin/cmake --build /home/projects/sensor_ws/src/lidars/livox/build/livox_sdk_vendor -- -j8 -l8
[33.178s] Invoking command in '/home/projects/sensor_ws/src/lidars/livox/build/livox_sdk_vendor': CMAKE_PREFIX_PATH=/opt/ros/foxy /usr/bin/cmake --install /home/projects/sensor_ws/src/lidars/livox/build/livox_sdk_vendor
[33.199s] -- Install configuration: ""
[33.199s] -- Installing: /home/projects/sensor_ws/src/lidars/livox/install/livox_sdk_vendor
[33.199s] -- Installing: /home/projects/sensor_ws/src/lidars/livox/install/livox_sdk_vendor/lib
[33.200s] -- Installing: /home/projects/sensor_ws/src/lidars/livox/install/livox_sdk_vendor/lib/liblivox_sdk_static.a
[33.247s] -- Installing: /home/projects/sensor_ws/src/lidars/livox/install/livox_sdk_vendor/include
[33.248s] -- Installing: /home/projects/sensor_ws/src/lidars/livox/install/livox_sdk_vendor/include/livox_sdk.h
[33.249s] -- Installing: /home/projects/sensor_ws/src/lidars/livox/install/livox_sdk_vendor/include/livox_def.h
[33.249s] -- Installing: /home/projects/sensor_ws/src/lidars/livox/install/livox_sdk_vendor/share/livox_sdk_vendor/cmake
[33.249s] -- Installing: /home/projects/sensor_ws/src/lidars/livox/install/livox_sdk_vendor/share/livox_sdk_vendor/cmake/Modules
[33.250s] -- Installing: /home/projects/sensor_ws/src/lidars/livox/install/livox_sdk_vendor/share/livox_sdk_vendor/cmake/Modules/Findlivox_sdk.cmake
[33.250s] -- Installing: /home/projects/sensor_ws/src/lidars/livox/install/livox_sdk_vendor/share/ament_index/resource_index/package_run_dependencies/livox_sdk_vendor
[33.251s] -- Installing: /home/projects/sensor_ws/src/lidars/livox/install/livox_sdk_vendor/share/ament_index/resource_index/parent_prefix_path/livox_sdk_vendor
[33.251s] -- Installing: /home/projects/sensor_ws/src/lidars/livox/install/livox_sdk_vendor/share/livox_sdk_vendor/environment/ament_prefix_path.sh
[33.252s] -- Installing: /home/projects/sensor_ws/src/lidars/livox/install/livox_sdk_vendor/share/livox_sdk_vendor/environment/ament_prefix_path.dsv
[33.252s] -- Installing: /home/projects/sensor_ws/src/lidars/livox/install/livox_sdk_vendor/share/livox_sdk_vendor/environment/path.sh
[33.253s] -- Installing: /home/projects/sensor_ws/src/lidars/livox/install/livox_sdk_vendor/share/livox_sdk_vendor/environment/path.dsv
[33.254s] -- Installing: /home/projects/sensor_ws/src/lidars/livox/install/livox_sdk_vendor/share/livox_sdk_vendor/local_setup.bash
[33.254s] -- Installing: /home/projects/sensor_ws/src/lidars/livox/install/livox_sdk_vendor/share/livox_sdk_vendor/local_setup.sh
[33.254s] -- Installing: /home/projects/sensor_ws/src/lidars/livox/install/livox_sdk_vendor/share/livox_sdk_vendor/local_setup.zsh
[33.255s] -- Installing: /home/projects/sensor_ws/src/lidars/livox/install/livox_sdk_vendor/share/livox_sdk_vendor/local_setup.dsv
[33.255s] -- Installing: /home/projects/sensor_ws/src/lidars/livox/install/livox_sdk_vendor/share/livox_sdk_vendor/package.dsv
[33.256s] -- Installing: /home/projects/sensor_ws/src/lidars/livox/install/livox_sdk_vendor/share/ament_index/resource_index/packages/livox_sdk_vendor
[33.256s] -- Installing: /home/projects/sensor_ws/src/lidars/livox/install/livox_sdk_vendor/share/livox_sdk_vendor/cmake/livox_sdk_vendor-extras.cmake
[33.256s] -- Installing: /home/projects/sensor_ws/src/lidars/livox/install/livox_sdk_vendor/share/livox_sdk_vendor/cmake/livox_sdk_vendorConfig.cmake
[33.256s] -- Installing: /home/projects/sensor_ws/src/lidars/livox/install/livox_sdk_vendor/share/livox_sdk_vendor/cmake/livox_sdk_vendorConfig-version.cmake
[33.257s] -- Installing: /home/projects/sensor_ws/src/lidars/livox/install/livox_sdk_vendor/share/livox_sdk_vendor/package.xml
[33.264s] Invoked command in '/home/projects/sensor_ws/src/lidars/livox/build/livox_sdk_vendor' returned '0': CMAKE_PREFIX_PATH=/opt/ros/foxy /usr/bin/cmake --install /home/projects/sensor_ws/src/lidars/livox/build/livox_sdk_vendor
