[0.042s] Invoking command in '/home/projects/sensor_ws/src/lidars/ld06/build/ldlidar': CMAKE_PREFIX_PATH=/opt/ros/foxy /usr/bin/cmake /home/projects/sensor_ws/src/lidars/ld06/src/ldlidar -DCMAKE_INSTALL_PREFIX=/home/projects/sensor_ws/src/lidars/ld06/install/ldlidar
[0.203s] -- The C compiler identification is GNU 9.3.0
[0.350s] -- The CXX compiler identification is GNU 9.3.0
[0.361s] -- Check for working C compiler: /usr/bin/cc
[0.538s] -- Check for working C compiler: /usr/bin/cc -- works
[0.540s] -- Detecting C compiler ABI info
[0.720s] -- Detecting C compiler ABI info - done
[0.754s] -- Detecting C compile features
[0.754s] -- Detecting C compile features - done
[0.761s] -- Check for working CXX compiler: /usr/bin/c++
[0.945s] -- Check for working CXX compiler: /usr/bin/c++ -- works
[0.947s] -- Detecting CXX compiler ABI info
[1.142s] -- Detecting CXX compiler ABI info - done
[1.183s] -- Detecting CXX compile features
[1.188s] -- Detecting CXX compile features - done
[1.195s] -- Found ament_cmake: 0.9.8 (/opt/ros/foxy/share/ament_cmake/cmake)
[1.255s] -- Found PythonInterp: /usr/bin/python3 (found suitable version "3.8.10", minimum required is "3") 
[1.255s] -- Using PYTHON_EXECUTABLE: /usr/bin/python3
[1.735s] -- Found rclcpp: 2.3.1 (/opt/ros/foxy/share/rclcpp/cmake)
[1.844s] -- Using all available rosidl_typesupport_c: rosidl_typesupport_fastrtps_c;rosidl_typesupport_introspection_c
[1.863s] -- Found rosidl_adapter: 1.2.1 (/opt/ros/foxy/share/rosidl_adapter/cmake)
[2.084s] -- Found OpenSSL: /usr/lib/aarch64-linux-gnu/libcrypto.so (found version "1.1.1f")  
[2.164s] -- Found FastRTPS: /opt/ros/foxy/include  
[2.362s] -- Using all available rosidl_typesupport_cpp: rosidl_typesupport_fastrtps_cpp;rosidl_typesupport_introspection_cpp
[2.505s] -- Found rmw_implementation_cmake: 1.0.3 (/opt/ros/foxy/share/rmw_implementation_cmake/cmake)
[2.508s] -- Using RMW implementation 'rmw_fastrtps_cpp' as default
[2.510s] -- Looking for pthread.h
[2.694s] -- Looking for pthread.h - found
[2.694s] -- Performing Test CMAKE_HAVE_LIBC_PTHREAD
[2.901s] -- Performing Test CMAKE_HAVE_LIBC_PTHREAD - Failed
[2.901s] -- Looking for pthread_create in pthreads
[3.057s] -- Looking for pthread_create in pthreads - not found
[3.058s] -- Looking for pthread_create in pthread
[3.253s] -- Looking for pthread_create in pthread - found
[3.255s] -- Found Threads: TRUE  
[3.638s] -- Found sensor_msgs: 2.0.4 (/opt/ros/foxy/share/sensor_msgs/cmake)
[4.080s] -- Configuring done
[4.106s] -- Generating done
[4.110s] -- Build files have been written to: /home/projects/sensor_ws/src/lidars/ld06/build/ldlidar
[4.130s] Invoked command in '/home/projects/sensor_ws/src/lidars/ld06/build/ldlidar' returned '0': CMAKE_PREFIX_PATH=/opt/ros/foxy /usr/bin/cmake /home/projects/sensor_ws/src/lidars/ld06/src/ldlidar -DCMAKE_INSTALL_PREFIX=/home/projects/sensor_ws/src/lidars/ld06/install/ldlidar
[4.135s] Invoking command in '/home/projects/sensor_ws/src/lidars/ld06/build/ldlidar': CMAKE_PREFIX_PATH=/opt/ros/foxy /usr/bin/cmake --build /home/projects/sensor_ws/src/lidars/ld06/build/ldlidar -- -j8 -l8
[4.307s] Scanning dependencies of target ldlidar
[4.340s] [ 16%] Building CXX object CMakeFiles/ldlidar.dir/src/cmd_interface_linux.cpp.o
[4.353s] [ 33%] Building CXX object CMakeFiles/ldlidar.dir/src/ldlidar.cpp.o
[4.354s] [ 50%] Building CXX object CMakeFiles/ldlidar.dir/src/ldlidar_node.cpp.o
[4.354s] [ 66%] Building CXX object CMakeFiles/ldlidar.dir/src/tofbf.cpp.o
[4.355s] [ 83%] Building CXX object CMakeFiles/ldlidar.dir/src/lipkg.cpp.o
[7.042s] /home/projects/sensor_ws/src/lidars/ld06/src/ldlidar/src/lipkg.cpp: In member function ‘void LiPkg::ToLaserscan(std::vector<PointData>)’:
[7.042s] /home/projects/sensor_ws/src/lidars/ld06/src/ldlidar/src/lipkg.cpp:258:29: warning: comparison of integer expressions of different signedness: ‘int’ and ‘unsigned int’ [-Wsign-compare]
[7.043s]   258 |     if (index >= 0 && index < beam_size_)
[7.043s]       |                       ~~~~~~^~~~~~~~~~~~
[12.107s] [100%] Linking CXX executable ldlidar
[12.514s] [100%] Built target ldlidar
[12.539s] Invoked command in '/home/projects/sensor_ws/src/lidars/ld06/build/ldlidar' returned '0': CMAKE_PREFIX_PATH=/opt/ros/foxy /usr/bin/cmake --build /home/projects/sensor_ws/src/lidars/ld06/build/ldlidar -- -j8 -l8
[12.695s] Invoking command in '/home/projects/sensor_ws/src/lidars/ld06/build/ldlidar': CMAKE_PREFIX_PATH=/opt/ros/foxy /usr/bin/cmake --install /home/projects/sensor_ws/src/lidars/ld06/build/ldlidar
[12.724s] -- Install configuration: ""
[12.725s] -- Installing: /home/projects/sensor_ws/src/lidars/ld06/install/ldlidar/lib/ldlidar/ldlidar
[12.729s] -- Set runtime path of "/home/projects/sensor_ws/src/lidars/ld06/install/ldlidar/lib/ldlidar/ldlidar" to ""
[12.729s] -- Installing: /home/projects/sensor_ws/src/lidars/ld06/install/ldlidar/share/ldlidar/launch
[12.730s] -- Installing: /home/projects/sensor_ws/src/lidars/ld06/install/ldlidar/share/ldlidar/launch/ldlidar.launch.py
[12.730s] -- Installing: /home/projects/sensor_ws/src/lidars/ld06/install/ldlidar/share/ldlidar/rviz
[12.730s] -- Installing: /home/projects/sensor_ws/src/lidars/ld06/install/ldlidar/share/ldlidar/rviz/ldlidar.rviz
[12.731s] -- Installing: /home/projects/sensor_ws/src/lidars/ld06/install/ldlidar/share/ament_index/resource_index/package_run_dependencies/ldlidar
[12.731s] -- Installing: /home/projects/sensor_ws/src/lidars/ld06/install/ldlidar/share/ament_index/resource_index/parent_prefix_path/ldlidar
[12.732s] -- Installing: /home/projects/sensor_ws/src/lidars/ld06/install/ldlidar/share/ldlidar/environment/ament_prefix_path.sh
[12.732s] -- Installing: /home/projects/sensor_ws/src/lidars/ld06/install/ldlidar/share/ldlidar/environment/ament_prefix_path.dsv
[12.732s] -- Installing: /home/projects/sensor_ws/src/lidars/ld06/install/ldlidar/share/ldlidar/environment/path.sh
[12.733s] -- Installing: /home/projects/sensor_ws/src/lidars/ld06/install/ldlidar/share/ldlidar/environment/path.dsv
[12.733s] -- Installing: /home/projects/sensor_ws/src/lidars/ld06/install/ldlidar/share/ldlidar/local_setup.bash
[12.734s] -- Installing: /home/projects/sensor_ws/src/lidars/ld06/install/ldlidar/share/ldlidar/local_setup.sh
[12.734s] -- Installing: /home/projects/sensor_ws/src/lidars/ld06/install/ldlidar/share/ldlidar/local_setup.zsh
[12.734s] -- Installing: /home/projects/sensor_ws/src/lidars/ld06/install/ldlidar/share/ldlidar/local_setup.dsv
[12.735s] -- Installing: /home/projects/sensor_ws/src/lidars/ld06/install/ldlidar/share/ldlidar/package.dsv
[12.735s] -- Installing: /home/projects/sensor_ws/src/lidars/ld06/install/ldlidar/share/ament_index/resource_index/packages/ldlidar
[12.735s] -- Installing: /home/projects/sensor_ws/src/lidars/ld06/install/ldlidar/share/ldlidar/cmake/ldlidarConfig.cmake
[12.736s] -- Installing: /home/projects/sensor_ws/src/lidars/ld06/install/ldlidar/share/ldlidar/cmake/ldlidarConfig-version.cmake
[12.736s] -- Installing: /home/projects/sensor_ws/src/lidars/ld06/install/ldlidar/share/ldlidar/package.xml
[12.742s] Invoked command in '/home/projects/sensor_ws/src/lidars/ld06/build/ldlidar' returned '0': CMAKE_PREFIX_PATH=/opt/ros/foxy /usr/bin/cmake --install /home/projects/sensor_ws/src/lidars/ld06/build/ldlidar
