[4.359s] Invoking command in '/home/projects/ros2_ws/build/follow_the_gap_bridge': PYTHONPATH=/home/projects/ros2_ws/install/follow_the_gap_bridge/lib/python3.8/site-packages:${PYTHONPATH} /usr/bin/python3 setup.py develop --prefix /home/projects/ros2_ws/install/follow_the_gap_bridge --editable --build-directory /home/projects/ros2_ws/build/follow_the_gap_bridge/build --no-deps install_data --install-dir /home/projects/ros2_ws/install/follow_the_gap_bridge
[5.870s] /usr/local/lib/python3.8/dist-packages/setuptools/dist.py:717: UserWarning: Usage of dash-separated 'script-dir' will not be supported in future versions. Please use the underscore name 'script_dir' instead
[5.871s]   warnings.warn(
[5.871s] /usr/local/lib/python3.8/dist-packages/setuptools/dist.py:717: UserWarning: Usage of dash-separated 'install-scripts' will not be supported in future versions. Please use the underscore name 'install_scripts' instead
[5.872s]   warnings.warn(
[6.089s] running develop
[7.060s] running egg_info
[7.061s] writing follow_the_gap_bridge.egg-info/PKG-INFO
[7.062s] writing dependency_links to follow_the_gap_bridge.egg-info/dependency_links.txt
[7.063s] writing entry points to follow_the_gap_bridge.egg-info/entry_points.txt
[7.064s] writing requirements to follow_the_gap_bridge.egg-info/requires.txt
[7.064s] writing top-level names to follow_the_gap_bridge.egg-info/top_level.txt
[7.078s] reading manifest file 'follow_the_gap_bridge.egg-info/SOURCES.txt'
[7.082s] writing manifest file 'follow_the_gap_bridge.egg-info/SOURCES.txt'
[7.277s] running build_ext
[7.278s] Creating /home/projects/ros2_ws/install/follow_the_gap_bridge/lib/python3.8/site-packages/follow-the-gap-bridge.egg-link (link to .)
[7.282s] Installing follow_the_gap_bridge script to /home/projects/ros2_ws/install/follow_the_gap_bridge/lib/follow_the_gap_bridge
[7.284s] 
[7.284s] Installed /home/projects/ros2_ws/build/follow_the_gap_bridge
[7.285s] running install_data
[7.413s] Invoked command in '/home/projects/ros2_ws/build/follow_the_gap_bridge' returned '0': PYTHONPATH=/home/projects/ros2_ws/install/follow_the_gap_bridge/lib/python3.8/site-packages:${PYTHONPATH} /usr/bin/python3 setup.py develop --prefix /home/projects/ros2_ws/install/follow_the_gap_bridge --editable --build-directory /home/projects/ros2_ws/build/follow_the_gap_bridge/build --no-deps install_data --install-dir /home/projects/ros2_ws/install/follow_the_gap_bridge
